{"C:\\Users\\DEFCON1\\Desktop\\Cloud Cowork Ordner\\Projekte\\Bundesliga Match Analyzer\\Bundesliga Match Analyzer\\mobile\\App.tsx": {"path":"C:\\Users\\DEFCON1\\Desktop\\Cloud Cowork Ordner\\Projekte\\Bundesliga Match Analyzer\\Bundesliga Match Analyzer\\mobile\\App.tsx","statementMap":{"0":{"start":{"line":8,"column":2},"end":{"line":16,"column":3}}},"fnMap":{"0":{"name":"App","decl":{"start":{"line":7,"column":24},"end":{"line":7,"column":27}},"loc":{"start":{"line":7,"column":30},"end":{"line":17,"column":1}},"line":7}},"branchMap":{},"s":{"0":0},"f":{"0":0},"b":{},"_coverageSchema":"1a1c01bbd47fc00a2c39e90264f33305004495a9","hash":"f1393b60fc5e2fca38e81bcc91512f84454c1ae6"}
,"C:\\Users\\DEFCON1\\Desktop\\Cloud Cowork Ordner\\Projekte\\Bundesliga Match Analyzer\\Bundesliga Match Analyzer\\mobile\\src\\_layout.tsx": {"path":"C:\\Users\\DEFCON1\\Desktop\\Cloud Cowork Ordner\\Projekte\\Bundesliga Match Analyzer\\Bundesliga Match Analyzer\\mobile\\src\\_layout.tsx","statementMap":{"0":{"start":{"line":27,"column":18},"end":{"line":27,"column":66}},"1":{"start":{"line":28,"column":17},"end":{"line":28,"column":64}},"2":{"start":{"line":39,"column":2},"end":{"line":62,"column":3}},"3":{"start":{"line":74,"column":2},"end":{"line":130,"column":3}},"4":{"start":{"line":138,"column":30},"end":{"line":138,"column":39}},"5":{"start":{"line":139,"column":31},"end":{"line":139,"column":48}},"6":{"start":{"line":140,"column":42},"end":{"line":140,"column":82}},"7":{"start":{"line":143,"column":2},"end":{"line":155,"column":24}},"8":{"start":{"line":144,"column":4},"end":{"line":154,"column":5}},"9":{"start":{"line":145,"column":6},"end":{"line":153,"column":8}},"10":{"start":{"line":157,"column":27},"end":{"line":161,"column":3}},"11":{"start":{"line":160,"column":4},"end":{"line":160,"column":47}},"12":{"start":{"line":163,"column":2},"end":{"line":177,"column":3}},"13":{"start":{"line":172,"column":25},"end":{"line":172,"column":46}},"14":{"start":{"line":194,"column":41},"end":{"line":194,"column":50}},"15":{"start":{"line":197,"column":50},"end":{"line":197,"column":69}},"16":{"start":{"line":199,"column":2},"end":{"line":212,"column":3}},"17":{"start":{"line":200,"column":4},"end":{"line":211,"column":5}},"18":{"start":{"line":214,"column":2},"end":{"line":218,"column":3}},"19":{"start":{"line":225,"column":2},"end":{"line":236,"column":3}}},"fnMap":{"0":{"name":"AuthNavigator","decl":{"start":{"line":38,"column":9},"end":{"line":38,"column":22}},"loc":{"start":{"line":38,"column":25},"end":{"line":63,"column":1}},"line":38},"1":{"name":"AppNavigator","decl":{"start":{"line":73,"column":9},"end":{"line":73,"column":21}},"loc":{"start":{"line":73,"column":24},"end":{"line":131,"column":1}},"line":73},"2":{"name":"NavigationWithNotifications","decl":{"start":{"line":137,"column":9},"end":{"line":137,"column":36}},"loc":{"start":{"line":137,"column":39},"end":{"line":178,"column":1}},"line":137},"3":{"name":"(anonymous_3)","decl":{"start":{"line":143,"column":12},"end":{"line":143,"column":13}},"loc":{"start":{"line":143,"column":18},"end":{"line":155,"column":3}},"line":143},"4":{"name":"(anonymous_4)","decl":{"start":{"line":157,"column":27},"end":{"line":157,"column":28}},"loc":{"start":{"line":157,"column":64},"end":{"line":161,"column":3}},"line":157},"5":{"name":"(anonymous_5)","decl":{"start":{"line":172,"column":19},"end":{"line":172,"column":20}},"loc":{"start":{"line":172,"column":25},"end":{"line":172,"column":46}},"line":172},"6":{"name":"RootNavigator","decl":{"start":{"line":193,"column":24},"end":{"line":193,"column":37}},"loc":{"start":{"line":193,"column":40},"end":{"line":219,"column":1}},"line":193},"7":{"name":"SplashScreen","decl":{"start":{"line":224,"column":9},"end":{"line":224,"column":21}},"loc":{"start":{"line":224,"column":24},"end":{"line":237,"column":1}},"line":224}},"branchMap":{"0":{"loc":{"start":{"line":144,"column":4},"end":{"line":154,"column":5}},"type":"if","locations":[{"start":{"line":144,"column":4},"end":{"line":154,"column":5}},{"start":{},"end":{}}],"line":144},"1":{"loc":{"start":{"line":146,"column":12},"end":{"line":146,"column":63}},"type":"binary-expr","locations":[{"start":{"line":146,"column":12},"end":{"line":146,"column":31}},{"start":{"line":146,"column":35},"end":{"line":146,"column":63}}],"line":146},"2":{"loc":{"start":{"line":147,"column":15},"end":{"line":147,"column":59}},"type":"binary-expr","locations":[{"start":{"line":147,"column":15},"end":{"line":147,"column":37}},{"start":{"line":147,"column":41},"end":{"line":147,"column":59}}],"line":147},"3":{"loc":{"start":{"line":148,"column":14},"end":{"line":148,"column":41}},"type":"binary-expr","locations":[{"start":{"line":148,"column":14},"end":{"line":148,"column":35}},{"start":{"line":148,"column":39},"end":{"line":148,"column":41}}],"line":148},"4":{"loc":{"start":{"line":166,"column":9},"end":{"line":166,"column":63}},"type":"cond-expr","locations":[{"start":{"line":166,"column":27},"end":{"line":166,"column":43}},{"start":{"line":166,"column":46},"end":{"line":166,"column":63}}],"line":166},"5":{"loc":{"start":{"line":199,"column":2},"end":{"line":212,"column":3}},"type":"if","locations":[{"start":{"line":199,"column":2},"end":{"line":212,"column":3}},{"start":{},"end":{}}],"line":199}},"s":{"0":2,"1":2,"2":0,"3":0,"4":0,"5":0,"6":0,"7":0,"8":0,"9":0,"10":0,"11":0,"12":0,"13":0,"14":0,"15":0,"16":0,"17":0,"18":0,"19":0},"f":{"0":0,"1":0,"2":0,"3":0,"4":0,"5":0,"6":0,"7":0},"b":{"0":[0,0],"1":[0,0],"2":[0,0],"3":[0,0],"4":[0,0],"5":[0,0]},"_coverageSchema":"1a1c01bbd47fc00a2c39e90264f33305004495a9","hash":"75c5f13b9b3763089862db7e62785a4789d8901f"}
,"C:\\Users\\DEFCON1\\Desktop\\Cloud Cowork Ordner\\Projekte\\Bundesliga Match Analyzer\\Bundesliga Match Analyzer\\mobile\\src\\components\\ErrorBoundary.tsx": {"path":"C:\\Users\\DEFCON1\\Desktop\\Cloud Cowork Ordner\\Projekte\\Bundesliga Match Analyzer\\Bundesliga Match Analyzer\\mobile\\src\\components\\ErrorBoundary.tsx","statementMap":{"0":{"start":{"line":19,"column":4},"end":{"line":19,"column":16}},"1":{"start":{"line":20,"column":4},"end":{"line":20,"column":64}},"2":{"start":{"line":24,"column":4},"end":{"line":24,"column":36}},"3":{"start":{"line":29,"column":4},"end":{"line":29,"column":55}},"4":{"start":{"line":30,"column":4},"end":{"line":30,"column":63}},"5":{"start":{"line":33,"column":4},"end":{"line":36,"column":5}},"6":{"start":{"line":39,"column":4},"end":{"line":39,"column":64}},"7":{"start":{"line":39,"column":27},"end":{"line":39,"column":62}},"8":{"start":{"line":42,"column":10},"end":{"line":44,"column":3}},"9":{"start":{"line":43,"column":4},"end":{"line":43,"column":51}},"10":{"start":{"line":47,"column":4},"end":{"line":57,"column":5}},"11":{"start":{"line":48,"column":6},"end":{"line":56,"column":7}},"12":{"start":{"line":59,"column":4},"end":{"line":59,"column":30}},"13":{"start":{"line":70,"column":2},"end":{"line":211,"column":3}}},"fnMap":{"0":{"name":"(anonymous_0)","decl":{"start":{"line":18,"column":2},"end":{"line":18,"column":3}},"loc":{"start":{"line":18,"column":28},"end":{"line":21,"column":3}},"line":18},"1":{"name":"(anonymous_1)","decl":{"start":{"line":23,"column":2},"end":{"line":23,"column":3}},"loc":{"start":{"line":23,"column":48},"end":{"line":25,"column":3}},"line":23},"2":{"name":"(anonymous_2)","decl":{"start":{"line":27,"column":2},"end":{"line":27,"column":3}},"loc":{"start":{"line":27,"column":62},"end":{"line":40,"column":3}},"line":27},"3":{"name":"(anonymous_3)","decl":{"start":{"line":39,"column":18},"end":{"line":39,"column":19}},"loc":{"start":{"line":39,"column":27},"end":{"line":39,"column":62}},"line":39},"4":{"name":"(anonymous_4)","decl":{"start":{"line":42,"column":10},"end":{"line":42,"column":11}},"loc":{"start":{"line":42,"column":16},"end":{"line":44,"column":3}},"line":42},"5":{"name":"(anonymous_5)","decl":{"start":{"line":46,"column":2},"end":{"line":46,"column":3}},"loc":{"start":{"line":46,"column":11},"end":{"line":60,"column":3}},"line":46},"6":{"name":"DefaultErrorFallback","decl":{"start":{"line":69,"column":9},"end":{"line":69,"column":29}},"loc":{"start":{"line":69,"column":81},"end":{"line":212,"column":1}},"line":69}},"branchMap":{"0":{"loc":{"start":{"line":33,"column":4},"end":{"line":36,"column":5}},"type":"if","locations":[{"start":{"line":33,"column":4},"end":{"line":36,"column":5}},{"start":{},"end":{}}],"line":33},"1":{"loc":{"start":{"line":47,"column":4},"end":{"line":57,"column":5}},"type":"if","locations":[{"start":{"line":47,"column":4},"end":{"line":57,"column":5}},{"start":{},"end":{}}],"line":47},"2":{"loc":{"start":{"line":47,"column":8},"end":{"line":47,"column":47}},"type":"binary-expr","locations":[{"start":{"line":47,"column":8},"end":{"line":47,"column":27}},{"start":{"line":47,"column":31},"end":{"line":47,"column":47}}],"line":47},"3":{"loc":{"start":{"line":48,"column":13},"end":{"line":56,"column":7}},"type":"cond-expr","locations":[{"start":{"line":49,"column":8},"end":{"line":49,"column":57}},{"start":{"line":51,"column":8},"end":{"line":55,"column":10}}],"line":48},"4":{"loc":{"start":{"line":69,"column":48},"end":{"line":69,"column":62}},"type":"default-arg","locations":[{"start":{"line":69,"column":61},"end":{"line":69,"column":62}}],"line":69},"5":{"loc":{"start":{"line":109,"column":11},"end":{"line":109,"column":68}},"type":"binary-expr","locations":[{"start":{"line":109,"column":11},"end":{"line":109,"column":24}},{"start":{"line":109,"column":28},"end":{"line":109,"column":68}}],"line":109},"6":{"loc":{"start":{"line":113,"column":9},"end":{"line":153,"column":9}},"type":"binary-expr","locations":[{"start":{"line":113,"column":9},"end":{"line":113,"column":16}},{"start":{"line":114,"column":10},"end":{"line":152,"column":17}}],"line":113},"7":{"loc":{"start":{"line":137,"column":13},"end":{"line":151,"column":13}},"type":"binary-expr","locations":[{"start":{"line":137,"column":13},"end":{"line":137,"column":24}},{"start":{"line":138,"column":14},"end":{"line":150,"column":21}}],"line":137},"8":{"loc":{"start":{"line":156,"column":9},"end":{"line":169,"column":9}},"type":"binary-expr","locations":[{"start":{"line":156,"column":9},"end":{"line":156,"column":23}},{"start":{"line":157,"column":10},"end":{"line":168,"column":17}}],"line":156}},"s":{"0":0,"1":0,"2":0,"3":0,"4":0,"5":0,"6":0,"7":0,"8":0,"9":0,"10":0,"11":0,"12":0,"13":0},"f":{"0":0,"1":0,"2":0,"3":0,"4":0,"5":0,"6":0},"b":{"0":[0,0],"1":[0,0],"2":[0,0],"3":[0,0],"4":[0],"5":[0,0],"6":[0,0],"7":[0,0],"8":[0,0]},"_coverageSchema":"1a1c01bbd47fc00a2c39e90264f33305004495a9","hash":"37763642c23ab062e45c4b5d17b700856cc649f2"}
,"C:\\Users\\DEFCON1\\Desktop\\Cloud Cowork Ordner\\Projekte\\Bundesliga Match Analyzer\\Bundesliga Match Analyzer\\mobile\\src\\components\\FormInputGroup.tsx": {"path":"C:\\Users\\DEFCON1\\Desktop\\Cloud Cowork Ordner\\Projekte\\Bundesliga Match Analyzer\\Bundesliga Match Analyzer\\mobile\\src\\components\\FormInputGroup.tsx","statementMap":{"0":{"start":{"line":66,"column":36},"end":{"line":66,"column":51}},"1":{"start":{"line":67,"column":19},"end":{"line":67,"column":26}},"2":{"start":{"line":68,"column":22},"end":{"line":68,"column":82}},"3":{"start":{"line":70,"column":22},"end":{"line":70,"column":63}},"4":{"start":{"line":70,"column":40},"end":{"line":70,"column":58}},"5":{"start":{"line":71,"column":21},"end":{"line":74,"column":14}},"6":{"start":{"line":72,"column":4},"end":{"line":72,"column":23}},"7":{"start":{"line":73,"column":4},"end":{"line":73,"column":14}},"8":{"start":{"line":77,"column":22},"end":{"line":83,"column":19}},"9":{"start":{"line":85,"column":17},"end":{"line":149,"column":4}},"10":{"start":{"line":151,"column":2},"end":{"line":215,"column":3}}},"fnMap":{"0":{"name":"FormInputGroup","decl":{"start":{"line":48,"column":24},"end":{"line":48,"column":38}},"loc":{"start":{"line":65,"column":24},"end":{"line":216,"column":1}},"line":65},"1":{"name":"(anonymous_1)","decl":{"start":{"line":70,"column":34},"end":{"line":70,"column":35}},"loc":{"start":{"line":70,"column":40},"end":{"line":70,"column":58}},"line":70},"2":{"name":"(anonymous_2)","decl":{"start":{"line":71,"column":33},"end":{"line":71,"column":34}},"loc":{"start":{"line":71,"column":39},"end":{"line":74,"column":3}},"line":71}},"branchMap":{"0":{"loc":{"start":{"line":56,"column":2},"end":{"line":56,"column":18}},"type":"default-arg","locations":[{"start":{"line":56,"column":13},"end":{"line":56,"column":18}}],"line":56},"1":{"loc":{"start":{"line":57,"column":2},"end":{"line":57,"column":17}},"type":"default-arg","locations":[{"start":{"line":57,"column":12},"end":{"line":57,"column":17}}],"line":57},"2":{"loc":{"start":{"line":58,"column":2},"end":{"line":58,"column":18}},"type":"default-arg","locations":[{"start":{"line":58,"column":13},"end":{"line":58,"column":18}}],"line":58},"3":{"loc":{"start":{"line":60,"column":2},"end":{"line":60,"column":25}},"type":"default-arg","locations":[{"start":{"line":60,"column":20},"end":{"line":60,"column":25}}],"line":60},"4":{"loc":{"start":{"line":61,"column":2},"end":{"line":61,"column":26}},"type":"default-arg","locations":[{"start":{"line":61,"column":17},"end":{"line":61,"column":26}}],"line":61},"5":{"loc":{"start":{"line":62,"column":2},"end":{"line":62,"column":25}},"type":"default-arg","locations":[{"start":{"line":62,"column":19},"end":{"line":62,"column":25}}],"line":62},"6":{"loc":{"start":{"line":63,"column":2},"end":{"line":63,"column":22}},"type":"default-arg","locations":[{"start":{"line":63,"column":17},"end":{"line":63,"column":22}}],"line":63},"7":{"loc":{"start":{"line":68,"column":22},"end":{"line":68,"column":82}},"type":"cond-expr","locations":[{"start":{"line":68,"column":52},"end":{"line":68,"column":59}},{"start":{"line":68,"column":62},"end":{"line":68,"column":82}}],"line":68},"8":{"loc":{"start":{"line":68,"column":62},"end":{"line":68,"column":82}},"type":"binary-expr","locations":[{"start":{"line":68,"column":62},"end":{"line":68,"column":69}},{"start":{"line":68,"column":73},"end":{"line":68,"column":82}}],"line":68},"9":{"loc":{"start":{"line":77,"column":22},"end":{"line":83,"column":19}},"type":"cond-expr","locations":[{"start":{"line":78,"column":6},"end":{"line":78,"column":19}},{"start":{"line":79,"column":6},"end":{"line":83,"column":19}}],"line":77},"10":{"loc":{"start":{"line":79,"column":6},"end":{"line":83,"column":19}},"type":"cond-expr","locations":[{"start":{"line":80,"column":6},"end":{"line":80,"column":20}},{"start":{"line":81,"column":6},"end":{"line":83,"column":19}}],"line":79},"11":{"loc":{"start":{"line":81,"column":6},"end":{"line":83,"column":19}},"type":"cond-expr","locations":[{"start":{"line":82,"column":6},"end":{"line":82,"column":20}},{"start":{"line":83,"column":6},"end":{"line":83,"column":19}}],"line":81},"12":{"loc":{"start":{"line":156,"column":9},"end":{"line":156,"column":64}},"type":"binary-expr","locations":[{"start":{"line":156,"column":9},"end":{"line":156,"column":17}},{"start":{"line":156,"column":21},"end":{"line":156,"column":64}}],"line":156},"13":{"loc":{"start":{"line":173,"column":20},"end":{"line":173,"column":41}},"type":"binary-expr","locations":[{"start":{"line":173,"column":20},"end":{"line":173,"column":29}},{"start":{"line":173,"column":33},"end":{"line":173,"column":41}}],"line":173},"14":{"loc":{"start":{"line":181,"column":9},"end":{"line":187,"column":9}},"type":"binary-expr","locations":[{"start":{"line":181,"column":9},"end":{"line":181,"column":16}},{"start":{"line":182,"column":10},"end":{"line":186,"column":12}}],"line":181},"15":{"loc":{"start":{"line":191,"column":7},"end":{"line":198,"column":7}},"type":"binary-expr","locations":[{"start":{"line":191,"column":7},"end":{"line":191,"column":15}},{"start":{"line":192,"column":8},"end":{"line":197,"column":15}}],"line":191},"16":{"loc":{"start":{"line":201,"column":7},"end":{"line":208,"column":7}},"type":"binary-expr","locations":[{"start":{"line":201,"column":7},"end":{"line":201,"column":18}},{"start":{"line":201,"column":22},"end":{"line":201,"column":53}},{"start":{"line":202,"column":8},"end":{"line":207,"column":15}}],"line":201},"17":{"loc":{"start":{"line":211,"column":7},"end":{"line":213,"column":7}},"type":"binary-expr","locations":[{"start":{"line":211,"column":7},"end":{"line":211,"column":11}},{"start":{"line":211,"column":15},"end":{"line":211,"column":24}},{"start":{"line":212,"column":8},"end":{"line":212,"column":47}}],"line":211}},"s":{"0":0,"1":0,"2":0,"3":0,"4":0,"5":0,"6":0,"7":0,"8":0,"9":0,"10":0},"f":{"0":0,"1":0,"2":0},"b":{"0":[0],"1":[0],"2":[0],"3":[0],"4":[0],"5":[0],"6":[0],"7":[0,0],"8":[0,0],"9":[0,0],"10":[0,0],"11":[0,0],"12":[0,0],"13":[0,0],"14":[0,0],"15":[0,0],"16":[0,0,0],"17":[0,0,0]},"_coverageSchema":"1a1c01bbd47fc00a2c39e90264f33305004495a9","hash":"fbd245271758e5dc32b4941868cec2bda70dbc45"}
,"C:\\Users\\DEFCON1\\Desktop\\Cloud Cowork Ordner\\Projekte\\Bundesliga Match Analyzer\\Bundesliga Match Analyzer\\mobile\\src\\components\\MatchPredictionCard.tsx": {"path":"C:\\Users\\DEFCON1\\Desktop\\Cloud Cowork Ordner\\Projekte\\Bundesliga Match Analyzer\\Bundesliga Match Analyzer\\mobile\\src\\components\\MatchPredictionCard.tsx","statementMap":{"0":{"start":{"line":16,"column":15},"end":{"line":16,"column":31}},"1":{"start":{"line":17,"column":2},"end":{"line":17,"column":24}},"2":{"start":{"line":17,"column":13},"end":{"line":17,"column":24}},"3":{"start":{"line":19,"column":22},"end":{"line":19,"column":45}},"4":{"start":{"line":20,"column":18},"end":{"line":20,"column":97}},"5":{"start":{"line":21,"column":18},"end":{"line":21,"column":113}},"6":{"start":{"line":23,"column":21},"end":{"line":23,"column":43}},"7":{"start":{"line":24,"column":21},"end":{"line":24,"column":59}},"8":{"start":{"line":26,"column":2},"end":{"line":92,"column":3}},"9":{"start":{"line":85,"column":25},"end":{"line":85,"column":64}},"10":{"start":{"line":99,"column":2},"end":{"line":108,"column":3}},"11":{"start":{"line":112,"column":2},"end":{"line":118,"column":3}},"12":{"start":{"line":122,"column":18},"end":{"line":122,"column":72}},"13":{"start":{"line":123,"column":2},"end":{"line":128,"column":3}},"14":{"start":{"line":134,"column":15},"end":{"line":275,"column":2}}},"fnMap":{"0":{"name":"MatchPredictionCard","decl":{"start":{"line":15,"column":24},"end":{"line":15,"column":43}},"loc":{"start":{"line":15,"column":71},"end":{"line":93,"column":1}},"line":15},"1":{"name":"(anonymous_1)","decl":{"start":{"line":85,"column":19},"end":{"line":85,"column":20}},"loc":{"start":{"line":85,"column":25},"end":{"line":85,"column":64}},"line":85},"2":{"name":"TeamSide","decl":{"start":{"line":98,"column":9},"end":{"line":98,"column":17}},"loc":{"start":{"line":98,"column":87},"end":{"line":109,"column":1}},"line":98},"3":{"name":"ProbabilityBar","decl":{"start":{"line":111,"column":9},"end":{"line":111,"column":23}},"loc":{"start":{"line":111,"column":104},"end":{"line":119,"column":1}},"line":111},"4":{"name":"MarketBadge","decl":{"start":{"line":121,"column":9},"end":{"line":121,"column":20}},"loc":{"start":{"line":121,"column":95},"end":{"line":129,"column":1}},"line":121}},"branchMap":{"0":{"loc":{"start":{"line":17,"column":2},"end":{"line":17,"column":24}},"type":"if","locations":[{"start":{"line":17,"column":2},"end":{"line":17,"column":24}},{"start":{},"end":{}}],"line":17},"1":{"loc":{"start":{"line":27,"column":43},"end":{"line":27,"column":76}},"type":"binary-expr","locations":[{"start":{"line":27,"column":43},"end":{"line":27,"column":53}},{"start":{"line":27,"column":57},"end":{"line":27,"column":76}}],"line":27},"2":{"loc":{"start":{"line":30,"column":7},"end":{"line":36,"column":7}},"type":"binary-expr","locations":[{"start":{"line":30,"column":7},"end":{"line":30,"column":17}},{"start":{"line":31,"column":8},"end":{"line":35,"column":15}}],"line":30},"3":{"loc":{"start":{"line":82,"column":7},"end":{"line":89,"column":7}},"type":"binary-expr","locations":[{"start":{"line":82,"column":7},"end":{"line":82,"column":28}},{"start":{"line":83,"column":8},"end":{"line":88,"column":27}}],"line":82},"4":{"loc":{"start":{"line":100,"column":35},"end":{"line":100,"column":74}},"type":"binary-expr","locations":[{"start":{"line":100,"column":35},"end":{"line":100,"column":50}},{"start":{"line":100,"column":54},"end":{"line":100,"column":74}}],"line":100},"5":{"loc":{"start":{"line":122,"column":18},"end":{"line":122,"column":72}},"type":"binary-expr","locations":[{"start":{"line":122,"column":18},"end":{"line":122,"column":23}},{"start":{"line":122,"column":28},"end":{"line":122,"column":71}}],"line":122},"6":{"loc":{"start":{"line":122,"column":28},"end":{"line":122,"column":71}},"type":"cond-expr","locations":[{"start":{"line":122,"column":49},"end":{"line":122,"column":65}},{"start":{"line":122,"column":68},"end":{"line":122,"column":71}}],"line":122}},"s":{"0":0,"1":0,"2":0,"3":0,"4":0,"5":0,"6":0,"7":0,"8":0,"9":0,"10":0,"11":0,"12":0,"13":0,"14":1},"f":{"0":0,"1":0,"2":0,"3":0,"4":0},"b":{"0":[0,0],"1":[0,0],"2":[0,0],"3":[0,0],"4":[0,0],"5":[0,0],"6":[0,0]},"_coverageSchema":"1a1c01bbd47fc00a2c39e90264f33305004495a9","hash":"b0876c42de16002236986edcafa65bcfd1780bd3"}
,"C:\\Users\\DEFCON1\\Desktop\\Cloud Cowork Ordner\\Projekte\\Bundesliga Match Analyzer\\Bundesliga Match Analyzer\\mobile\\src\\components\\NotificationToast.tsx": {"path":"C:\\Users\\DEFCON1\\Desktop\\Cloud Cowork Ordner\\Projekte\\Bundesliga Match Analyzer\\Bundesliga Match Analyzer\\mobile\\src\\components\\NotificationToast.tsx","statementMap":{"0":{"start":{"line":36,"column":21},"end":{"line":36,"column":52}},"1":{"start":{"line":37,"column":21},"end":{"line":37,"column":23}},"2":{"start":{"line":45,"column":22},"end":{"line":45,"column":65}},"3":{"start":{"line":47,"column":2},"end":{"line":63,"column":20}},"4":{"start":{"line":48,"column":4},"end":{"line":62,"column":5}},"5":{"start":{"line":50,"column":6},"end":{"line":54,"column":16}},"6":{"start":{"line":57,"column":20},"end":{"line":59,"column":18}},"7":{"start":{"line":58,"column":8},"end":{"line":58,"column":22}},"8":{"start":{"line":61,"column":6},"end":{"line":61,"column":38}},"9":{"start":{"line":61,"column":19},"end":{"line":61,"column":38}},"10":{"start":{"line":65,"column":23},"end":{"line":74,"column":3}},"11":{"start":{"line":67,"column":4},"end":{"line":73,"column":6}},"12":{"start":{"line":72,"column":6},"end":{"line":72,"column":17}},"13":{"start":{"line":76,"column":2},"end":{"line":78,"column":3}},"14":{"start":{"line":77,"column":4},"end":{"line":77,"column":15}},"15":{"start":{"line":80,"column":29},"end":{"line":91,"column":3}},"16":{"start":{"line":81,"column":4},"end":{"line":90,"column":5}},"17":{"start":{"line":83,"column":8},"end":{"line":83,"column":29}},"18":{"start":{"line":85,"column":8},"end":{"line":85,"column":27}},"19":{"start":{"line":87,"column":8},"end":{"line":87,"column":29}},"20":{"start":{"line":89,"column":8},"end":{"line":89,"column":26}},"21":{"start":{"line":93,"column":2},"end":{"line":136,"column":3}},"22":{"start":{"line":110,"column":10},"end":{"line":112,"column":11}},"23":{"start":{"line":111,"column":12},"end":{"line":111,"column":33}},"24":{"start":{"line":113,"column":10},"end":{"line":113,"column":24}},"25":{"start":{"line":139,"column":15},"end":{"line":189,"column":2}}},"fnMap":{"0":{"name":"NotificationToast","decl":{"start":{"line":39,"column":24},"end":{"line":39,"column":41}},"loc":{"start":{"line":44,"column":27},"end":{"line":137,"column":1}},"line":44},"1":{"name":"(anonymous_1)","decl":{"start":{"line":47,"column":12},"end":{"line":47,"column":13}},"loc":{"start":{"line":47,"column":18},"end":{"line":63,"column":3}},"line":47},"2":{"name":"(anonymous_2)","decl":{"start":{"line":57,"column":31},"end":{"line":57,"column":32}},"loc":{"start":{"line":57,"column":37},"end":{"line":59,"column":7}},"line":57},"3":{"name":"(anonymous_3)","decl":{"start":{"line":61,"column":13},"end":{"line":61,"column":14}},"loc":{"start":{"line":61,"column":19},"end":{"line":61,"column":38}},"line":61},"4":{"name":"(anonymous_4)","decl":{"start":{"line":65,"column":23},"end":{"line":65,"column":24}},"loc":{"start":{"line":65,"column":29},"end":{"line":74,"column":3}},"line":65},"5":{"name":"(anonymous_5)","decl":{"start":{"line":71,"column":13},"end":{"line":71,"column":14}},"loc":{"start":{"line":71,"column":19},"end":{"line":73,"column":5}},"line":71},"6":{"name":"(anonymous_6)","decl":{"start":{"line":80,"column":29},"end":{"line":80,"column":30}},"loc":{"start":{"line":80,"column":35},"end":{"line":91,"column":3}},"line":80},"7":{"name":"(anonymous_7)","decl":{"start":{"line":109,"column":17},"end":{"line":109,"column":18}},"loc":{"start":{"line":109,"column":23},"end":{"line":114,"column":9}},"line":109}},"branchMap":{"0":{"loc":{"start":{"line":43,"column":2},"end":{"line":43,"column":17}},"type":"default-arg","locations":[{"start":{"line":43,"column":13},"end":{"line":43,"column":17}}],"line":43},"1":{"loc":{"start":{"line":48,"column":4},"end":{"line":62,"column":5}},"type":"if","locations":[{"start":{"line":48,"column":4},"end":{"line":62,"column":5}},{"start":{},"end":{}}],"line":48},"2":{"loc":{"start":{"line":76,"column":2},"end":{"line":78,"column":3}},"type":"if","locations":[{"start":{"line":76,"column":2},"end":{"line":78,"column":3}},{"start":{},"end":{}}],"line":76},"3":{"loc":{"start":{"line":81,"column":4},"end":{"line":90,"column":5}},"type":"switch","locations":[{"start":{"line":82,"column":6},"end":{"line":83,"column":29}},{"start":{"line":84,"column":6},"end":{"line":85,"column":27}},{"start":{"line":86,"column":6},"end":{"line":87,"column":29}},{"start":{"line":88,"column":6},"end":{"line":89,"column":26}}],"line":81},"4":{"loc":{"start":{"line":110,"column":10},"end":{"line":112,"column":11}},"type":"if","locations":[{"start":{"line":110,"column":10},"end":{"line":112,"column":11}},{"start":{},"end":{}}],"line":110}},"s":{"0":3,"1":3,"2":0,"3":0,"4":0,"5":0,"6":0,"7":0,"8":0,"9":0,"10":0,"11":0,"12":0,"13":0,"14":0,"15":0,"16":0,"17":0,"18":0,"19":0,"20":0,"21":0,"22":0,"23":0,"24":0,"25":3},"f":{"0":0,"1":0,"2":0,"3":0,"4":0,"5":0,"6":0,"7":0},"b":{"0":[0],"1":[0,0],"2":[0,0],"3":[0,0,0,0],"4":[0,0]},"_coverageSchema":"1a1c01bbd47fc00a2c39e90264f33305004495a9","hash":"47b194847802c5aab6c7c9c310081cbe2a0cb167"}
,"C:\\Users\\DEFCON1\\Desktop\\Cloud Cowork Ordner\\Projekte\\Bundesliga Match Analyzer\\Bundesliga Match Analyzer\\mobile\\src\\components\\ProgressBar.tsx": {"path":"C:\\Users\\DEFCON1\\Desktop\\Cloud Cowork Ordner\\Projekte\\Bundesliga Match Analyzer\\Bundesliga Match Analyzer\\mobile\\src\\components\\ProgressBar.tsx","statementMap":{"0":{"start":{"line":25,"column":21},"end":{"line":29,"column":7}},"1":{"start":{"line":31,"column":24},"end":{"line":31,"column":55}},"2":{"start":{"line":33,"column":27},"end":{"line":37,"column":3}},"3":{"start":{"line":34,"column":4},"end":{"line":34,"column":42}},"4":{"start":{"line":34,"column":25},"end":{"line":34,"column":42}},"5":{"start":{"line":35,"column":4},"end":{"line":35,"column":45}},"6":{"start":{"line":35,"column":25},"end":{"line":35,"column":45}},"7":{"start":{"line":36,"column":4},"end":{"line":36,"column":23}},"8":{"start":{"line":39,"column":2},"end":{"line":71,"column":3}},"9":{"start":{"line":74,"column":15},"end":{"line":108,"column":2}}},"fnMap":{"0":{"name":"ProgressBar","decl":{"start":{"line":16,"column":24},"end":{"line":16,"column":35}},"loc":{"start":{"line":23,"column":21},"end":{"line":72,"column":1}},"line":23},"1":{"name":"(anonymous_1)","decl":{"start":{"line":33,"column":27},"end":{"line":33,"column":28}},"loc":{"start":{"line":33,"column":33},"end":{"line":37,"column":3}},"line":33}},"branchMap":{"0":{"loc":{"start":{"line":21,"column":2},"end":{"line":21,"column":23}},"type":"default-arg","locations":[{"start":{"line":21,"column":19},"end":{"line":21,"column":23}}],"line":21},"1":{"loc":{"start":{"line":25,"column":21},"end":{"line":29,"column":7}},"type":"cond-expr","locations":[{"start":{"line":26,"column":6},"end":{"line":26,"column":42}},{"start":{"line":27,"column":6},"end":{"line":29,"column":7}}],"line":25},"2":{"loc":{"start":{"line":27,"column":6},"end":{"line":29,"column":7}},"type":"cond-expr","locations":[{"start":{"line":28,"column":6},"end":{"line":28,"column":34}},{"start":{"line":29,"column":6},"end":{"line":29,"column":7}}],"line":27},"3":{"loc":{"start":{"line":27,"column":6},"end":{"line":27,"column":24}},"type":"binary-expr","locations":[{"start":{"line":27,"column":6},"end":{"line":27,"column":11}},{"start":{"line":27,"column":15},"end":{"line":27,"column":24}}],"line":27},"4":{"loc":{"start":{"line":28,"column":7},"end":{"line":28,"column":27}},"type":"binary-expr","locations":[{"start":{"line":28,"column":7},"end":{"line":28,"column":14}},{"start":{"line":28,"column":18},"end":{"line":28,"column":27}}],"line":28},"5":{"loc":{"start":{"line":34,"column":4},"end":{"line":34,"column":42}},"type":"if","locations":[{"start":{"line":34,"column":4},"end":{"line":34,"column":42}},{"start":{},"end":{}}],"line":34},"6":{"loc":{"start":{"line":35,"column":4},"end":{"line":35,"column":45}},"type":"if","locations":[{"start":{"line":35,"column":4},"end":{"line":35,"column":45}},{"start":{},"end":{}}],"line":35},"7":{"loc":{"start":{"line":44,"column":26},"end":{"line":44,"column":58}},"type":"binary-expr","locations":[{"start":{"line":44,"column":26},"end":{"line":44,"column":44}},{"start":{"line":44,"column":48},"end":{"line":44,"column":58}}],"line":44},"8":{"loc":{"start":{"line":47,"column":7},"end":{"line":54,"column":7}},"type":"binary-expr","locations":[{"start":{"line":47,"column":8},"end":{"line":47,"column":13}},{"start":{"line":47,"column":17},"end":{"line":47,"column":31}},{"start":{"line":48,"column":8},"end":{"line":53,"column":15}}],"line":47},"9":{"loc":{"start":{"line":49,"column":11},"end":{"line":49,"column":61}},"type":"binary-expr","locations":[{"start":{"line":49,"column":11},"end":{"line":49,"column":16}},{"start":{"line":49,"column":20},"end":{"line":49,"column":61}}],"line":49},"10":{"loc":{"start":{"line":50,"column":11},"end":{"line":52,"column":11}},"type":"binary-expr","locations":[{"start":{"line":50,"column":11},"end":{"line":50,"column":25}},{"start":{"line":51,"column":12},"end":{"line":51,"column":76}}],"line":50},"11":{"loc":{"start":{"line":65,"column":7},"end":{"line":69,"column":7}},"type":"binary-expr","locations":[{"start":{"line":65,"column":7},"end":{"line":65,"column":28}},{"start":{"line":65,"column":32},"end":{"line":65,"column":37}},{"start":{"line":65,"column":41},"end":{"line":65,"column":50}},{"start":{"line":66,"column":8},"end":{"line":68,"column":15}}],"line":65}},"s":{"0":0,"1":0,"2":0,"3":0,"4":0,"5":0,"6":0,"7":0,"8":0,"9":1},"f":{"0":0,"1":0},"b":{"0":[0],"1":[0,0],"2":[0,0],"3":[0,0],"4":[0,0],"5":[0,0],"6":[0,0],"7":[0,0],"8":[0,0,0],"9":[0,0],"10":[0,0],"11":[0,0,0,0]},"_coverageSchema":"1a1c01bbd47fc00a2c39e90264f33305004495a9","hash":"258744950353d9856a9265f8314abb2c7ff60eab"}
,"C:\\Users\\DEFCON1\\Desktop\\Cloud Cowork Ordner\\Projekte\\Bundesliga Match Analyzer\\Bundesliga Match Analyzer\\mobile\\src\\components\\Spinner.tsx": {"path":"C:\\Users\\DEFCON1\\Desktop\\Cloud Cowork Ordner\\Projekte\\Bundesliga Match Analyzer\\Bundesliga Match Analyzer\\mobile\\src\\components\\Spinner.tsx","statementMap":{"0":{"start":{"line":23,"column":20},"end":{"line":23,"column":57}},"1":{"start":{"line":25,"column":2},"end":{"line":43,"column":17}},"2":{"start":{"line":30,"column":17},"end":{"line":36,"column":5}},"3":{"start":{"line":38,"column":4},"end":{"line":38,"column":16}},"4":{"start":{"line":40,"column":4},"end":{"line":42,"column":5}},"5":{"start":{"line":41,"column":6},"end":{"line":41,"column":17}},"6":{"start":{"line":45,"column":15},"end":{"line":48,"column":4}},"7":{"start":{"line":50,"column":21},"end":{"line":50,"column":40}},"8":{"start":{"line":52,"column":2},"end":{"line":75,"column":3}},"9":{"start":{"line":84,"column":2},"end":{"line":93,"column":3}},"10":{"start":{"line":86,"column":6},"end":{"line":86,"column":41}},"11":{"start":{"line":88,"column":6},"end":{"line":88,"column":41}},"12":{"start":{"line":90,"column":6},"end":{"line":90,"column":41}},"13":{"start":{"line":92,"column":6},"end":{"line":92,"column":41}},"14":{"start":{"line":96,"column":15},"end":{"line":104,"column":2}}},"fnMap":{"0":{"name":"Spinner","decl":{"start":{"line":18,"column":24},"end":{"line":18,"column":31}},"loc":{"start":{"line":22,"column":17},"end":{"line":76,"column":1}},"line":22},"1":{"name":"(anonymous_1)","decl":{"start":{"line":25,"column":12},"end":{"line":25,"column":13}},"loc":{"start":{"line":25,"column":18},"end":{"line":43,"column":3}},"line":25},"2":{"name":"(anonymous_2)","decl":{"start":{"line":40,"column":11},"end":{"line":40,"column":12}},"loc":{"start":{"line":40,"column":17},"end":{"line":42,"column":5}},"line":40},"3":{"name":"getSizeConfig","decl":{"start":{"line":83,"column":9},"end":{"line":83,"column":22}},"loc":{"start":{"line":83,"column":54},"end":{"line":94,"column":1}},"line":83}},"branchMap":{"0":{"loc":{"start":{"line":19,"column":2},"end":{"line":19,"column":13}},"type":"default-arg","locations":[{"start":{"line":19,"column":9},"end":{"line":19,"column":13}}],"line":19},"1":{"loc":{"start":{"line":20,"column":2},"end":{"line":20,"column":21}},"type":"default-arg","locations":[{"start":{"line":20,"column":10},"end":{"line":20,"column":21}}],"line":20},"2":{"loc":{"start":{"line":21,"column":2},"end":{"line":21,"column":20}},"type":"default-arg","locations":[{"start":{"line":21,"column":11},"end":{"line":21,"column":20}}],"line":21},"3":{"loc":{"start":{"line":84,"column":2},"end":{"line":93,"column":3}},"type":"switch","locations":[{"start":{"line":85,"column":4},"end":{"line":86,"column":41}},{"start":{"line":87,"column":4},"end":{"line":88,"column":41}},{"start":{"line":89,"column":4},"end":{"line":90,"column":41}},{"start":{"line":91,"column":4},"end":{"line":92,"column":41}}],"line":84}},"s":{"0":0,"1":0,"2":0,"3":0,"4":0,"5":0,"6":0,"7":0,"8":0,"9":0,"10":0,"11":0,"12":0,"13":0,"14":1},"f":{"0":0,"1":0,"2":0,"3":0},"b":{"0":[0],"1":[0],"2":[0],"3":[0,0,0,0]},"_coverageSchema":"1a1c01bbd47fc00a2c39e90264f33305004495a9","hash":"8b29b11b5112696b8ca1c6c89575079ec0e3bf0d"}
,"C:\\Users\\DEFCON1\\Desktop\\Cloud Cowork Ordner\\Projekte\\Bundesliga Match Analyzer\\Bundesliga Match Analyzer\\mobile\\src\\components\\Stepper.tsx": {"path":"C:\\Users\\DEFCON1\\Desktop\\Cloud Cowork Ordner\\Projekte\\Bundesliga Match Analyzer\\Bundesliga Match Analyzer\\mobile\\src\\components\\Stepper.tsx","statementMap":{"0":{"start":{"line":39,"column":26},"end":{"line":44,"column":3}},"1":{"start":{"line":40,"column":17},"end":{"line":40,"column":29}},"2":{"start":{"line":41,"column":4},"end":{"line":43,"column":5}},"3":{"start":{"line":42,"column":6},"end":{"line":42,"column":24}},"4":{"start":{"line":46,"column":2},"end":{"line":141,"column":3}},"5":{"start":{"line":54,"column":23},"end":{"line":54,"column":68}},"6":{"start":{"line":55,"column":23},"end":{"line":55,"column":49}},"7":{"start":{"line":57,"column":8},"end":{"line":133,"column":9}},"8":{"start":{"line":68,"column":29},"end":{"line":68,"column":51}},"9":{"start":{"line":149,"column":2},"end":{"line":149,"column":39}},"10":{"start":{"line":149,"column":20},"end":{"line":149,"column":39}},"11":{"start":{"line":150,"column":2},"end":{"line":150,"column":48}},"12":{"start":{"line":150,"column":30},"end":{"line":150,"column":48}},"13":{"start":{"line":151,"column":2},"end":{"line":151,"column":47}},"14":{"start":{"line":151,"column":32},"end":{"line":151,"column":47}},"15":{"start":{"line":152,"column":2},"end":{"line":152,"column":18}},"16":{"start":{"line":156,"column":20},"end":{"line":163,"column":3}},"17":{"start":{"line":165,"column":23},"end":{"line":191,"column":3}},"18":{"start":{"line":193,"column":16},"end":{"line":193,"column":36}},"19":{"start":{"line":194,"column":2},"end":{"line":196,"column":3}},"20":{"start":{"line":195,"column":4},"end":{"line":195,"column":37}},"21":{"start":{"line":197,"column":2},"end":{"line":197,"column":14}},"22":{"start":{"line":201,"column":2},"end":{"line":251,"column":3}},"23":{"start":{"line":203,"column":6},"end":{"line":213,"column":7}},"24":{"start":{"line":215,"column":6},"end":{"line":225,"column":7}},"25":{"start":{"line":227,"column":6},"end":{"line":237,"column":7}},"26":{"start":{"line":240,"column":6},"end":{"line":250,"column":7}},"27":{"start":{"line":255,"column":20},"end":{"line":257,"column":3}},"28":{"start":{"line":259,"column":2},"end":{"line":264,"column":3}},"29":{"start":{"line":260,"column":4},"end":{"line":263,"column":5}},"30":{"start":{"line":265,"column":2},"end":{"line":265,"column":18}},"31":{"start":{"line":268,"column":15},"end":{"line":332,"column":2}}},"fnMap":{"0":{"name":"Stepper","decl":{"start":{"line":31,"column":24},"end":{"line":31,"column":31}},"loc":{"start":{"line":38,"column":17},"end":{"line":142,"column":1}},"line":38},"1":{"name":"(anonymous_1)","decl":{"start":{"line":39,"column":26},"end":{"line":39,"column":27}},"loc":{"start":{"line":39,"column":45},"end":{"line":44,"column":3}},"line":39},"2":{"name":"(anonymous_2)","decl":{"start":{"line":53,"column":17},"end":{"line":53,"column":18}},"loc":{"start":{"line":53,"column":34},"end":{"line":134,"column":7}},"line":53},"3":{"name":"(anonymous_3)","decl":{"start":{"line":68,"column":23},"end":{"line":68,"column":24}},"loc":{"start":{"line":68,"column":29},"end":{"line":68,"column":51}},"line":68},"4":{"name":"getStepStatus","decl":{"start":{"line":144,"column":9},"end":{"line":144,"column":22}},"loc":{"start":{"line":148,"column":14},"end":{"line":153,"column":1}},"line":148},"5":{"name":"getIndicatorStyle","decl":{"start":{"line":155,"column":9},"end":{"line":155,"column":26}},"loc":{"start":{"line":155,"column":67},"end":{"line":198,"column":1}},"line":155},"6":{"name":"getStepIcon","decl":{"start":{"line":200,"column":9},"end":{"line":200,"column":20}},"loc":{"start":{"line":200,"column":61},"end":{"line":252,"column":1}},"line":200},"7":{"name":"getConnectorStyle","decl":{"start":{"line":254,"column":9},"end":{"line":254,"column":26}},"loc":{"start":{"line":254,"column":47},"end":{"line":266,"column":1}},"line":254}},"branchMap":{"0":{"loc":{"start":{"line":33,"column":2},"end":{"line":33,"column":16}},"type":"default-arg","locations":[{"start":{"line":33,"column":15},"end":{"line":33,"column":16}}],"line":33},"1":{"loc":{"start":{"line":35,"column":2},"end":{"line":35,"column":21}},"type":"default-arg","locations":[{"start":{"line":35,"column":12},"end":{"line":35,"column":21}}],"line":35},"2":{"loc":{"start":{"line":36,"column":2},"end":{"line":36,"column":26}},"type":"default-arg","locations":[{"start":{"line":36,"column":16},"end":{"line":36,"column":26}}],"line":36},"3":{"loc":{"start":{"line":37,"column":2},"end":{"line":37,"column":19}},"type":"default-arg","locations":[{"start":{"line":37,"column":14},"end":{"line":37,"column":19}}],"line":37},"4":{"loc":{"start":{"line":41,"column":4},"end":{"line":43,"column":5}},"type":"if","locations":[{"start":{"line":41,"column":4},"end":{"line":43,"column":5}},{"start":{},"end":{}}],"line":41},"5":{"loc":{"start":{"line":41,"column":8},"end":{"line":41,"column":50}},"type":"binary-expr","locations":[{"start":{"line":41,"column":8},"end":{"line":41,"column":17}},{"start":{"line":41,"column":21},"end":{"line":41,"column":35}},{"start":{"line":41,"column":39},"end":{"line":41,"column":50}}],"line":41},"6":{"loc":{"start":{"line":50,"column":8},"end":{"line":50,"column":66}},"type":"binary-expr","locations":[{"start":{"line":50,"column":8},"end":{"line":50,"column":36}},{"start":{"line":50,"column":40},"end":{"line":50,"column":66}}],"line":50},"7":{"loc":{"start":{"line":62,"column":14},"end":{"line":62,"column":76}},"type":"binary-expr","locations":[{"start":{"line":62,"column":14},"end":{"line":62,"column":42}},{"start":{"line":62,"column":46},"end":{"line":62,"column":76}}],"line":62},"8":{"loc":{"start":{"line":63,"column":14},"end":{"line":63,"column":64}},"type":"binary-expr","locations":[{"start":{"line":63,"column":14},"end":{"line":63,"column":34}},{"start":{"line":63,"column":38},"end":{"line":63,"column":64}}],"line":63},"9":{"loc":{"start":{"line":69,"column":24},"end":{"line":69,"column":51}},"type":"binary-expr","locations":[{"start":{"line":69,"column":24},"end":{"line":69,"column":34}},{"start":{"line":69,"column":38},"end":{"line":69,"column":51}}],"line":69},"10":{"loc":{"start":{"line":72,"column":16},"end":{"line":72,"column":73}},"type":"binary-expr","locations":[{"start":{"line":72,"column":16},"end":{"line":72,"column":25}},{"start":{"line":72,"column":29},"end":{"line":72,"column":43}},{"start":{"line":72,"column":47},"end":{"line":72,"column":73}}],"line":72},"11":{"loc":{"start":{"line":90,"column":16},"end":{"line":90,"column":74}},"type":"binary-expr","locations":[{"start":{"line":90,"column":16},"end":{"line":90,"column":44}},{"start":{"line":90,"column":48},"end":{"line":90,"column":74}}],"line":90},"12":{"loc":{"start":{"line":98,"column":22},"end":{"line":100,"column":37}},"type":"cond-expr","locations":[{"start":{"line":99,"column":26},"end":{"line":99,"column":43}},{"start":{"line":100,"column":26},"end":{"line":100,"column":37}}],"line":98},"13":{"loc":{"start":{"line":101,"column":32},"end":{"line":101,"column":67}},"type":"cond-expr","locations":[{"start":{"line":101,"column":54},"end":{"line":101,"column":59}},{"start":{"line":101,"column":62},"end":{"line":101,"column":67}}],"line":101},"14":{"loc":{"start":{"line":108,"column":15},"end":{"line":117,"column":15}},"type":"binary-expr","locations":[{"start":{"line":108,"column":15},"end":{"line":108,"column":31}},{"start":{"line":109,"column":16},"end":{"line":116,"column":23}}],"line":108},"15":{"loc":{"start":{"line":121,"column":13},"end":{"line":131,"column":13}},"type":"binary-expr","locations":[{"start":{"line":121,"column":13},"end":{"line":121,"column":20}},{"start":{"line":121,"column":24},"end":{"line":121,"column":45}},{"start":{"line":122,"column":14},"end":{"line":130,"column":16}}],"line":121},"16":{"loc":{"start":{"line":125,"column":18},"end":{"line":127,"column":46}},"type":"cond-expr","locations":[{"start":{"line":126,"column":22},"end":{"line":126,"column":48}},{"start":{"line":127,"column":22},"end":{"line":127,"column":46}}],"line":125},"17":{"loc":{"start":{"line":137,"column":7},"end":{"line":139,"column":7}},"type":"binary-expr","locations":[{"start":{"line":137,"column":7},"end":{"line":137,"column":33}},{"start":{"line":138,"column":8},"end":{"line":138,"column":71}}],"line":137},"18":{"loc":{"start":{"line":149,"column":2},"end":{"line":149,"column":39}},"type":"if","locations":[{"start":{"line":149,"column":2},"end":{"line":149,"column":39}},{"start":{},"end":{}}],"line":149},"19":{"loc":{"start":{"line":150,"column":2},"end":{"line":150,"column":48}},"type":"if","locations":[{"start":{"line":150,"column":2},"end":{"line":150,"column":48}},{"start":{},"end":{}}],"line":150},"20":{"loc":{"start":{"line":151,"column":2},"end":{"line":151,"column":47}},"type":"if","locations":[{"start":{"line":151,"column":2},"end":{"line":151,"column":47}},{"start":{},"end":{}}],"line":151},"21":{"loc":{"start":{"line":194,"column":2},"end":{"line":196,"column":3}},"type":"if","locations":[{"start":{"line":194,"column":2},"end":{"line":196,"column":3}},{"start":{},"end":{}}],"line":194},"22":{"loc":{"start":{"line":201,"column":2},"end":{"line":251,"column":3}},"type":"switch","locations":[{"start":{"line":202,"column":4},"end":{"line":213,"column":7}},{"start":{"line":214,"column":4},"end":{"line":225,"column":7}},{"start":{"line":226,"column":4},"end":{"line":237,"column":7}},{"start":{"line":238,"column":4},"end":{"line":238,"column":19}},{"start":{"line":239,"column":4},"end":{"line":250,"column":7}}],"line":201},"23":{"loc":{"start":{"line":259,"column":2},"end":{"line":264,"column":3}},"type":"if","locations":[{"start":{"line":259,"column":2},"end":{"line":264,"column":3}},{"start":{},"end":{}}],"line":259},"24":{"loc":{"start":{"line":259,"column":6},"end":{"line":259,"column":51}},"type":"binary-expr","locations":[{"start":{"line":259,"column":6},"end":{"line":259,"column":28}},{"start":{"line":259,"column":32},"end":{"line":259,"column":51}}],"line":259}},"s":{"0":0,"1":0,"2":0,"3":0,"4":0,"5":0,"6":0,"7":0,"8":0,"9":0,"10":0,"11":0,"12":0,"13":0,"14":0,"15":0,"16":0,"17":0,"18":0,"19":0,"20":0,"21":0,"22":0,"23":0,"24":0,"25":0,"26":0,"27":0,"28":0,"29":0,"30":0,"31":1},"f":{"0":0,"1":0,"2":0,"3":0,"4":0,"5":0,"6":0,"7":0},"b":{"0":[0],"1":[0],"2":[0],"3":[0],"4":[0,0],"5":[0,0,0],"6":[0,0],"7":[0,0],"8":[0,0],"9":[0,0],"10":[0,0,0],"11":[0,0],"12":[0,0],"13":[0,0],"14":[0,0],"15":[0,0,0],"16":[0,0],"17":[0,0],"18":[0,0],"19":[0,0],"20":[0,0],"21":[0,0],"22":[0,0,0,0,0],"23":[0,0],"24":[0,0]},"_coverageSchema":"1a1c01bbd47fc00a2c39e90264f33305004495a9","hash":"88c067f6ef943207b8ebdc14b259291fce17edcb"}
,"C:\\Users\\DEFCON1\\Desktop\\Cloud Cowork Ordner\\Projekte\\Bundesliga Match Analyzer\\Bundesliga Match Analyzer\\mobile\\src\\components\\Tabs.tsx": {"path":"C:\\Users\\DEFCON1\\Desktop\\Cloud Cowork Ordner\\Projekte\\Bundesliga Match Analyzer\\Bundesliga Match Analyzer\\mobile\\src\\components\\Tabs.tsx","statementMap":{"0":{"start":{"line":37,"column":34},"end":{"line":39,"column":3}},"1":{"start":{"line":41,"column":25},"end":{"line":47,"column":3}},"2":{"start":{"line":42,"column":16},"end":{"line":42,"column":46}},"3":{"start":{"line":42,"column":31},"end":{"line":42,"column":45}},"4":{"start":{"line":43,"column":4},"end":{"line":46,"column":5}},"5":{"start":{"line":44,"column":6},"end":{"line":44,"column":24}},"6":{"start":{"line":45,"column":6},"end":{"line":45,"column":26}},"7":{"start":{"line":49,"column":20},"end":{"line":49,"column":53}},"8":{"start":{"line":49,"column":35},"end":{"line":49,"column":52}},"9":{"start":{"line":51,"column":2},"end":{"line":79,"column":3}},"10":{"start":{"line":63,"column":10},"end":{"line":70,"column":12}},"11":{"start":{"line":68,"column":27},"end":{"line":68,"column":49}},"12":{"start":{"line":97,"column":17},"end":{"line":97,"column":68}},"13":{"start":{"line":99,"column":2},"end":{"line":166,"column":3}},"14":{"start":{"line":174,"column":21},"end":{"line":182,"column":3}},"15":{"start":{"line":184,"column":24},"end":{"line":231,"column":3}},"16":{"start":{"line":233,"column":2},"end":{"line":233,"column":31}},"17":{"start":{"line":236,"column":15},"end":{"line":249,"column":2}}},"fnMap":{"0":{"name":"Tabs","decl":{"start":{"line":30,"column":24},"end":{"line":30,"column":28}},"loc":{"start":{"line":36,"column":14},"end":{"line":80,"column":1}},"line":36},"1":{"name":"(anonymous_1)","decl":{"start":{"line":41,"column":25},"end":{"line":41,"column":26}},"loc":{"start":{"line":41,"column":44},"end":{"line":47,"column":3}},"line":41},"2":{"name":"(anonymous_2)","decl":{"start":{"line":42,"column":26},"end":{"line":42,"column":27}},"loc":{"start":{"line":42,"column":31},"end":{"line":42,"column":45}},"line":42},"3":{"name":"(anonymous_3)","decl":{"start":{"line":49,"column":30},"end":{"line":49,"column":31}},"loc":{"start":{"line":49,"column":35},"end":{"line":49,"column":52}},"line":49},"4":{"name":"(anonymous_4)","decl":{"start":{"line":62,"column":18},"end":{"line":62,"column":19}},"loc":{"start":{"line":63,"column":10},"end":{"line":70,"column":12}},"line":63},"5":{"name":"(anonymous_5)","decl":{"start":{"line":68,"column":21},"end":{"line":68,"column":22}},"loc":{"start":{"line":68,"column":27},"end":{"line":68,"column":49}},"line":68},"6":{"name":"TabButton","decl":{"start":{"line":90,"column":9},"end":{"line":90,"column":18}},"loc":{"start":{"line":96,"column":19},"end":{"line":167,"column":1}},"line":96},"7":{"name":"getTabButtonStyles","decl":{"start":{"line":169,"column":9},"end":{"line":169,"column":27}},"loc":{"start":{"line":173,"column":2},"end":{"line":234,"column":1}},"line":173}},"branchMap":{"0":{"loc":{"start":{"line":34,"column":2},"end":{"line":34,"column":21}},"type":"default-arg","locations":[{"start":{"line":34,"column":12},"end":{"line":34,"column":21}}],"line":34},"1":{"loc":{"start":{"line":35,"column":2},"end":{"line":35,"column":19}},"type":"default-arg","locations":[{"start":{"line":35,"column":14},"end":{"line":35,"column":19}}],"line":35},"2":{"loc":{"start":{"line":38,"column":4},"end":{"line":38,"column":42}},"type":"binary-expr","locations":[{"start":{"line":38,"column":4},"end":{"line":38,"column":19}},{"start":{"line":38,"column":23},"end":{"line":38,"column":34}},{"start":{"line":38,"column":38},"end":{"line":38,"column":42}}],"line":38},"3":{"loc":{"start":{"line":43,"column":4},"end":{"line":46,"column":5}},"type":"if","locations":[{"start":{"line":43,"column":4},"end":{"line":46,"column":5}},{"start":{},"end":{}}],"line":43},"4":{"loc":{"start":{"line":43,"column":8},"end":{"line":43,"column":28}},"type":"binary-expr","locations":[{"start":{"line":43,"column":8},"end":{"line":43,"column":11}},{"start":{"line":43,"column":15},"end":{"line":43,"column":28}}],"line":43},"5":{"loc":{"start":{"line":59,"column":10},"end":{"line":59,"column":66}},"type":"binary-expr","locations":[{"start":{"line":59,"column":10},"end":{"line":59,"column":19}},{"start":{"line":59,"column":23},"end":{"line":59,"column":66}}],"line":59},"6":{"loc":{"start":{"line":75,"column":7},"end":{"line":77,"column":7}},"type":"binary-expr","locations":[{"start":{"line":75,"column":7},"end":{"line":75,"column":25}},{"start":{"line":76,"column":8},"end":{"line":76,"column":81}}],"line":75},"7":{"loc":{"start":{"line":105,"column":8},"end":{"line":105,"column":58}},"type":"binary-expr","locations":[{"start":{"line":105,"column":8},"end":{"line":105,"column":17}},{"start":{"line":105,"column":21},"end":{"line":105,"column":58}}],"line":105},"8":{"loc":{"start":{"line":110,"column":7},"end":{"line":119,"column":7}},"type":"binary-expr","locations":[{"start":{"line":110,"column":7},"end":{"line":110,"column":15}},{"start":{"line":111,"column":8},"end":{"line":118,"column":15}}],"line":110},"9":{"loc":{"start":{"line":114,"column":21},"end":{"line":114,"column":71}},"type":"cond-expr","locations":[{"start":{"line":114,"column":32},"end":{"line":114,"column":51}},{"start":{"line":114,"column":54},"end":{"line":114,"column":71}}],"line":114},"10":{"loc":{"start":{"line":126,"column":19},"end":{"line":126,"column":69}},"type":"cond-expr","locations":[{"start":{"line":126,"column":30},"end":{"line":126,"column":49}},{"start":{"line":126,"column":52},"end":{"line":126,"column":69}}],"line":126},"11":{"loc":{"start":{"line":127,"column":24},"end":{"line":127,"column":48}},"type":"cond-expr","locations":[{"start":{"line":127,"column":35},"end":{"line":127,"column":40}},{"start":{"line":127,"column":43},"end":{"line":127,"column":48}}],"line":127},"12":{"loc":{"start":{"line":135,"column":7},"end":{"line":149,"column":7}},"type":"binary-expr","locations":[{"start":{"line":135,"column":7},"end":{"line":135,"column":16}},{"start":{"line":136,"column":8},"end":{"line":148,"column":15}}],"line":135},"13":{"loc":{"start":{"line":152,"column":7},"end":{"line":164,"column":7}},"type":"binary-expr","locations":[{"start":{"line":152,"column":7},"end":{"line":152,"column":15}},{"start":{"line":152,"column":19},"end":{"line":152,"column":42}},{"start":{"line":153,"column":8},"end":{"line":163,"column":10}}],"line":152},"14":{"loc":{"start":{"line":176,"column":18},"end":{"line":176,"column":63}},"type":"cond-expr","locations":[{"start":{"line":176,"column":40},"end":{"line":176,"column":51}},{"start":{"line":176,"column":54},"end":{"line":176,"column":63}}],"line":176},"15":{"loc":{"start":{"line":180,"column":13},"end":{"line":180,"column":31}},"type":"cond-expr","locations":[{"start":{"line":180,"column":24},"end":{"line":180,"column":27}},{"start":{"line":180,"column":30},"end":{"line":180,"column":31}}],"line":180},"16":{"loc":{"start":{"line":181,"column":11},"end":{"line":181,"column":53}},"type":"cond-expr","locations":[{"start":{"line":181,"column":22},"end":{"line":181,"column":33}},{"start":{"line":181,"column":36},"end":{"line":181,"column":53}}],"line":181},"17":{"loc":{"start":{"line":189,"column":27},"end":{"line":189,"column":43}},"type":"cond-expr","locations":[{"start":{"line":189,"column":38},"end":{"line":189,"column":39}},{"start":{"line":189,"column":42},"end":{"line":189,"column":43}}],"line":189},"18":{"loc":{"start":{"line":204,"column":25},"end":{"line":204,"column":64}},"type":"cond-expr","locations":[{"start":{"line":204,"column":36},"end":{"line":204,"column":47}},{"start":{"line":204,"column":50},"end":{"line":204,"column":64}}],"line":204},"19":{"loc":{"start":{"line":205,"column":15},"end":{"line":205,"column":53}},"type":"cond-expr","locations":[{"start":{"line":205,"column":26},"end":{"line":205,"column":33}},{"start":{"line":205,"column":36},"end":{"line":205,"column":53}}],"line":205},"20":{"loc":{"start":{"line":209,"column":25},"end":{"line":209,"column":72}},"type":"cond-expr","locations":[{"start":{"line":209,"column":36},"end":{"line":209,"column":59}},{"start":{"line":209,"column":62},"end":{"line":209,"column":72}}],"line":209},"21":{"loc":{"start":{"line":224,"column":25},"end":{"line":224,"column":60}},"type":"cond-expr","locations":[{"start":{"line":224,"column":36},"end":{"line":224,"column":47}},{"start":{"line":224,"column":50},"end":{"line":224,"column":60}}],"line":224}},"s":{"0":0,"1":0,"2":0,"3":0,"4":0,"5":0,"6":0,"7":0,"8":0,"9":0,"10":0,"11":0,"12":0,"13":0,"14":0,"15":0,"16":0,"17":1},"f":{"0":0,"1":0,"2":0,"3":0,"4":0,"5":0,"6":0,"7":0},"b":{"0":[0],"1":[0],"2":[0,0,0],"3":[0,0],"4":[0,0],"5":[0,0],"6":[0,0],"7":[0,0],"8":[0,0],"9":[0,0],"10":[0,0],"11":[0,0],"12":[0,0],"13":[0,0,0],"14":[0,0],"15":[0,0],"16":[0,0],"17":[0,0],"18":[0,0],"19":[0,0],"20":[0,0],"21":[0,0]},"_coverageSchema":"1a1c01bbd47fc00a2c39e90264f33305004495a9","hash":"8dba79beceba525b1e74bf8ccafd117a79899095"}
,"C:\\Users\\DEFCON1\\Desktop\\Cloud Cowork Ordner\\Projekte\\Bundesliga Match Analyzer\\Bundesliga Match Analyzer\\mobile\\src\\components\\Toast.tsx": {"path":"C:\\Users\\DEFCON1\\Desktop\\Cloud Cowork Ordner\\Projekte\\Bundesliga Match Analyzer\\Bundesliga Match Analyzer\\mobile\\src\\components\\Toast.tsx","statementMap":{"0":{"start":{"line":19,"column":21},"end":{"line":19,"column":60}},"1":{"start":{"line":21,"column":2},"end":{"line":28,"column":18}},"2":{"start":{"line":23,"column":4},"end":{"line":27,"column":14}},"3":{"start":{"line":30,"column":24},"end":{"line":39,"column":3}},"4":{"start":{"line":32,"column":4},"end":{"line":38,"column":6}},"5":{"start":{"line":37,"column":6},"end":{"line":37,"column":17}},"6":{"start":{"line":41,"column":24},"end":{"line":51,"column":3}},"7":{"start":{"line":42,"column":4},"end":{"line":50,"column":5}},"8":{"start":{"line":44,"column":8},"end":{"line":44,"column":84}},"9":{"start":{"line":46,"column":8},"end":{"line":46,"column":78}},"10":{"start":{"line":49,"column":8},"end":{"line":49,"column":82}},"11":{"start":{"line":53,"column":18},"end":{"line":63,"column":3}},"12":{"start":{"line":54,"column":4},"end":{"line":62,"column":5}},"13":{"start":{"line":56,"column":8},"end":{"line":56,"column":18}},"14":{"start":{"line":58,"column":8},"end":{"line":58,"column":18}},"15":{"start":{"line":61,"column":8},"end":{"line":61,"column":18}},"16":{"start":{"line":65,"column":2},"end":{"line":113,"column":3}},"17":{"start":{"line":116,"column":15},"end":{"line":139,"column":2}}},"fnMap":{"0":{"name":"Toast","decl":{"start":{"line":18,"column":24},"end":{"line":18,"column":29}},"loc":{"start":{"line":18,"column":72},"end":{"line":114,"column":1}},"line":18},"1":{"name":"(anonymous_1)","decl":{"start":{"line":21,"column":12},"end":{"line":21,"column":13}},"loc":{"start":{"line":21,"column":18},"end":{"line":28,"column":3}},"line":21},"2":{"name":"(anonymous_2)","decl":{"start":{"line":30,"column":24},"end":{"line":30,"column":25}},"loc":{"start":{"line":30,"column":30},"end":{"line":39,"column":3}},"line":30},"3":{"name":"(anonymous_3)","decl":{"start":{"line":36,"column":13},"end":{"line":36,"column":14}},"loc":{"start":{"line":36,"column":19},"end":{"line":38,"column":5}},"line":36},"4":{"name":"(anonymous_4)","decl":{"start":{"line":41,"column":24},"end":{"line":41,"column":25}},"loc":{"start":{"line":41,"column":30},"end":{"line":51,"column":3}},"line":41},"5":{"name":"(anonymous_5)","decl":{"start":{"line":53,"column":18},"end":{"line":53,"column":19}},"loc":{"start":{"line":53,"column":24},"end":{"line":63,"column":3}},"line":53}},"branchMap":{"0":{"loc":{"start":{"line":42,"column":4},"end":{"line":50,"column":5}},"type":"switch","locations":[{"start":{"line":43,"column":6},"end":{"line":44,"column":84}},{"start":{"line":45,"column":6},"end":{"line":46,"column":78}},{"start":{"line":47,"column":6},"end":{"line":47,"column":18}},{"start":{"line":48,"column":6},"end":{"line":49,"column":82}}],"line":42},"1":{"loc":{"start":{"line":54,"column":4},"end":{"line":62,"column":5}},"type":"switch","locations":[{"start":{"line":55,"column":6},"end":{"line":56,"column":18}},{"start":{"line":57,"column":6},"end":{"line":58,"column":18}},{"start":{"line":59,"column":6},"end":{"line":59,"column":18}},{"start":{"line":60,"column":6},"end":{"line":61,"column":18}}],"line":54}},"s":{"0":0,"1":0,"2":0,"3":0,"4":0,"5":0,"6":0,"7":0,"8":0,"9":0,"10":0,"11":0,"12":0,"13":0,"14":0,"15":0,"16":0,"17":3},"f":{"0":0,"1":0,"2":0,"3":0,"4":0,"5":0},"b":{"0":[0,0,0,0],"1":[0,0,0,0]},"_coverageSchema":"1a1c01bbd47fc00a2c39e90264f33305004495a9","hash":"464ef54d46c6f9fe69aeb06b97543249c4b62937"}
,"C:\\Users\\DEFCON1\\Desktop\\Cloud Cowork Ordner\\Projekte\\Bundesliga Match Analyzer\\Bundesliga Match Analyzer\\mobile\\src\\components\\skeletons\\MatchCardSkeleton.tsx": {"path":"C:\\Users\\DEFCON1\\Desktop\\Cloud Cowork Ordner\\Projekte\\Bundesliga Match Analyzer\\Bundesliga Match Analyzer\\mobile\\src\\components\\skeletons\\MatchCardSkeleton.tsx","statementMap":{"0":{"start":{"line":7,"column":18},"end":{"line":7,"column":57}},"1":{"start":{"line":8,"column":23},"end":{"line":8,"column":48}},"2":{"start":{"line":10,"column":2},"end":{"line":32,"column":29}},"3":{"start":{"line":12,"column":4},"end":{"line":15,"column":5}},"4":{"start":{"line":13,"column":6},"end":{"line":13,"column":27}},"5":{"start":{"line":14,"column":6},"end":{"line":14,"column":12}},"6":{"start":{"line":18,"column":4},"end":{"line":31,"column":13}},"7":{"start":{"line":34,"column":2},"end":{"line":55,"column":3}},"8":{"start":{"line":58,"column":15},"end":{"line":109,"column":2}}},"fnMap":{"0":{"name":"MatchCardSkeleton","decl":{"start":{"line":6,"column":16},"end":{"line":6,"column":33}},"loc":{"start":{"line":6,"column":36},"end":{"line":56,"column":1}},"line":6},"1":{"name":"(anonymous_1)","decl":{"start":{"line":10,"column":12},"end":{"line":10,"column":13}},"loc":{"start":{"line":10,"column":18},"end":{"line":32,"column":3}},"line":10}},"branchMap":{"0":{"loc":{"start":{"line":12,"column":4},"end":{"line":15,"column":5}},"type":"if","locations":[{"start":{"line":12,"column":4},"end":{"line":15,"column":5}},{"start":{},"end":{}}],"line":12}},"s":{"0":0,"1":0,"2":0,"3":0,"4":0,"5":0,"6":0,"7":0,"8":2},"f":{"0":0,"1":0},"b":{"0":[0,0]},"_coverageSchema":"1a1c01bbd47fc00a2c39e90264f33305004495a9","hash":"6fa5dfa3f71e600a97eb7f9218874b91fc45d5f5"}
,"C:\\Users\\DEFCON1\\Desktop\\Cloud Cowork Ordner\\Projekte\\Bundesliga Match Analyzer\\Bundesliga Match Analyzer\\mobile\\src\\config\\firebase.config.ts": {"path":"C:\\Users\\DEFCON1\\Desktop\\Cloud Cowork Ordner\\Projekte\\Bundesliga Match Analyzer\\Bundesliga Match Analyzer\\mobile\\src\\config\\firebase.config.ts","statementMap":{"0":{"start":{"line":18,"column":2},"end":{"line":62,"column":3}},"1":{"start":{"line":20,"column":23},"end":{"line":20,"column":60}},"2":{"start":{"line":22,"column":6},"end":{"line":23,"column":62}},"3":{"start":{"line":25,"column":4},"end":{"line":28,"column":5}},"4":{"start":{"line":26,"column":6},"end":{"line":26,"column":58}},"5":{"start":{"line":27,"column":6},"end":{"line":27,"column":12}},"6":{"start":{"line":31,"column":4},"end":{"line":41,"column":6}},"7":{"start":{"line":32,"column":6},"end":{"line":32,"column":64}},"8":{"start":{"line":34,"column":6},"end":{"line":40,"column":8}},"9":{"start":{"line":44,"column":4},"end":{"line":46,"column":6}},"10":{"start":{"line":45,"column":6},"end":{"line":45,"column":56}},"11":{"start":{"line":49,"column":4},"end":{"line":51,"column":6}},"12":{"start":{"line":50,"column":6},"end":{"line":50,"column":64}},"13":{"start":{"line":54,"column":32},"end":{"line":54,"column":74}},"14":{"start":{"line":55,"column":4},"end":{"line":57,"column":5}},"15":{"start":{"line":56,"column":6},"end":{"line":56,"column":63}},"16":{"start":{"line":59,"column":4},"end":{"line":59,"column":62}},"17":{"start":{"line":61,"column":4},"end":{"line":61,"column":68}},"18":{"start":{"line":69,"column":2},"end":{"line":76,"column":3}},"19":{"start":{"line":70,"column":18},"end":{"line":70,"column":46}},"20":{"start":{"line":71,"column":4},"end":{"line":71,"column":52}},"21":{"start":{"line":72,"column":4},"end":{"line":72,"column":16}},"22":{"start":{"line":74,"column":4},"end":{"line":74,"column":59}},"23":{"start":{"line":75,"column":4},"end":{"line":75,"column":15}},"24":{"start":{"line":86,"column":22},"end":{"line":89,"column":4}},"25":{"start":{"line":87,"column":4},"end":{"line":87,"column":46}},"26":{"start":{"line":88,"column":4},"end":{"line":88,"column":19}},"27":{"start":{"line":91,"column":2},"end":{"line":91,"column":20}},"28":{"start":{"line":101,"column":2},"end":{"line":107,"column":4}},"29":{"start":{"line":102,"column":37},"end":{"line":106,"column":5}},"30":{"start":{"line":114,"column":2},"end":{"line":119,"column":3}},"31":{"start":{"line":115,"column":4},"end":{"line":115,"column":46}},"32":{"start":{"line":116,"column":4},"end":{"line":116,"column":45}},"33":{"start":{"line":118,"column":4},"end":{"line":118,"column":64}}},"fnMap":{"0":{"name":"initializeFirebaseMessaging","decl":{"start":{"line":17,"column":22},"end":{"line":17,"column":49}},"loc":{"start":{"line":17,"column":67},"end":{"line":63,"column":1}},"line":17},"1":{"name":"(anonymous_1)","decl":{"start":{"line":31,"column":26},"end":{"line":31,"column":27}},"loc":{"start":{"line":31,"column":51},"end":{"line":41,"column":5}},"line":31},"2":{"name":"(anonymous_2)","decl":{"start":{"line":44,"column":40},"end":{"line":44,"column":41}},"loc":{"start":{"line":44,"column":59},"end":{"line":46,"column":5}},"line":44},"3":{"name":"(anonymous_3)","decl":{"start":{"line":49,"column":44},"end":{"line":49,"column":45}},"loc":{"start":{"line":49,"column":69},"end":{"line":51,"column":5}},"line":49},"4":{"name":"getDeviceToken","decl":{"start":{"line":68,"column":22},"end":{"line":68,"column":36}},"loc":{"start":{"line":68,"column":63},"end":{"line":77,"column":1}},"line":68},"5":{"name":"onDeviceTokenRefresh","decl":{"start":{"line":83,"column":16},"end":{"line":83,"column":36}},"loc":{"start":{"line":85,"column":14},"end":{"line":92,"column":1}},"line":85},"6":{"name":"(anonymous_6)","decl":{"start":{"line":86,"column":49},"end":{"line":86,"column":50}},"loc":{"start":{"line":86,"column":60},"end":{"line":89,"column":3}},"line":86},"7":{"name":"configureNotificationBehavior","decl":{"start":{"line":100,"column":16},"end":{"line":100,"column":45}},"loc":{"start":{"line":100,"column":54},"end":{"line":108,"column":1}},"line":100},"8":{"name":"(anonymous_8)","decl":{"start":{"line":102,"column":24},"end":{"line":102,"column":25}},"loc":{"start":{"line":102,"column":37},"end":{"line":106,"column":5}},"line":102},"9":{"name":"enableFirebaseAnalytics","decl":{"start":{"line":113,"column":22},"end":{"line":113,"column":45}},"loc":{"start":{"line":113,"column":63},"end":{"line":120,"column":1}},"line":113}},"branchMap":{"0":{"loc":{"start":{"line":22,"column":6},"end":{"line":23,"column":62}},"type":"binary-expr","locations":[{"start":{"line":22,"column":6},"end":{"line":22,"column":61}},{"start":{"line":23,"column":6},"end":{"line":23,"column":62}}],"line":22},"1":{"loc":{"start":{"line":25,"column":4},"end":{"line":28,"column":5}},"type":"if","locations":[{"start":{"line":25,"column":4},"end":{"line":28,"column":5}},{"start":{},"end":{}}],"line":25},"2":{"loc":{"start":{"line":36,"column":17},"end":{"line":36,"column":68}},"type":"binary-expr","locations":[{"start":{"line":36,"column":17},"end":{"line":36,"column":50}},{"start":{"line":36,"column":54},"end":{"line":36,"column":68}}],"line":36},"3":{"loc":{"start":{"line":37,"column":16},"end":{"line":37,"column":54}},"type":"binary-expr","locations":[{"start":{"line":37,"column":16},"end":{"line":37,"column":48}},{"start":{"line":37,"column":52},"end":{"line":37,"column":54}}],"line":37},"4":{"loc":{"start":{"line":38,"column":16},"end":{"line":38,"column":40}},"type":"binary-expr","locations":[{"start":{"line":38,"column":16},"end":{"line":38,"column":34}},{"start":{"line":38,"column":38},"end":{"line":38,"column":40}}],"line":38},"5":{"loc":{"start":{"line":55,"column":4},"end":{"line":57,"column":5}},"type":"if","locations":[{"start":{"line":55,"column":4},"end":{"line":57,"column":5}},{"start":{},"end":{}}],"line":55}},"s":{"0":8,"1":8,"2":7,"3":7,"4":1,"5":1,"6":6,"7":0,"8":0,"9":6,"10":0,"11":6,"12":0,"13":6,"14":6,"15":0,"16":6,"17":1,"18":4,"19":4,"20":2,"21":2,"22":2,"23":2,"24":4,"25":2,"26":2,"27":4,"28":4,"29":3,"30":3,"31":3,"32":2,"33":1},"f":{"0":8,"1":0,"2":0,"3":0,"4":4,"5":4,"6":2,"7":4,"8":3,"9":3},"b":{"0":[7,2],"1":[1,6],"2":[0,0],"3":[0,0],"4":[0,0],"5":[0,6]},"_coverageSchema":"1a1c01bbd47fc00a2c39e90264f33305004495a9","hash":"9141ecc0a559faa7679b33b1b23ed71c090b155f"}
,"C:\\Users\\DEFCON1\\Desktop\\Cloud Cowork Ordner\\Projekte\\Bundesliga Match Analyzer\\Bundesliga Match Analyzer\\mobile\\src\\context\\AuthContext.tsx": {"path":"C:\\Users\\DEFCON1\\Desktop\\Cloud Cowork Ordner\\Projekte\\Bundesliga Match Analyzer\\Bundesliga Match Analyzer\\mobile\\src\\context\\AuthContext.tsx","statementMap":{"0":{"start":{"line":23,"column":20},"end":{"line":23,"column":73}},"1":{"start":{"line":26,"column":26},"end":{"line":26,"column":53}},"2":{"start":{"line":27,"column":32},"end":{"line":27,"column":46}},"3":{"start":{"line":28,"column":28},"end":{"line":28,"column":57}},"4":{"start":{"line":31,"column":2},"end":{"line":33,"column":8}},"5":{"start":{"line":32,"column":4},"end":{"line":32,"column":20}},"6":{"start":{"line":35,"column":25},"end":{"line":52,"column":3}},"7":{"start":{"line":36,"column":4},"end":{"line":51,"column":5}},"8":{"start":{"line":37,"column":26},"end":{"line":37,"column":66}},"9":{"start":{"line":38,"column":6},"end":{"line":43,"column":7}},"10":{"start":{"line":40,"column":24},"end":{"line":40,"column":54}},"11":{"start":{"line":41,"column":8},"end":{"line":41,"column":32}},"12":{"start":{"line":42,"column":8},"end":{"line":42,"column":29}},"13":{"start":{"line":45,"column":6},"end":{"line":45,"column":56}},"14":{"start":{"line":47,"column":6},"end":{"line":47,"column":49}},"15":{"start":{"line":48,"column":6},"end":{"line":48,"column":52}},"16":{"start":{"line":50,"column":6},"end":{"line":50,"column":23}},"17":{"start":{"line":54,"column":16},"end":{"line":71,"column":3}},"18":{"start":{"line":55,"column":4},"end":{"line":70,"column":5}},"19":{"start":{"line":56,"column":23},"end":{"line":56,"column":63}},"20":{"start":{"line":57,"column":46},"end":{"line":57,"column":54}},"21":{"start":{"line":60,"column":6},"end":{"line":60,"column":60}},"22":{"start":{"line":61,"column":6},"end":{"line":61,"column":64}},"23":{"start":{"line":62,"column":6},"end":{"line":62,"column":28}},"24":{"start":{"line":65,"column":22},"end":{"line":65,"column":52}},"25":{"start":{"line":66,"column":6},"end":{"line":66,"column":30}},"26":{"start":{"line":68,"column":6},"end":{"line":68,"column":43}},"27":{"start":{"line":69,"column":6},"end":{"line":69,"column":17}},"28":{"start":{"line":73,"column":19},"end":{"line":90,"column":3}},"29":{"start":{"line":74,"column":4},"end":{"line":89,"column":5}},"30":{"start":{"line":75,"column":23},"end":{"line":75,"column":76}},"31":{"start":{"line":76,"column":46},"end":{"line":76,"column":54}},"32":{"start":{"line":79,"column":6},"end":{"line":79,"column":60}},"33":{"start":{"line":80,"column":6},"end":{"line":80,"column":64}},"34":{"start":{"line":81,"column":6},"end":{"line":81,"column":28}},"35":{"start":{"line":84,"column":22},"end":{"line":84,"column":52}},"36":{"start":{"line":85,"column":6},"end":{"line":85,"column":30}},"37":{"start":{"line":87,"column":6},"end":{"line":87,"column":50}},"38":{"start":{"line":88,"column":6},"end":{"line":88,"column":17}},"39":{"start":{"line":92,"column":17},"end":{"line":105,"column":3}},"40":{"start":{"line":93,"column":4},"end":{"line":104,"column":5}},"41":{"start":{"line":95,"column":6},"end":{"line":95,"column":32}},"42":{"start":{"line":97,"column":6},"end":{"line":97,"column":51}},"43":{"start":{"line":100,"column":6},"end":{"line":100,"column":49}},"44":{"start":{"line":101,"column":6},"end":{"line":101,"column":52}},"45":{"start":{"line":102,"column":6},"end":{"line":102,"column":19}},"46":{"start":{"line":103,"column":6},"end":{"line":103,"column":20}},"47":{"start":{"line":107,"column":23},"end":{"line":121,"column":3}},"48":{"start":{"line":108,"column":4},"end":{"line":120,"column":5}},"49":{"start":{"line":109,"column":23},"end":{"line":109,"column":55}},"50":{"start":{"line":110,"column":31},"end":{"line":110,"column":39}},"51":{"start":{"line":113,"column":6},"end":{"line":113,"column":60}},"52":{"start":{"line":114,"column":6},"end":{"line":114,"column":28}},"53":{"start":{"line":116,"column":6},"end":{"line":116,"column":51}},"54":{"start":{"line":118,"column":6},"end":{"line":118,"column":20}},"55":{"start":{"line":119,"column":6},"end":{"line":119,"column":17}},"56":{"start":{"line":123,"column":2},"end":{"line":137,"column":3}},"57":{"start":{"line":141,"column":18},"end":{"line":141,"column":41}},"58":{"start":{"line":142,"column":2},"end":{"line":144,"column":3}},"59":{"start":{"line":143,"column":4},"end":{"line":143,"column":66}},"60":{"start":{"line":145,"column":2},"end":{"line":145,"column":16}}},"fnMap":{"0":{"name":"AuthProvider","decl":{"start":{"line":25,"column":16},"end":{"line":25,"column":28}},"loc":{"start":{"line":25,"column":74},"end":{"line":138,"column":1}},"line":25},"1":{"name":"(anonymous_1)","decl":{"start":{"line":31,"column":12},"end":{"line":31,"column":13}},"loc":{"start":{"line":31,"column":18},"end":{"line":33,"column":3}},"line":31},"2":{"name":"(anonymous_2)","decl":{"start":{"line":35,"column":25},"end":{"line":35,"column":26}},"loc":{"start":{"line":35,"column":37},"end":{"line":52,"column":3}},"line":35},"3":{"name":"(anonymous_3)","decl":{"start":{"line":54,"column":16},"end":{"line":54,"column":17}},"loc":{"start":{"line":54,"column":59},"end":{"line":71,"column":3}},"line":54},"4":{"name":"(anonymous_4)","decl":{"start":{"line":73,"column":19},"end":{"line":73,"column":20}},"loc":{"start":{"line":73,"column":81},"end":{"line":90,"column":3}},"line":73},"5":{"name":"(anonymous_5)","decl":{"start":{"line":92,"column":17},"end":{"line":92,"column":18}},"loc":{"start":{"line":92,"column":29},"end":{"line":105,"column":3}},"line":92},"6":{"name":"(anonymous_6)","decl":{"start":{"line":107,"column":23},"end":{"line":107,"column":24}},"loc":{"start":{"line":107,"column":35},"end":{"line":121,"column":3}},"line":107},"7":{"name":"useAuth","decl":{"start":{"line":140,"column":16},"end":{"line":140,"column":23}},"loc":{"start":{"line":140,"column":26},"end":{"line":146,"column":1}},"line":140}},"branchMap":{"0":{"loc":{"start":{"line":38,"column":6},"end":{"line":43,"column":7}},"type":"if","locations":[{"start":{"line":38,"column":6},"end":{"line":43,"column":7}},{"start":{},"end":{}}],"line":38},"1":{"loc":{"start":{"line":142,"column":2},"end":{"line":144,"column":3}},"type":"if","locations":[{"start":{"line":142,"column":2},"end":{"line":144,"column":3}},{"start":{},"end":{}}],"line":142}},"s":{"0":6,"1":0,"2":0,"3":0,"4":0,"5":0,"6":0,"7":0,"8":0,"9":0,"10":0,"11":0,"12":0,"13":0,"14":0,"15":0,"16":0,"17":0,"18":0,"19":0,"20":0,"21":0,"22":0,"23":0,"24":0,"25":0,"26":0,"27":0,"28":0,"29":0,"30":0,"31":0,"32":0,"33":0,"34":0,"35":0,"36":0,"37":0,"38":0,"39":0,"40":0,"41":0,"42":0,"43":0,"44":0,"45":0,"46":0,"47":0,"48":0,"49":0,"50":0,"51":0,"52":0,"53":0,"54":0,"55":0,"56":0,"57":0,"58":0,"59":0,"60":0},"f":{"0":0,"1":0,"2":0,"3":0,"4":0,"5":0,"6":0,"7":0},"b":{"0":[0,0],"1":[0,0]},"_coverageSchema":"1a1c01bbd47fc00a2c39e90264f33305004495a9","hash":"c863f4350bb8e3045d3d1df8ed3d5f6b66df3a69"}
,"C:\\Users\\DEFCON1\\Desktop\\Cloud Cowork Ordner\\Projekte\\Bundesliga Match Analyzer\\Bundesliga Match Analyzer\\mobile\\src\\context\\NotificationContext.tsx": {"path":"C:\\Users\\DEFCON1\\Desktop\\Cloud Cowork Ordner\\Projekte\\Bundesliga Match Analyzer\\Bundesliga Match Analyzer\\mobile\\src\\context\\NotificationContext.tsx","statementMap":{"0":{"start":{"line":35,"column":28},"end":{"line":37,"column":1}},"1":{"start":{"line":46,"column":44},"end":{"line":46,"column":79}},"2":{"start":{"line":48,"column":4},"end":{"line":48,"column":46}},"3":{"start":{"line":49,"column":40},"end":{"line":49,"column":51}},"4":{"start":{"line":50,"column":44},"end":{"line":50,"column":59}},"5":{"start":{"line":51,"column":56},"end":{"line":53,"column":3}},"6":{"start":{"line":54,"column":21},"end":{"line":54,"column":41}},"7":{"start":{"line":56,"column":2},"end":{"line":124,"column":18}},"8":{"start":{"line":57,"column":36},"end":{"line":117,"column":5}},"9":{"start":{"line":58,"column":6},"end":{"line":116,"column":7}},"10":{"start":{"line":60,"column":8},"end":{"line":60,"column":39}},"11":{"start":{"line":63,"column":8},"end":{"line":63,"column":43}},"12":{"start":{"line":67,"column":10},"end":{"line":87,"column":12}},"13":{"start":{"line":68,"column":49},"end":{"line":77,"column":13}},"14":{"start":{"line":79,"column":12},"end":{"line":83,"column":14}},"15":{"start":{"line":80,"column":30},"end":{"line":80,"column":48}},"16":{"start":{"line":82,"column":14},"end":{"line":82,"column":41}},"17":{"start":{"line":85,"column":12},"end":{"line":85,"column":40}},"18":{"start":{"line":86,"column":12},"end":{"line":86,"column":46}},"19":{"start":{"line":86,"column":37},"end":{"line":86,"column":45}},"20":{"start":{"line":91,"column":10},"end":{"line":103,"column":12}},"21":{"start":{"line":92,"column":25},"end":{"line":92,"column":67}},"22":{"start":{"line":95,"column":12},"end":{"line":97,"column":13}},"23":{"start":{"line":96,"column":14},"end":{"line":96,"column":66}},"24":{"start":{"line":100,"column":12},"end":{"line":102,"column":13}},"25":{"start":{"line":101,"column":14},"end":{"line":101,"column":52}},"26":{"start":{"line":105,"column":8},"end":{"line":105,"column":30}},"27":{"start":{"line":107,"column":8},"end":{"line":110,"column":9}},"28":{"start":{"line":108,"column":10},"end":{"line":108,"column":40}},"29":{"start":{"line":109,"column":10},"end":{"line":109,"column":33}},"30":{"start":{"line":113,"column":10},"end":{"line":113,"column":77}},"31":{"start":{"line":114,"column":8},"end":{"line":114,"column":44}},"32":{"start":{"line":115,"column":8},"end":{"line":115,"column":64}},"33":{"start":{"line":119,"column":20},"end":{"line":119,"column":45}},"34":{"start":{"line":121,"column":4},"end":{"line":123,"column":5}},"35":{"start":{"line":122,"column":6},"end":{"line":122,"column":52}},"36":{"start":{"line":122,"column":36},"end":{"line":122,"column":51}},"37":{"start":{"line":126,"column":29},"end":{"line":131,"column":3}},"38":{"start":{"line":127,"column":4},"end":{"line":127,"column":24}},"39":{"start":{"line":128,"column":4},"end":{"line":128,"column":29}},"40":{"start":{"line":129,"column":4},"end":{"line":129,"column":21}},"41":{"start":{"line":130,"column":4},"end":{"line":130,"column":40}},"42":{"start":{"line":133,"column":21},"end":{"line":144,"column":3}},"43":{"start":{"line":134,"column":4},"end":{"line":138,"column":5}},"44":{"start":{"line":135,"column":6},"end":{"line":137,"column":7}},"45":{"start":{"line":136,"column":8},"end":{"line":136,"column":58}},"46":{"start":{"line":140,"column":4},"end":{"line":143,"column":6}},"47":{"start":{"line":141,"column":27},"end":{"line":141,"column":65}},"48":{"start":{"line":141,"column":53},"end":{"line":141,"column":64}},"49":{"start":{"line":142,"column":6},"end":{"line":142,"column":65}},"50":{"start":{"line":146,"column":41},"end":{"line":154,"column":3}},"51":{"start":{"line":156,"column":2},"end":{"line":160,"column":3}},"52":{"start":{"line":164,"column":18},"end":{"line":164,"column":49}},"53":{"start":{"line":165,"column":2},"end":{"line":167,"column":3}},"54":{"start":{"line":166,"column":4},"end":{"line":166,"column":79}},"55":{"start":{"line":168,"column":2},"end":{"line":168,"column":16}}},"fnMap":{"0":{"name":"NotificationProvider","decl":{"start":{"line":43,"column":16},"end":{"line":43,"column":36}},"loc":{"start":{"line":45,"column":50},"end":{"line":161,"column":1}},"line":45},"1":{"name":"(anonymous_1)","decl":{"start":{"line":56,"column":12},"end":{"line":56,"column":13}},"loc":{"start":{"line":56,"column":18},"end":{"line":124,"column":3}},"line":56},"2":{"name":"(anonymous_2)","decl":{"start":{"line":57,"column":36},"end":{"line":57,"column":37}},"loc":{"start":{"line":57,"column":48},"end":{"line":117,"column":5}},"line":57},"3":{"name":"(anonymous_3)","decl":{"start":{"line":67,"column":56},"end":{"line":67,"column":57}},"loc":{"start":{"line":67,"column":74},"end":{"line":87,"column":11}},"line":67},"4":{"name":"(anonymous_4)","decl":{"start":{"line":79,"column":29},"end":{"line":79,"column":30}},"loc":{"start":{"line":79,"column":39},"end":{"line":83,"column":13}},"line":79},"5":{"name":"(anonymous_5)","decl":{"start":{"line":86,"column":27},"end":{"line":86,"column":28}},"loc":{"start":{"line":86,"column":37},"end":{"line":86,"column":45}},"line":86},"6":{"name":"(anonymous_6)","decl":{"start":{"line":91,"column":64},"end":{"line":91,"column":65}},"loc":{"start":{"line":91,"column":78},"end":{"line":103,"column":11}},"line":91},"7":{"name":"(anonymous_7)","decl":{"start":{"line":107,"column":15},"end":{"line":107,"column":16}},"loc":{"start":{"line":107,"column":21},"end":{"line":110,"column":9}},"line":107},"8":{"name":"(anonymous_8)","decl":{"start":{"line":121,"column":11},"end":{"line":121,"column":12}},"loc":{"start":{"line":121,"column":17},"end":{"line":123,"column":5}},"line":121},"9":{"name":"(anonymous_9)","decl":{"start":{"line":122,"column":19},"end":{"line":122,"column":20}},"loc":{"start":{"line":122,"column":36},"end":{"line":122,"column":51}},"line":122},"10":{"name":"(anonymous_10)","decl":{"start":{"line":126,"column":29},"end":{"line":126,"column":30}},"loc":{"start":{"line":126,"column":35},"end":{"line":131,"column":3}},"line":126},"11":{"name":"(anonymous_11)","decl":{"start":{"line":133,"column":21},"end":{"line":133,"column":22}},"loc":{"start":{"line":133,"column":37},"end":{"line":144,"column":3}},"line":133},"12":{"name":"(anonymous_12)","decl":{"start":{"line":134,"column":21},"end":{"line":134,"column":22}},"loc":{"start":{"line":135,"column":6},"end":{"line":137,"column":7}},"line":135},"13":{"name":"(anonymous_13)","decl":{"start":{"line":135,"column":15},"end":{"line":135,"column":16}},"loc":{"start":{"line":136,"column":8},"end":{"line":136,"column":58}},"line":136},"14":{"name":"(anonymous_14)","decl":{"start":{"line":140,"column":19},"end":{"line":140,"column":20}},"loc":{"start":{"line":140,"column":29},"end":{"line":143,"column":5}},"line":140},"15":{"name":"(anonymous_15)","decl":{"start":{"line":141,"co
[...]
ne":219,"column":2},"end":{"line":219,"column":3}},"loc":{"start":{"line":219,"column":50},"end":{"line":222,"column":3}},"line":219},"20":{"name":"(anonymous_20)","decl":{"start":{"line":263,"column":2},"end":{"line":263,"column":3}},"loc":{"start":{"line":263,"column":47},"end":{"line":266,"column":3}},"line":263},"21":{"name":"(anonymous_21)","decl":{"start":{"line":267,"column":2},"end":{"line":267,"column":3}},"loc":{"start":{"line":267,"column":57},"end":{"line":270,"column":3}},"line":267},"22":{"name":"(anonymous_22)","decl":{"start":{"line":271,"column":2},"end":{"line":271,"column":3}},"loc":{"start":{"line":271,"column":56},"end":{"line":274,"column":3}},"line":271},"23":{"name":"(anonymous_23)","decl":{"start":{"line":275,"column":2},"end":{"line":275,"column":3}},"loc":{"start":{"line":275,"column":56},"end":{"line":278,"column":3}},"line":275},"24":{"name":"(anonymous_24)","decl":{"start":{"line":279,"column":2},"end":{"line":279,"column":3}},"loc":{"start":{"line":279,"column":62},"end":{"line":282,"column":3}},"line":279},"25":{"name":"(anonymous_25)","decl":{"start":{"line":313,"column":2},"end":{"line":313,"column":3}},"loc":{"start":{"line":313,"column":58},"end":{"line":316,"column":3}},"line":313},"26":{"name":"(anonymous_26)","decl":{"start":{"line":317,"column":2},"end":{"line":317,"column":3}},"loc":{"start":{"line":317,"column":102},"end":{"line":322,"column":3}},"line":317},"27":{"name":"(anonymous_27)","decl":{"start":{"line":323,"column":2},"end":{"line":323,"column":3}},"loc":{"start":{"line":323,"column":57},"end":{"line":326,"column":3}},"line":323},"28":{"name":"(anonymous_28)","decl":{"start":{"line":327,"column":2},"end":{"line":327,"column":3}},"loc":{"start":{"line":327,"column":53},"end":{"line":330,"column":3}},"line":327},"29":{"name":"(anonymous_29)","decl":{"start":{"line":331,"column":2},"end":{"line":331,"column":3}},"loc":{"start":{"line":331,"column":64},"end":{"line":334,"column":3}},"line":331},"30":{"name":"(anonymous_30)","decl":{"start":{"line":360,"column":2},"end":{"line":360,"column":3}},"loc":{"start":{"line":360,"column":60},"end":{"line":363,"column":3}},"line":360},"31":{"name":"(anonymous_31)","decl":{"start":{"line":364,"column":2},"end":{"line":364,"column":3}},"loc":{"start":{"line":364,"column":52},"end":{"line":367,"column":3}},"line":364},"32":{"name":"(anonymous_32)","decl":{"start":{"line":368,"column":2},"end":{"line":368,"column":3}},"loc":{"start":{"line":368,"column":98},"end":{"line":375,"column":3}},"line":368},"33":{"name":"(anonymous_33)","decl":{"start":{"line":376,"column":2},"end":{"line":376,"column":3}},"loc":{"start":{"line":376,"column":63},"end":{"line":379,"column":3}},"line":376},"34":{"name":"(anonymous_34)","decl":{"start":{"line":380,"column":2},"end":{"line":380,"column":3}},"loc":{"start":{"line":380,"column":70},"end":{"line":383,"column":3}},"line":380},"35":{"name":"(anonymous_35)","decl":{"start":{"line":409,"column":2},"end":{"line":409,"column":3}},"loc":{"start":{"line":409,"column":65},"end":{"line":412,"column":3}},"line":409},"36":{"name":"(anonymous_36)","decl":{"start":{"line":414,"column":2},"end":{"line":414,"column":3}},"loc":{"start":{"line":414,"column":70},"end":{"line":423,"column":3}},"line":414},"37":{"name":"(anonymous_37)","decl":{"start":{"line":425,"column":2},"end":{"line":425,"column":3}},"loc":{"start":{"line":425,"column":17},"end":{"line":432,"column":3}},"line":425},"38":{"name":"(anonymous_38)","decl":{"start":{"line":434,"column":2},"end":{"line":434,"column":3}},"loc":{"start":{"line":434,"column":36},"end":{"line":437,"column":3}},"line":434},"39":{"name":"(anonymous_39)","decl":{"start":{"line":439,"column":2},"end":{"line":439,"column":3}},"loc":{"start":{"line":439,"column":46},"end":{"line":451,"column":3}},"line":439},"40":{"name":"(anonymous_40)","decl":{"start":{"line":453,"column":2},"end":{"line":453,"column":3}},"loc":{"start":{"line":453,"column":39},"end":{"line":456,"column":3}},"line":453},"41":{"name":"(anonymous_41)","decl":{"start":{"line":458,"column":2},"end":{"line":458,"column":3}},"loc":{"start":{"line":458,"column":43},"end":{"line":460,"column":3}},"line":458},"42":{"name":"(anonymous_42)","decl":{"start":{"line":497,"column":2},"end":{"line":497,"column":3}},"loc":{"start":{"line":497,"column":59},"end":{"line":500,"column":3}},"line":497},"43":{"name":"(anonymous_43)","decl":{"start":{"line":502,"column":2},"end":{"line":502,"column":3}},"loc":{"start":{"line":502,"column":149},"end":{"line":505,"column":3}},"line":502},"44":{"name":"(anonymous_44)","decl":{"start":{"line":507,"column":2},"end":{"line":507,"column":3}},"loc":{"start":{"line":507,"column":111},"end":{"line":510,"column":3}},"line":507},"45":{"name":"(anonymous_45)","decl":{"start":{"line":512,"column":2},"end":{"line":512,"column":3}},"loc":{"start":{"line":512,"column":104},"end":{"line":517,"column":3}},"line":512},"46":{"name":"(anonymous_46)","decl":{"start":{"line":519,"column":2},"end":{"line":519,"column":3}},"loc":{"start":{"line":519,"column":139},"end":{"line":522,"column":3}},"line":519},"47":{"name":"(anonymous_47)","decl":{"start":{"line":529,"column":2},"end":{"line":529,"column":3}},"loc":{"start":{"line":529,"column":16},"end":{"line":529,"column":24}},"line":529},"48":{"name":"(anonymous_48)","decl":{"start":{"line":530,"column":2},"end":{"line":530,"column":3}},"loc":{"start":{"line":530,"column":19},"end":{"line":548,"column":3}},"line":530}},"branchMap":{"0":{"loc":{"start":{"line":8,"column":21},"end":{"line":10,"column":40}},"type":"cond-expr","locations":[{"start":{"line":9,"column":4},"end":{"line":9,"column":34}},{"start":{"line":10,"column":4},"end":{"line":10,"column":40}}],"line":8},"1":{"loc":{"start":{"line":18,"column":2},"end":{"line":18,"column":61}},"type":"if","locations":[{"start":{"line":18,"column":2},"end":{"line":18,"column":61}},{"start":{},"end":{}}],"line":18},"2":{"loc":{"start":{"line":103,"column":23},"end":{"line":103,"column":57}},"type":"default-arg","locations":[{"start":{"line":103,"column":33},"end":{"line":103,"column":57}}],"line":103},"3":{"loc":{"start":{"line":122,"column":4},"end":{"line":122,"column":23}},"type":"default-arg","locations":[{"start":{"line":122,"column":19},"end":{"line":122,"column":23}}],"line":122},"4":{"loc":{"start":{"line":123,"column":4},"end":{"line":123,"column":19}},"type":"default-arg","locations":[{"start":{"line":123,"column":14},"end":{"line":123,"column":19}}],"line":123},"5":{"loc":{"start":{"line":128,"column":8},"end":{"line":132,"column":9}},"type":"if","locations":[{"start":{"line":128,"column":8},"end":{"line":132,"column":9}},{"start":{},"end":{}}],"line":128},"6":{"loc":{"start":{"line":135,"column":10},"end":{"line":144,"column":11}},"type":"if","locations":[{"start":{"line":135,"column":10},"end":{"line":144,"column":11}},{"start":{"line":138,"column":17},"end":{"line":144,"column":11}}],"line":135},"7":{"loc":{"start":{"line":138,"column":17},"end":{"line":144,"column":11}},"type":"if","locations":[{"start":{"line":138,"column":17},"end":{"line":144,"column":11}},{"start":{"line":141,"column":17},"end":{"line":144,"column":11}}],"line":138},"8":{"loc":{"start":{"line":141,"column":17},"end":{"line":144,"column":11}},"type":"if","locations":[{"start":{"line":141,"column":17},"end":{"line":144,"column":11}},{"start":{},"end":{}}],"line":141},"9":{"loc":{"start":{"line":143,"column":23},"end":{"line":143,"column":36}},"type":"binary-expr","locations":[{"start":{"line":143,"column":23},"end":{"line":143,"column":31}},{"start":{"line":143,"column":35},"end":{"line":143,"column":36}}],"line":143},"10":{"loc":{"start":{"line":199,"column":32},"end":{"line":199,"column":42}},"type":"default-arg","locations":[{"start":{"line":199,"column":40},"end":{"line":199,"column":42}}],"line":199},"11":{"loc":{"start":{"line":279,"column":34},"end":{"line":279,"column":44}},"type":"default-arg","locations":[{"start":{"line":279,"column":42},"end":{"line":279,"column":44}}],"line":279},"12":{"loc":{"start":{"line":364,"column":21},"end":{"line":364,"column":32}},"type":"default-arg","locations":[{"start":{"line":364,"column":31},"end":{"line":364,"column":32}}],"line":364},"13":{"loc":{"start":{"line":416,"column":4},"end":{"line":421,"column":5}},"type":"if","locations":[{"start":{"line":416,"column":4},"end":{"line":421,"column":5}},{"start":{},"end":{}}],"line":416},"14":{"loc":{"start":{"line":418,"column":6},"end":{"line":420,"column":7}},"type":"if","locations":[{"start":{"line":418,"column":6},"end":{"line":420,"column":7}},{"start":{},"end":{}}],"line":418},"15":{"loc":{"start":{"line":441,"column":4},"end":{"line":441,"column":68}},"type":"if","locations":[{"start":{"line":441,"column":4},"end":{"line":441,"column":68}},{"start":{},"end":{}}],"line":441},"16":{"loc":{"start":{"line":444,"column":4},"end":{"line":449,"column":5}},"type":"if","locations":[{"start":{"line":444,"column":4},"end":{"line":449,"column":5}},{"start":{},"end":{}}],"line":444},"17":{"loc":{"start":{"line":446,"column":6},"end":{"line":448,"column":7}},"type":"if","locations":[{"start":{"line":446,"column":6},"end":{"line":448,"column":7}},{"start":{},"end":{}}],"line":446},"18":{"loc":{"start":{"line":497,"column":21},"end":{"line":497,"column":30}},"type":"default-arg","locations":[{"start":{"line":497,"column":28},"end":{"line":497,"column":30}}],"line":497},"19":{"loc":{"start":{"line":502,"column":20},"end":{"line":502,"column":71}},"type":"default-arg","locations":[{"start":{"line":502,"column":66},"end":{"line":502,"column":71}}],"line":502},"20":{"loc":{"start":{"line":507,"column":23},"end":{"line":507,"column":32}},"type":"default-arg","locations":[{"start":{"line":507,"column":30},"end":{"line":507,"column":32}}],"line":507},"21":{"loc":{"start":{"line":512,"column":30},"end":{"line":512,"column":41}},"type":"default-arg","locations":[{"start":{"line":512,"column":38},"end":{"line":512,"column":41}}],"line":512},"22":{"loc":{"start":{"line":534,"column":4},"end":{"line":545,"column":5}},"type":"if","locations":[{"start":{"line":534,"column":4},"end":{"line":545,"column":5}},{"start":{},"end":{}}],"line":534},"23":{"loc":{"start":{"line":534,"column":8},"end":{"line":534,"column":65}},"type":"binary-expr","locations":[{"start":{"line":534,"column":8},"end":{"line":534,"column":38}},{"start":{"line":534,"column":42},"end":{"line":534,"column":65}}],"line":534}},"s":{"0":7,"1":7,"2":7,"3":0,"4":0,"5":0,"6":0,"7":7,"8":0,"9":0,"10":0,"11":0,"12":0,"13":0,"14":0,"15":0,"16":0,"17":0,"18":0,"19":0,"20":0,"21":0,"22":0,"23":0,"24":0,"25":0,"26":0,"27":0,"28":0,"29":0,"30":0,"31":0,"32":0,"33":0,"34":0,"35":0,"36":0,"37":7,"38":0,"39":0,"40":0,"41":0,"42":0,"43":0,"44":7,"45":0,"46":0,"47":0,"48":0,"49":0,"50":0,"51":0,"52":0,"53":0,"54":0,"55":0,"56":0,"57":0,"58":0,"59":0,"60":0,"61":7,"62":0,"63":0,"64":0,"65":0,"66":0,"67":0,"68":0,"69":0,"70":0,"71":0,"72":7,"73":0,"74":0,"75":0,"76":0,"77":0,"78":0,"79":0,"80":0,"81":0,"82":0,"83":7,"84":0,"85":0,"86":0,"87":0,"88":0,"89":0,"90":0,"91":0,"92":0,"93":0,"94":7,"95":0,"96":0,"97":0,"98":0,"99":0,"100":0,"101":0,"102":0,"103":0,"104":0,"105":0,"106":0,"107":0,"108":0,"109":0,"110":0,"111":0,"112":0,"113":0,"114":0,"115":0,"116":0,"117":0,"118":0,"119":0,"120":0,"121":7,"122":0,"123":0,"124":0,"125":0,"126":0,"127":0,"128":0,"129":0,"130":0,"131":0,"132":7,"133":0,"134":0,"135":0,"136":0,"137":0,"138":0,"139":0,"140":0,"141":0,"142":0,"143":0,"144":0},"f":{"0":0,"1":0,"2":0,"3":0,"4":0,"5":0,"6":0,"7":0,"8":0,"9":0,"10":0,"11":0,"12":0,"13":0,"14":0,"15":0,"16":0,"17":0,"18":0,"19":0,"20":0,"21":0,"22":0,"23":0,"24":0,"25":0,"26":0,"27":0,"28":0,"29":0,"30":0,"31":0,"32":0,"33":0,"34":0,"35":0,"36":0,"37":0,"38":0,"39":0,"40":0,"41":0,"42":0,"43":0,"44":0,"45":0,"46":0,"47":0,"48":0},"b":{"0":[7,0],"1":[0,0],"2":[0],"3":[0],"4":[0],"5":[0,0],"6":[0,0],"7":[0,0],"8":[0,0],"9":[0,0],"10":[0],"11":[0],"12":[0],"13":[0,0],"14":[0,0],"15":[0,0],"16":[0,0],"17":[0,0],"18":[0],"19":[0],"20":[0],"21":[0],"22":[0,0],"23":[0,0]},"_coverageSchema":"1a1c01bbd47fc00a2c39e90264f33305004495a9","hash":"ccc8c83c109b819e028cc6d4a08d46ec9644ca65"}
,"C:\\Users\\DEFCON1\\Desktop\\Cloud Cowork Ordner\\Projekte\\Bundesliga Match Analyzer\\Bundesliga Match Analyzer\\mobile\\src\\theme\\colors.ts": {"path":"C:\\Users\\DEFCON1\\Desktop\\Cloud Cowork Ordner\\Projekte\\Bundesliga Match Analyzer\\Bundesliga Match Analyzer\\mobile\\src\\theme\\colors.ts","statementMap":{"0":{"start":{"line":6,"column":22},"end":{"line":40,"column":1}},"1":{"start":{"line":42,"column":22},"end":{"line":42,"column":28}},"2":{"start":{"line":44,"column":21},"end":{"line":48,"column":1}},"3":{"start":{"line":50,"column":23},"end":{"line":57,"column":1}},"4":{"start":{"line":59,"column":22},"end":{"line":64,"column":1}},"5":{"start":{"line":68,"column":2},"end":{"line":68,"column":54}},"6":{"start":{"line":68,"column":26},"end":{"line":68,"column":54}},"7":{"start":{"line":69,"column":2},"end":{"line":69,"column":53}},"8":{"start":{"line":69,"column":26},"end":{"line":69,"column":53}},"9":{"start":{"line":70,"column":2},"end":{"line":70,"column":29}},"10":{"start":{"line":75,"column":2},"end":{"line":75,"column":37}},"11":{"start":{"line":79,"column":24},"end":{"line":83,"column":1}},"12":{"start":{"line":86,"column":23},"end":{"line":90,"column":1}},"13":{"start":{"line":92,"column":26},"end":{"line":124,"column":1}},"14":{"start":{"line":126,"column":25},"end":{"line":132,"column":1}}},"fnMap":{"0":{"name":"confidenceColor","decl":{"start":{"line":67,"column":16},"end":{"line":67,"column":31}},"loc":{"start":{"line":67,"column":78},"end":{"line":71,"column":1}},"line":67},"1":{"name":"formatProb","decl":{"start":{"line":74,"column":16},"end":{"line":74,"column":26}},"loc":{"start":{"line":74,"column":49},"end":{"line":76,"column":1}},"line":74}},"branchMap":{"0":{"loc":{"start":{"line":68,"column":2},"end":{"line":68,"column":54}},"type":"if","locations":[{"start":{"line":68,"column":2},"end":{"line":68,"column":54}},{"start":{},"end":{}}],"line":68},"1":{"loc":{"start":{"line":69,"column":2},"end":{"line":69,"column":53}},"type":"if","locations":[{"start":{"line":69,"column":2},"end":{"line":69,"column":53}},{"start":{},"end":{}}],"line":69}},"s":{"0":14,"1":14,"2":14,"3":14,"4":14,"5":0,"6":0,"7":0,"8":0,"9":0,"10":0,"11":14,"12":14,"13":14,"14":14},"f":{"0":0,"1":0},"b":{"0":[0,0],"1":[0,0]},"_coverageSchema":"1a1c01bbd47fc00a2c39e90264f33305004495a9","hash":"5477c54b81c27aacd39f338d98bf39358778d302"}
,"C:\\Users\\DEFCON1\\Desktop\\Cloud Cowork Ordner\\Projekte\\Bundesliga Match Analyzer\\Bundesliga Match Analyzer\\mobile\\src\\theme\\index.ts": {"path":"C:\\Users\\DEFCON1\\Desktop\\Cloud Cowork Ordner\\Projekte\\Bundesliga Match Analyzer\\Bundesliga Match Analyzer\\mobile\\src\\theme\\index.ts","statementMap":{},"fnMap":{},"branchMap":{},"s":{},"f":{},"b":{},"_coverageSchema":"1a1c01bbd47fc00a2c39e90264f33305004495a9","hash":"388b15ee8f52dd38dc67ca453064367046784131"}
,"C:\\Users\\DEFCON1\\Desktop\\Cloud Cowork Ordner\\Projekte\\Bundesliga Match Analyzer\\Bundesliga Match Analyzer\\mobile\\src\\theme\\spacing.ts": {"path":"C:\\Users\\DEFCON1\\Desktop\\Cloud Cowork Ordner\\Projekte\\Bundesliga Match Analyzer\\Bundesliga Match Analyzer\\mobile\\src\\theme\\spacing.ts","statementMap":{"0":{"start":{"line":1,"column":23},"end":{"line":10,"column":1}}},"fnMap":{},"branchMap":{},"s":{"0":6},"f":{},"b":{},"_coverageSchema":"1a1c01bbd47fc00a2c39e90264f33305004495a9","hash":"6c11d8e6605e55b9667a33543dc4f617f294dcbe"}
,"C:\\Users\\DEFCON1\\Desktop\\Cloud Cowork Ordner\\Projekte\\Bundesliga Match Analyzer\\Bundesliga Match Analyzer\\mobile\\src\\theme\\typography.ts": {"path":"C:\\Users\\DEFCON1\\Desktop\\Cloud Cowork Ordner\\Projekte\\Bundesliga Match Analyzer\\Bundesliga Match Analyzer\\mobile\\src\\theme\\typography.ts","statementMap":{"0":{"start":{"line":3,"column":26},"end":{"line":103,"column":1}}},"fnMap":{},"branchMap":{},"s":{"0":9},"f":{},"b":{},"_coverageSchema":"1a1c01bbd47fc00a2c39e90264f33305004495a9","hash":"f5fe6eda3f4e62bd8a2f3b78869a8a75b27f773c"}
,"C:\\Users\\DEFCON1\\Desktop\\Cloud Cowork Ordner\\Projekte\\Bundesliga Match Analyzer\\Bundesliga Match Analyzer\\mobile\\src\\utils\\validators.ts": {"path":"C:\\Users\\DEFCON1\\Desktop\\Cloud Cowork Ordner\\Projekte\\Bundesliga Match Analyzer\\Bundesliga Match Analyzer\\mobile\\src\\utils\\validators.ts","statementMap":{"0":{"start":{"line":14,"column":21},"end":{"line":14,"column":51}},"1":{"start":{"line":15,"column":2},"end":{"line":15,"column":31}},"2":{"start":{"line":29,"column":2},"end":{"line":29,"column":29}},"3":{"start":{"line":39,"column":20},"end":{"line":39,"column":38}},"4":{"start":{"line":40,"column":2},"end":{"line":40,"column":79}},"5":{"start":{"line":50,"column":18},"end":{"line":50,"column":34}},"6":{"start":{"line":51,"column":2},"end":{"line":51,"column":43}},"7":{"start":{"line":67,"column":2},"end":{"line":69,"column":3}},"8":{"start":{"line":68,"column":4},"end":{"line":68,"column":16}},"9":{"start":{"line":71,"column":24},"end":{"line":71,"column":51}},"10":{"start":{"line":72,"column":2},"end":{"line":72,"column":37}},"11":{"start":{"line":82,"column":2},"end":{"line":82,"column":41}}},"fnMap":{"0":{"name":"validateEmail","decl":{"start":{"line":13,"column":16},"end":{"line":13,"column":29}},"loc":{"start":{"line":13,"column":54},"end":{"line":16,"column":1}},"line":13},"1":{"name":"validatePassword","decl":{"start":{"line":28,"column":16},"end":{"line":28,"column":32}},"loc":{"start":{"line":28,"column":60},"end":{"line":30,"column":1}},"line":28},"2":{"name":"validateBetAmount","decl":{"start":{"line":38,"column":16},"end":{"line":38,"column":33}},"loc":{"start":{"line":38,"column":59},"end":{"line":41,"column":1}},"line":38},"3":{"name":"validateOdds","decl":{"start":{"line":49,"column":16},"end":{"line":49,"column":28}},"loc":{"start":{"line":49,"column":52},"end":{"line":52,"column":1}},"line":49},"4":{"name":"validateUsername","decl":{"start":{"line":66,"column":16},"end":{"line":66,"column":32}},"loc":{"start":{"line":66,"column":60},"end":{"line":73,"column":1}},"line":66},"5":{"name":"validateRequired","decl":{"start":{"line":81,"column":16},"end":{"line":81,"column":32}},"loc":{"start":{"line":81,"column":57},"end":{"line":83,"column":1}},"line":81}},"branchMap":{"0":{"loc":{"start":{"line":40,"column":9},"end":{"line":40,"column":79}},"type":"binary-expr","locations":[{"start":{"line":40,"column":9},"end":{"line":40,"column":26}},{"start":{"line":40,"column":30},"end":{"line":40,"column":43}},{"start":{"line":40,"column":47},"end":{"line":40,"column":79}}],"line":40},"1":{"loc":{"start":{"line":51,"column":9},"end":{"line":51,"column":43}},"type":"binary-expr","locations":[{"start":{"line":51,"column":9},"end":{"line":51,"column":24}},{"start":{"line":51,"column":28},"end":{"line":51,"column":43}}],"line":51},"2":{"loc":{"start":{"line":67,"column":2},"end":{"line":69,"column":3}},"type":"if","locations":[{"start":{"line":67,"column":2},"end":{"line":69,"column":3}},{"start":{},"end":{}}],"line":67},"3":{"loc":{"start":{"line":67,"column":6},"end":{"line":67,"column":62}},"type":"binary-expr","locations":[{"start":{"line":67,"column":6},"end":{"line":67,"column":15}},{"start":{"line":67,"column":19},"end":{"line":67,"column":38}},{"start":{"line":67,"column":42},"end":{"line":67,"column":62}}],"line":67},"4":{"loc":{"start":{"line":82,"column":9},"end":{"line":82,"column":41}},"type":"binary-expr","locations":[{"start":{"line":82,"column":9},"end":{"line":82,"column":14}},{"start":{"line":82,"column":18},"end":{"line":82,"column":41}}],"line":82}},"s":{"0":0,"1":0,"2":0,"3":0,"4":0,"5":0,"6":0,"7":0,"8":0,"9":0,"10":0,"11":0},"f":{"0":0,"1":0,"2":0,"3":0,"4":0,"5":0},"b":{"0":[0,0,0],"1":[0,0],"2":[0,0],"3":[0,0,0],"4":[0,0]},"_coverageSchema":"1a1c01bbd47fc00a2c39e90264f33305004495a9","hash":"53f16cefe7583d4feeabf0ac9ab550cfdfc7683b"}
}
