{"C:\\Users\\DEFCON1\\Desktop\\Cloud Cowork Ordner\\Projekte\\Bundesliga Match Analyzer\\Bundesliga Match Analyzer\\mobile\\src\\config\\environment.ts": {"path":"C:\\Users\\DEFCON1\\Desktop\\Cloud Cowork Ordner\\Projekte\\Bundesliga Match Analyzer\\Bundesliga Match Analyzer\\mobile\\src\\config\\environment.ts","statementMap":{"0":{"start":{"line":48,"column":14},"end":{"line":48,"column":63}},"1":{"start":{"line":50,"column":2},"end":{"line":52,"column":3}},"2":{"start":{"line":51,"column":4},"end":{"line":51,"column":30}},"3":{"start":{"line":54,"column":2},"end":{"line":54,"column":23}},"4":{"start":{"line":61,"column":47},"end":{"line":86,"column":1}},"5":{"start":{"line":98,"column":14},"end":{"line":98,"column":30}},"6":{"start":{"line":99,"column":2},"end":{"line":99,"column":21}},"7":{"start":{"line":108,"column":2},"end":{"line":108,"column":26}},"8":{"start":{"line":117,"column":2},"end":{"line":117,"column":43}},"9":{"start":{"line":126,"column":2},"end":{"line":126,"column":40}},"10":{"start":{"line":135,"column":2},"end":{"line":135,"column":44}},"11":{"start":{"line":154,"column":14},"end":{"line":154,"column":35}},"12":{"start":{"line":155,"column":27},"end":{"line":155,"column":29}},"13":{"start":{"line":158,"column":2},"end":{"line":160,"column":3}},"14":{"start":{"line":159,"column":4},"end":{"line":159,"column":42}},"15":{"start":{"line":163,"column":23},"end":{"line":163,"column":60}},"16":{"start":{"line":165,"column":2},"end":{"line":180,"column":3}},"17":{"start":{"line":167,"column":4},"end":{"line":169,"column":5}},"18":{"start":{"line":168,"column":6},"end":{"line":168,"column":61}},"19":{"start":{"line":172,"column":4},"end":{"line":174,"column":5}},"20":{"start":{"line":173,"column":6},"end":{"line":173,"column":62}},"21":{"start":{"line":177,"column":4},"end":{"line":179,"column":5}},"22":{"start":{"line":178,"column":6},"end":{"line":178,"column":64}},"23":{"start":{"line":182,"column":2},"end":{"line":187,"column":3}},"24":{"start":{"line":184,"column":4},"end":{"line":186,"column":5}},"25":{"start":{"line":185,"column":6},"end":{"line":185,"column":60}},"26":{"start":{"line":189,"column":2},"end":{"line":196,"column":4}},"27":{"start":{"line":209,"column":14},"end":{"line":209,"column":35}},"28":{"start":{"line":210,"column":17},"end":{"line":210,"column":36}},"29":{"start":{"line":212,"column":2},"end":{"line":220,"column":3}},"30":{"start":{"line":213,"column":25},"end":{"line":213,"column":88}},"31":{"start":{"line":215,"column":4},"end":{"line":219,"column":5}},"32":{"start":{"line":216,"column":6},"end":{"line":216,"column":36}},"33":{"start":{"line":218,"column":6},"end":{"line":218,"column":74}}},"fnMap":{"0":{"name":"getEnvironment","decl":{"start":{"line":47,"column":9},"end":{"line":47,"column":23}},"loc":{"start":{"line":47,"column":39},"end":{"line":55,"column":1}},"line":47},"1":{"name":"getConfig","decl":{"start":{"line":97,"column":16},"end":{"line":97,"column":25}},"loc":{"start":{"line":97,"column":39},"end":{"line":100,"column":1}},"line":97},"2":{"name":"getCurrentEnvironment","decl":{"start":{"line":107,"column":16},"end":{"line":107,"column":37}},"loc":{"start":{"line":107,"column":53},"end":{"line":109,"column":1}},"line":107},"3":{"name":"isProduction","decl":{"start":{"line":116,"column":16},"end":{"line":116,"column":28}},"loc":{"start":{"line":116,"column":40},"end":{"line":118,"column":1}},"line":116},"4":{"name":"isStaging","decl":{"start":{"line":125,"column":16},"end":{"line":125,"column":25}},"loc":{"start":{"line":125,"column":37},"end":{"line":127,"column":1}},"line":125},"5":{"name":"isDevelopment","decl":{"start":{"line":134,"column":16},"end":{"line":134,"column":29}},"loc":{"start":{"line":134,"column":41},"end":{"line":136,"column":1}},"line":134},"6":{"name":"validateConfig","decl":{"start":{"line":153,"column":16},"end":{"line":153,"column":30}},"loc":{"start":{"line":153,"column":75},"end":{"line":197,"column":1}},"line":153},"7":{"name":"validateConfigStrict","decl":{"start":{"line":208,"column":16},"end":{"line":208,"column":36}},"loc":{"start":{"line":208,"column":63},"end":{"line":221,"column":1}},"line":208}},"branchMap":{"0":{"loc":{"start":{"line":48,"column":14},"end":{"line":48,"column":63}},"type":"binary-expr","locations":[{"start":{"line":48,"column":14},"end":{"line":48,"column":39}},{"start":{"line":48,"column":43},"end":{"line":48,"column":63}}],"line":48},"1":{"loc":{"start":{"line":50,"column":2},"end":{"line":52,"column":3}},"type":"if","locations":[{"start":{"line":50,"column":2},"end":{"line":52,"column":3}},{"start":{},"end":{}}],"line":50},"2":{"loc":{"start":{"line":50,"column":6},"end":{"line":50,"column":47}},"type":"binary-expr","locations":[{"start":{"line":50,"column":6},"end":{"line":50,"column":23}},{"start":{"line":50,"column":27},"end":{"line":50,"column":47}}],"line":50},"3":{"loc":{"start":{"line":64,"column":16},"end":{"line":64,"column":77}},"type":"binary-expr","locations":[{"start":{"line":64,"column":16},"end":{"line":64,"column":50}},{"start":{"line":64,"column":54},"end":{"line":64,"column":77}}],"line":64},"4":{"loc":{"start":{"line":72,"column":16},"end":{"line":72,"column":92}},"type":"binary-expr","locations":[{"start":{"line":72,"column":16},"end":{"line":72,"column":50}},{"start":{"line":72,"column":54},"end":{"line":72,"column":92}}],"line":72},"5":{"loc":{"start":{"line":80,"column":16},"end":{"line":80,"column":96}},"type":"binary-expr","locations":[{"start":{"line":80,"column":16},"end":{"line":80,"column":50}},{"start":{"line":80,"column":54},"end":{"line":80,"column":96}}],"line":80},"6":{"loc":{"start":{"line":154,"column":14},"end":{"line":154,"column":35}},"type":"binary-expr","locations":[{"start":{"line":154,"column":14},"end":{"line":154,"column":20}},{"start":{"line":154,"column":24},"end":{"line":154,"column":35}}],"line":154},"7":{"loc":{"start":{"line":158,"column":2},"end":{"line":160,"column":3}},"type":"if","locations":[{"start":{"line":158,"column":2},"end":{"line":160,"column":3}},{"start":{},"end":{}}],"line":158},"8":{"loc":{"start":{"line":165,"column":2},"end":{"line":180,"column":3}},"type":"if","locations":[{"start":{"line":165,"column":2},"end":{"line":180,"column":3}},{"start":{},"end":{}}],"line":165},"9":{"loc":{"start":{"line":167,"column":4},"end":{"line":169,"column":5}},"type":"if","locations":[{"start":{"line":167,"column":4},"end":{"line":169,"column":5}},{"start":{},"end":{}}],"line":167},"10":{"loc":{"start":{"line":172,"column":4},"end":{"line":174,"column":5}},"type":"if","locations":[{"start":{"line":172,"column":4},"end":{"line":174,"column":5}},{"start":{},"end":{}}],"line":172},"11":{"loc":{"start":{"line":177,"column":4},"end":{"line":179,"column":5}},"type":"if","locations":[{"start":{"line":177,"column":4},"end":{"line":179,"column":5}},{"start":{},"end":{}}],"line":177},"12":{"loc":{"start":{"line":182,"column":2},"end":{"line":187,"column":3}},"type":"if","locations":[{"start":{"line":182,"column":2},"end":{"line":187,"column":3}},{"start":{},"end":{}}],"line":182},"13":{"loc":{"start":{"line":184,"column":4},"end":{"line":186,"column":5}},"type":"if","locations":[{"start":{"line":184,"column":4},"end":{"line":186,"column":5}},{"start":{},"end":{}}],"line":184},"14":{"loc":{"start":{"line":209,"column":14},"end":{"line":209,"column":35}},"type":"binary-expr","locations":[{"start":{"line":209,"column":14},"end":{"line":209,"column":20}},{"start":{"line":209,"column":24},"end":{"line":209,"column":35}}],"line":209},"15":{"loc":{"start":{"line":212,"column":2},"end":{"line":220,"column":3}},"type":"if","locations":[{"start":{"line":212,"column":2},"end":{"line":220,"column":3}},{"start":{},"end":{}}],"line":212},"16":{"loc":{"start":{"line":215,"column":4},"end":{"line":219,"column":5}},"type":"if","locations":[{"start":{"line":215,"column":4},"end":{"line":219,"column":5}},{"start":{"line":217,"column":11},"end":{"line":219,"column":5}}],"line":215}},"s":{"0":22,"1":22,"2":0,"3":22,"4":1,"5":10,"6":10,"7":1,"8":10,"9":0,"10":1,"11":6,"12":6,"13":6,"14":1,"15":6,"16":6,"17":2,"18":1,"19":2,"20":0,"21":2,"22":0,"23":6,"24":0,"25":0,"26":6,"27":0,"28":0,"29":0,"30":0,"31":0,"32":0,"33":0},"f":{"0":22,"1":10,"2":1,"3":10,"4":0,"5":1,"6":6,"7":0},"b":{"0":[22,22],"1":[0,22],"2":[22,22],"3":[1,1],"4":[1,1],"5":[1,1],"6":[6,0],"7":[1,5],"8":[2,4],"9":[1,1],"10":[0,2],"11":[0,2],"12":[0,6],"13":[0,0],"14":[0,0],"15":[0,0],"16":[0,0]},"_coverageSchema":"1a1c01bbd47fc00a2c39e90264f33305004495a9","hash":"8e631070722c9454c5ae8af7404aea1b8ec2fb1f"}
,"C:\\Users\\DEFCON1\\Desktop\\Cloud Cowork Ordner\\Projekte\\Bundesliga Match Analyzer\\Bundesliga Match Analyzer\\mobile\\src\\config\\security.ts": {"path":"C:\\Users\\DEFCON1\\Desktop\\Cloud Cowork Ordner\\Projekte\\Bundesliga Match Analyzer\\Bundesliga Match Analyzer\\mobile\\src\\config\\security.ts","statementMap":{"0":{"start":{"line":29,"column":50},"end":{"line":35,"column":1}},"1":{"start":{"line":53,"column":2},"end":{"line":55,"column":3}},"2":{"start":{"line":54,"column":4},"end":{"line":54,"column":17}},"3":{"start":{"line":57,"column":21},"end":{"line":57,"column":49}},"4":{"start":{"line":58,"column":2},"end":{"line":58,"column":55}},"5":{"start":{"line":78,"column":2},"end":{"line":80,"column":3}},"6":{"start":{"line":79,"column":4},"end":{"line":79,"column":17}},"7":{"start":{"line":82,"column":23},"end":{"line":82,"column":43}},"8":{"start":{"line":83,"column":23},"end":{"line":83,"column":45}},"9":{"start":{"line":84,"column":19},"end":{"line":84,"column":41}},"10":{"start":{"line":85,"column":25},"end":{"line":85,"column":79}},"11":{"start":{"line":87,"column":2},"end":{"line":87,"column":68}},"12":{"start":{"line":106,"column":2},"end":{"line":108,"column":3}},"13":{"start":{"line":107,"column":4},"end":{"line":107,"column":17}},"14":{"start":{"line":110,"column":2},"end":{"line":110,"column":76}},"15":{"start":{"line":129,"column":2},"end":{"line":131,"column":3}},"16":{"start":{"line":130,"column":4},"end":{"line":130,"column":17}},"17":{"start":{"line":134,"column":21},"end":{"line":134,"column":49}},"18":{"start":{"line":135,"column":2},"end":{"line":135,"column":72}},"19":{"start":{"line":155,"column":2},"end":{"line":157,"column":3}},"20":{"start":{"line":156,"column":4},"end":{"line":156,"column":14}},"21":{"start":{"line":159,"column":2},"end":{"line":162,"column":54}},"22":{"start":{"line":175,"column":2},"end":{"line":177,"column":3}},"23":{"start":{"line":176,"column":4},"end":{"line":176,"column":14}},"24":{"start":{"line":179,"column":2},"end":{"line":179,"column":45}},"25":{"start":{"line":190,"column":2},"end":{"line":192,"column":3}},"26":{"start":{"line":191,"column":4},"end":{"line":191,"column":14}},"27":{"start":{"line":194,"column":2},"end":{"line":200,"column":27}},"28":{"start":{"line":214,"column":2},"end":{"line":216,"column":3}},"29":{"start":{"line":215,"column":4},"end":{"line":215,"column":17}},"30":{"start":{"line":218,"column":2},"end":{"line":218,"column":36}},"31":{"start":{"line":241,"column":2},"end":{"line":243,"column":3}},"32":{"start":{"line":242,"column":4},"end":{"line":242,"column":17}},"33":{"start":{"line":245,"column":16},"end":{"line":245,"column":32}},"34":{"start":{"line":246,"column":2},"end":{"line":246,"column":70}},"35":{"start":{"line":246,"column":53},"end":{"line":246,"column":68}},"36":{"start":{"line":259,"column":2},"end":{"line":270,"column":3}},"37":{"start":{"line":260,"column":4},"end":{"line":262,"column":5}},"38":{"start":{"line":261,"column":6},"end":{"line":261,"column":18}},"39":{"start":{"line":264,"column":20},"end":{"line":264,"column":39}},"40":{"start":{"line":266,"column":27},"end":{"line":266,"column":78}},"41":{"start":{"line":267,"column":4},"end":{"line":267,"column":52}},"42":{"start":{"line":269,"column":4},"end":{"line":269,"column":16}},"43":{"start":{"line":280,"column":2},"end":{"line":289,"column":3}},"44":{"start":{"line":281,"column":20},"end":{"line":281,"column":36}},"45":{"start":{"line":282,"column":4},"end":{"line":284,"column":5}},"46":{"start":{"line":283,"column":6},"end":{"line":283,"column":18}},"47":{"start":{"line":286,"column":4},"end":{"line":286,"column":40}},"48":{"start":{"line":288,"column":4},"end":{"line":288,"column":16}},"49":{"start":{"line":299,"column":17},"end":{"line":299,"column":38}},"50":{"start":{"line":300,"column":2},"end":{"line":302,"column":3}},"51":{"start":{"line":301,"column":4},"end":{"line":301,"column":16}},"52":{"start":{"line":304,"column":2},"end":{"line":304,"column":30}},"53":{"start":{"line":315,"column":17},"end":{"line":315,"column":38}},"54":{"start":{"line":316,"column":2},"end":{"line":318,"column":3}},"55":{"start":{"line":317,"column":4},"end":{"line":317,"column":16}},"56":{"start":{"line":320,"column":14},"end":{"line":320,"column":24}},"57":{"start":{"line":321,"column":26},"end":{"line":321,"column":58}},"58":{"start":{"line":323,"column":2},"end":{"line":323,"column":70}},"59":{"start":{"line":346,"column":2},"end":{"line":348,"column":3}},"60":{"start":{"line":347,"column":4},"end":{"line":347,"column":40}},"61":{"start":{"line":351,"column":2},"end":{"line":365,"column":3}},"62":{"start":{"line":352,"column":21},"end":{"line":352,"column":75}},"63":{"start":{"line":353,"column":4},"end":{"line":355,"column":5}},"64":{"start":{"line":354,"column":6},"end":{"line":354,"column":46}},"65":{"start":{"line":356,"column":4},"end":{"line":358,"column":5}},"66":{"start":{"line":357,"column":6},"end":{"line":357,"column":34}},"67":{"start":{"line":359,"column":4},"end":{"line":361,"column":5}},"68":{"start":{"line":360,"column":6},"end":{"line":360,"column":40}},"69":{"start":{"line":362,"column":4},"end":{"line":364,"column":5}},"70":{"start":{"line":363,"column":6},"end":{"line":363,"column":54}},"71":{"start":{"line":368,"column":2},"end":{"line":376,"column":3}},"72":{"start":{"line":370,"column":4},"end":{"line":372,"column":5}},"73":{"start":{"line":371,"column":6},"end":{"line":371,"column":49}},"74":{"start":{"line":373,"column":4},"end":{"line":375,"column":5}},"75":{"start":{"line":374,"column":6},"end":{"line":374,"column":45}},"76":{"start":{"line":379,"column":2},"end":{"line":379,"column":38}},"77":{"start":{"line":394,"column":2},"end":{"line":396,"column":3}},"78":{"start":{"line":395,"column":4},"end":{"line":395,"column":17}},"79":{"start":{"line":398,"column":14},"end":{"line":398,"column":24}},"80":{"start":{"line":399,"column":31},"end":{"line":399,"column":52}},"81":{"start":{"line":401,"column":2},"end":{"line":401,"column":69}},"82":{"start":{"line":411,"column":14},"end":{"line":411,"column":24}},"83":{"start":{"line":412,"column":31},"end":{"line":412,"column":52}},"84":{"start":{"line":413,"column":20},"end":{"line":413,"column":79}},"85":{"start":{"line":415,"column":2},"end":{"line":415,"column":50}}},"fnMap":{"0":{"name":"validateEmail","decl":{"start":{"line":52,"column":16},"end":{"line":52,"column":29}},"loc":{"start":{"line":52,"column":54},"end":{"line":59,"column":1}},"line":52},"1":{"name":"validatePassword","decl":{"start":{"line":77,"column":16},"end":{"line":77,"column":32}},"loc":{"start":{"line":77,"column":60},"end":{"line":88,"column":1}},"line":77},"2":{"name":"validateUsername","decl":{"start":{"line":105,"column":16},"end":{"line":105,"column":32}},"loc":{"start":{"line":105,"column":60},"end":{"line":111,"column":1}},"line":105},"3":{"name":"validatePhoneNumber","decl":{"start":{"line":128,"column":16},"end":{"line":128,"column":35}},"loc":{"start":{"line":128,"column":60},"end":{"line":136,"column":1}},"line":128},"4":{"name":"sanitizeString","decl":{"start":{"line":154,"column":16},"end":{"line":154,"column":30}},"loc":{"start":{"line":154,"column":54},"end":{"line":163,"column":1}},"line":154},"5":{"name":"sanitizeEmail","decl":{"start":{"line":174,"column":16},"end":{"line":174,"column":29}},"loc":{"start":{"line":174,"column":53},"end":{"line":180,"column":1}},"line":174},"6":{"name":"escapeJson","decl":{"start":{"line":189,"column":16},"end":{"line":189,"column":26}},"loc":{"start":{"line":189,"column":50},"end":{"line":201,"column":1}},"line":189},"7":{"name":"isSecureConnection","decl":{"start":{"line":213,"column":16},"end":{"line":213,"column":34}},"loc":{"start":{"line":213,"column":57},"end":{"line":219,"column":1}},"line":213},"8":{"name":"isValidJWT","decl":{"start":{"line":240,"column":16},"end":{"line":240,"column":26}},"loc":{"start":{"line":240,"column":51},"end":{"line":247,"column":1}},"line":240},"9":{"name":"(anonymous_9)","decl":{"start":{"line":246,"column":43},"end":{"line":246,"column":44}},"loc":{"start":{"line":246,"column":53},"end":{"line":246,"column":68}},"line":246},"10":{"name":"decodeJWT","decl":{"start":{"line":258,"column":16},"end":{"line":258,"column":25}},"loc":{"start":{"line":258,"column":60},"end":{"line":271,"column":1}},"line":258},"11":{"name":"getTokenExpiry","decl":{"start":{"line":279,"column":16},"end":{"line":279,"column":30}},"loc":{"start":{"line":279,"column":59},"end":{"line":290,"column":1}},"line":279},"12":{"name":"isTokenExpired","decl":{"start":{"line":298,"column":16},"end":{"line":298,"column":30}},"loc":{"start":{"line":298,"column":55},"end":{"line":305,"column":1}},"line":298},"13":{"name":"shouldRefreshToken","decl":{"start":{"line":314,"column":16},"end":{"line":314,"column":34}},"loc":{"start":{"line":314,"column":59},"end":{"line":324,"column":1}},"line":314},"14":{"name":"sanitizeErrorMessage","decl":{"start":{"line":344,"column":16},"end":{"line":344,"column":36}},"loc":{"start":{"line":344,"column":61},"end":{"line":380,"column":1}},"line":344},"15":{"name":"isLoginRateLimited","decl":{"start":{"line":393,"column":16},"end":{"line":393,"column":34}},"loc":{"start":{"line":393,"column":91},"end":{"line":402,"column":1}},"line":393},"16":{"name":"getLoginLockoutRemaining","decl":{"start":{"line":410,"column":16},"end":{"line":410,"column":40}},"loc":{"start":{"line":410,"column":74},"end":{"line":416,"column":1}},"line":410}},"branchMap":{"0":{"loc":{"start":{"line":53,"column":2},"end":{"line":55,"column":3}},"type":"if","locations":[{"start":{"line":53,"column":2},"end":{"line":55,"column":3}},{"start":{},"end":{}}],"line":53},"1":{"loc":{"start":{"line":53,"column":6},"end":{"line":53,"column":41}},"type":"binary-expr","locations":[{"start":{"line":53,"column":6},"end":{"line":53,"column":12}},{"start":{"line":53,"column":16},"end":{"line":53,"column":41}}],"line":53},"2":{"loc":{"start":{"line":58,"column":9},"end":{"line":58,"column":54}},"type":"binary-expr","locations":[{"start":{"line":58,"column":9},"end":{"line":58,"column":31}},{"start":{"line":58,"column":35},"end":{"line":58,"column":54}}],"line":58},"3":{"loc":{"start":{"line":78,"column":2},"end":{"line":80,"column":3}},"type":"if","locations":[{"start":{"line":78,"column":2},"end":{"line":80,"column":3}},{"start":{},"end":{}}],"line":78},"4":{"loc":{"start":{"line":78,"column":6},"end":{"line":78,"column":47}},"type":"binary-expr","locations":[{"start":{"line":78,"column":6},"end":{"line":78,"column":15}},{"start":{"line":78,"column":19},"end":{"line":78,"column":47}}],"line":78},"5":{"loc":{"start":{"line":87,"column":9},"end":{"line":87,"column":67}},"type":"binary-expr","locations":[{"start":{"line":87,"column":9},"end":{"line":87,"column":21}},{"start":{"line":87,"column":25},"end":{"line":87,"column":37}},{"start":{"line":87,"column":41},"end":{"line":87,"column":49}},{"start":{"line":87,"column":53},"end":{"line":87,"column":67}}],"line":87},"6":{"loc":{"start":{"line":106,"column":2},"end":{"line":108,"column":3}},"type":"if","locations":[{"start":{"line":106,"column":2},"end":{"line":108,"column":3}},{"start":{},"end":{}}],"line":106},"7":{"loc":{"start":{"line":106,"column":6},"end":{"line":106,"column":47}},"type":"binary-expr","locations":[{"start":{"line":106,"column":6},"end":{"line":106,"column":15}},{"start":{"line":106,"column":19},"end":{"line":106,"column":47}}],"line":106},"8":{"loc":{"start":{"line":110,"column":9},"end":{"line":110,"column":75}},"type":"binary-expr","locations":[{"start":{"line":110,"column":9},"end":{"line":110,"column":46}},{"start":{"line":110,"column":50},"end":{"line":110,"column":75}}],"line":110},"9":{"loc":{"start":{"line":129,"column":2},"end":{"line":131,"column":3}},"type":"if","locations":[{"start":{"line":129,"column":2},"end":{"line":131,"column":3}},{"start":{},"end":{}}],"line":129},"10":{"loc":{"start":{"line":129,"column":6},"end":{"line":129,"column":41}},"type":"binary-expr","locations":[{"start":{"line":129,"column":6},"end":{"line":129,"column":12}},{"start":{"line":129,"column":16},"end":{"line":129,"column":41}}],"line":129},"11":{"loc":{"start":{"line":135,"column":9},"end":{"line":135,"column":71}},"type":"binary-expr","locations":[{"start":{"line":135,"column":9},"end":{"line":135,"column":31}},{"start":{"line":135,"column":35},"end":{"line":135,"column":71}}],"line":135},"12":{"loc":{"start":{"line":155,"column":2},"end":{"line":157,"column":3}},"type":"if","locations":[{"start":{"line":155,"column":2},"end":{"line":157,"column":3}},{"start":{},"end":{}}],"line":155},"13":{"loc":{"start":{"line":155,"column":6},"end":{"line":155,"column":41}},"type":"binary-expr","locations":[{"start":{"line":155,"column":6},"end":{"line":155,"column":12}},{"start":{"line":155,"column":16},"end":{"line":155,"column":41}}],"line":155},"14":{"loc":{"start":{"line":175,"column":2},"end":{"line":177,"column":3}},"type":"if","locations":[{"start":{"line":175,"column":2},"end":{"line":177,"column":3}},{"start":{},"end":{}}],"line":175},"15":{"loc":{"start":{"line":175,"column":6},"end":{"line":175,"column":41}},"type":"binary-expr","locations":[{"start":{"line":175,"column":6},"end":{"line":175,"column":12}},{"start":{"line":175,"column":16},"end":{"line":175,"column":41}}],"line":175},"16":{"loc":{"start":{"line":190,"column":2},"end":{"line":192,"column":3}},"type":"if","locations":[{"start":{"line":190,"column":2},"end":{"line":192,"column":3}},{"start":{},"end":{}}],"line":190},"17":{"loc":{"start":{"line":190,"column":6},"end":{"line":190,"column":41}},"type":"binary-expr","locations":[{"start":{"line":190,"column":6},"end":{"line":190,"column":12}},{"start":{"line":190,"column":16},"end":{"line":190,"column":41}}],"line":190},"18":{"loc":{"start":{"line":214,"column":2},"end":{"line":216,"column":3}},"type":"if","locations":[{"start":{"line":214,"column":2},"end":{"line":216,"column":3}},{"start":{},"end":{}}],"line":214},"19":{"loc":{"start":{"line":214,"column":6},"end":{"line":214,"column":37}},"type":"binary-expr","locations":[{"start":{"line":214,"column":6},"end":{"line":214,"column":10}},{"start":{"line":214,"column":14},"end":{"line":214,"column":37}}],"line":214},"20":{"loc":{"start":{"line":241,"column":2},"end":{"line":243,"column":3}},"type":"if","locations":[{"start":{"line":241,"column":2},"end":{"line":243,"column":3}},{"start":{},"end":{}}],"line":241},"21":{"loc":{"start":{"line":241,"column":6},"end":{"line":241,"column":41}},"type":"binary-expr","locations":[{"start":{"line":241,"column":6},"end":{"line":241,"column":12}},{"start":{"line":241,"column":16},"end":{"line":241,"column":41}}],"line":241},"22":{"loc":{"start":{"line":246,"column":9},"end":{"line":246,"column":69}},"type":"binary-expr","locations":[{"start":{"line":246,"column":9},"end":{"line":246,"column":27}},{"start":{"line":246,"column":31},"end":{"line":246,"column":69}}],"line":246},"23":{"loc":{"start":{"line":260,"column":4},"end":{"line":262,"column":5}},"type":"if","locations":[{"start":{"line":260,"column":4},"end":{"line":262,"column":5}},{"start":{},"end":{}}],"line":260},"24":{"loc":{"start":{"line":282,"column":4},"end":{"line":284,"column":5}},"type":"if","locations":[{"start":{"line":282,"column":4},"end":{"line":284,"column":5}},{"start":{},"end":{}}],"line":282},"25":{"loc":{"start":{"line":282,"column":8},"end":{"line":282,"column":67}},"type":"binary-expr","locations":[{"start":{"line":282,"column":8},"end":{"line":282,"column":16}},{"start":{"line":282,"column":20},"end":{"line":282,"column":32}},{"start":{"line":282,"column":36},"end":{"line":282,"column":67}}],"line":282},"26":{"loc":{"start":{"line":300,"column":2},"end":{"line":302,"column":3}},"type":"if","locations":[{"start":{"line":300,"column":2},"end":{"line":302,"column":3}},{"start":{},"end":{}}],"line":300},"27":{"loc":{"start":{"line":316,"column":2},"end":{"line":318,"column":3}},"type":"if","locations":[{"start":{"line":316,"column":2},"end":{"line":318,"column":3}},{"start":{},"end":{}}],"line":316},"28":{"loc":{"start":{"line":346,"column":2},"end":{"line":348,"column":3}},"type":"if","locations":[{"start":{"line":346,"column":2},"end":{"line":348,"column":3}},{"start":{},"end":{}}],"line":346},"29":{"loc":{"start":{"line":351,"column":2},"end":{"line":365,"column":3}},"type":"if","locations":[{"start":{"line":351,"column":2},"end":{"line":365,"column":3}},{"start":{},"end":{}}],"line":351},"30":{"loc":{"start":{"line":351,"column":6},"end":{"line":351,"column":54}},"type":"binary-expr","locations":[{"start":{"line":351,"column":6},"end":{"line":351,"column":31}},{"start":{"line":351,"column":35},"end":{"line":351,"column":54}}],"line":351},"31":{"loc":{"start":{"line":353,"column":4},"end":{"line":355,"column":5}},"type":"if","locations":[{"start":{"line":353,"column":4},"end":{"line":355,"column":5}},{"start":{},"end":{}}],"line":353},"32":{"loc":{"start":{"line":356,"column":4},"end":{"line":358,"column":5}},"type":"if","locations":[{"start":{"line":356,"column":4},"end":{"line":358,"column":5}},{"start":{},"end":{}}],"line":356},"33":{"loc":{"start":{"line":359,"column":4},"end":{"line":361,"column":5}},"type":"if","locations":[{"start":{"line":359,"column":4},"end":{"line":361,"column":5}},{"start":{},"end":{}}],"line":359},"34":{"loc":{"start":{"line":362,"column":4},"end":{"line":364,"column":5}},"type":"if","locations":[{"start":{"line":362,"column":4},"end":{"line":364,"column":5}},{"start":{},"end":{}}],"line":362},"35":{"loc":{"start":{"line":362,"column":8},"end":{"line":362,"column":42}},"type":"binary-expr","locations":[{"start":{"line":362,"column":8},"end":{"line":362,"column":16}},{"start":{"line":362,"column":20},"end":{"line":362,"column":42}}],"line":362},"36":{"loc":{"start":{"line":368,"column":2},"end":{"line":376,"column":3}},"type":"if","locations":[{"start":{"line":368,"column":2},"end":{"line":376,"column":3}},{"start":{},"end":{}}],"line":368},"37":{"loc":{"start":{"line":370,"column":4},"end":{"line":372,"column":5}},"type":"if","locations":[{"start":{"line":370,"column":4},"end":{"line":372,"column":5}},{"start":{},"end":{}}],"line":370},"38":{"loc":{"start":{"line":373,"column":4},"end":{"line":375,"column":5}},"type":"if","locations":[{"start":{"line":373,"column":4},"end":{"line":375,"column":5}},{"start":{},"end":{}}],"line":373},"39":{"loc":{"start":{"line":394,"column":2},"end":{"line":396,"column":3}},"type":"if","locations":[{"start":{"line":394,"column":2},"end":{"line":396,"column":3}},{"start":{},"end":{}}],"line":394}},"s":{"0":1,"1":12,"2":3,"3":9,"4":9,"5":11,"6":3,"7":8,"8":8,"9":8,"10":8,"11":8,"12":9,"13":0,"14":9,"15":8,"16":1,"17":7,"18":7,"19":6,"20":0,"21":6,"22":2,"23":0,"24":2,"25":4,"26":0,"27":4,"28":7,"29":0,"30":7,"31":12,"32":1,"33":11,"34":11,"35":27,"36":7,"37":7,"38":0,"39":7,"40":7,"41":6,"42":1,"43":6,"44":6,"45":6,"46":1,"47":5,"48":0,"49":3,"50":3,"51":1,"52":2,"53":2,"54":2,"55":0,"56":2,"57":2,"58":2,"59":5,"60":1,"61":4,"62":3,"63":3,"64":1,"65":2,"66":1,"67":1,"68":0,"69":1,"70":1,"71":1,"72":0,"73":0,"74":0,"75":0,"76":1,"77":3,"78":1,"79":2,"80":2,"81":2,"82":1,"83":1,"84":1,"85":1},"f":{"0":12,"1":11,"2":9,"3":8,"4":6,"5":2,"6":4,"7":7,"8":12,"9":27,"10":7,"11":6,"12":3,"13":2,"14":5,"15":3,"16":1},"b":{"0":[3,9],"1":[12,9],"2":[9,4],"3":[3,8],"4":[11,8],"5":[8,6,4,3],"6":[0,9],"7":[9,9],"8":[9,5],"9":[1,7],"10":[8,7],"11":[7,4],"12":[0,6],"13":[6,6],"14":[0,2],"15":[2,2],"16":[0,4],"17":[4,4],"18":[0,7],"19":[7,7],"20":[1,11],"21":[12,11],"22":[11,9],"23":[0,7],"24":[1,5],"25":[6,5,5],"26":[1,2],"27":[0,2],"28":[1,4],"29":[3,1],"30":[4,4],"31":[1,2],"32":[1,1],"33":[0,1],"34":[1,0],"35":[1,1],"36":[0,1],"37":[0,0],"38":[0,0],"39":[1,2]},"_coverageSchema":"1a1c01bbd47fc00a2c39e90264f33305004495a9","hash":"f758e63c54b8d5390648af7481dfaaa65da0e56d"}
,"C:\\Users\\DEFCON1\\Desktop\\Cloud Cowork Ordner\\Projekte\\Bundesliga Match Analyzer\\Bundesliga Match Analyzer\\mobile\\src\\services\\SecurityAuditService.ts": {"path":"C:\\Users\\DEFCON1\\Desktop\\Cloud Cowork Ordner\\Projekte\\Bundesliga Match Analyzer\\Bundesliga Match Analyzer\\mobile\\src\\services\\SecurityAuditService.ts","statementMap":{"0":{"start":{"line":57,"column":2},"end":{"line":57,"column":16}},"1":{"start":{"line":65,"column":17},"end":{"line":65,"column":28}},"2":{"start":{"line":68,"column":18},"end":{"line":68,"column":55}},"3":{"start":{"line":69,"column":22},"end":{"line":69,"column":104}},"4":{"start":{"line":71,"column":2},"end":{"line":73,"column":3}},"5":{"start":{"line":72,"column":4},"end":{"line":72,"column":18}},"6":{"start":{"line":76,"column":2},"end":{"line":78,"column":3}},"7":{"start":{"line":77,"column":4},"end":{"line":77,"column":18}},"8":{"start":{"line":80,"column":2},"end":{"line":80,"column":16}},"9":{"start":{"line":91,"column":2},"end":{"line":91,"column":16}},"10":{"start":{"line":99,"column":17},"end":{"line":99,"column":28}},"11":{"start":{"line":102,"column":2},"end":{"line":109,"column":3}},"12":{"start":{"line":103,"column":4},"end":{"line":105,"column":5}},"13":{"start":{"line":104,"column":6},"end":{"line":104,"column":23}},"14":{"start":{"line":106,"column":4},"end":{"line":108,"column":5}},"15":{"start":{"line":107,"column":6},"end":{"line":107,"column":23}},"16":{"start":{"line":111,"column":2},"end":{"line":111,"column":16}},"17":{"start":{"line":119,"column":17},"end":{"line":119,"column":28}},"18":{"start":{"line":120,"column":17},"end":{"line":120,"column":39}},"19":{"start":{"line":122,"column":2},"end":{"line":124,"column":3}},"20":{"start":{"line":123,"column":4},"end":{"line":123,"column":18}},"21":{"start":{"line":127,"column":2},"end":{"line":134,"column":3}},"22":{"start":{"line":128,"column":4},"end":{"line":130,"column":5}},"23":{"start":{"line":129,"column":6},"end":{"line":129,"column":20}},"24":{"start":{"line":131,"column":4},"end":{"line":133,"column":5}},"25":{"start":{"line":132,"column":6},"end":{"line":132,"column":23}},"26":{"start":{"line":136,"column":2},"end":{"line":136,"column":16}},"27":{"start":{"line":148,"column":2},"end":{"line":148,"column":16}},"28":{"start":{"line":157,"column":25},"end":{"line":157,"column":64}},"29":{"start":{"line":158,"column":21},"end":{"line":158,"column":61}},"30":{"start":{"line":159,"column":26},"end":{"line":159,"column":72}},"31":{"start":{"line":161,"column":2},"end":{"line":163,"column":3}},"32":{"start":{"line":162,"column":4},"end":{"line":162,"column":18}},"33":{"start":{"line":165,"column":2},"end":{"line":165,"column":16}},"34":{"start":{"line":173,"column":2},"end":{"line":173,"column":16}},"35":{"start":{"line":181,"column":17},"end":{"line":181,"column":28}},"36":{"start":{"line":184,"column":2},"end":{"line":188,"column":3}},"37":{"start":{"line":185,"column":4},"end":{"line":187,"column":5}},"38":{"start":{"line":186,"column":6},"end":{"line":186,"column":23}},"39":{"start":{"line":190,"column":2},"end":{"line":190,"column":16}},"40":{"start":{"line":198,"column":2},"end":{"line":198,"column":16}},"41":{"start":{"line":211,"column":2},"end":{"line":289,"column":4}},"42":{"start":{"line":302,"column":20},"end":{"line":302,"column":42}},"43":{"start":{"line":303,"column":20},"end":{"line":303,"column":44}},"44":{"start":{"line":305,"column":23},"end":{"line":305,"column":80}},"45":{"start":{"line":305,"column":50},"end":{"line":305,"column":72}},"46":{"start":{"line":306,"column":23},"end":{"line":306,"column":80}},"47":{"start":{"line":306,"column":50},"end":{"line":306,"column":72}},"48":{"start":{"line":307,"column":24},"end":{"line":307,"column":84}},"49":{"start":{"line":307,"column":51},"end":{"line":307,"column":76}},"50":{"start":{"line":309,"column":38},"end":{"line":309,"column":44}},"51":{"start":{"line":310,"column":2},"end":{"line":314,"column":3}},"52":{"start":{"line":311,"column":4},"end":{"line":311,"column":27}},"53":{"start":{"line":312,"column":9},"end":{"line":314,"column":3}},"54":{"start":{"line":313,"column":4},"end":{"line":313,"column":30}},"55":{"start":{"line":316,"column":36},"end":{"line":316,"column":38}},"56":{"start":{"line":317,"column":2},"end":{"line":321,"column":5}},"57":{"start":{"line":318,"column":4},"end":{"line":320,"column":5}},"58":{"start":{"line":319,"column":6},"end":{"line":319,"column":63}},"59":{"start":{"line":323,"column":2},"end":{"line":333,"column":4}},"60":{"start":{"line":353,"column":17},"end":{"line":353,"column":28}},"61":{"start":{"line":354,"column":17},"end":{"line":354,"column":39}},"62":{"start":{"line":356,"column":2},"end":{"line":363,"column":4}},"63":{"start":{"line":373,"column":17},"end":{"line":373,"column":46}},"64":{"start":{"line":376,"column":2},"end":{"line":379,"column":3}},"65":{"start":{"line":377,"column":4},"end":{"line":377,"column":75}},"66":{"start":{"line":378,"column":4},"end":{"line":378,"column":17}},"67":{"start":{"line":381,"column":2},"end":{"line":381,"column":14}}},"fnMap":{"0":{"name":"checkAccessControl","decl":{"start":{"line":54,"column":9},"end":{"line":54,"column":27}},"loc":{"start":{"line":54,"column":46},"end":{"line":58,"column":1}},"line":54},"1":{"name":"checkCryptographicSecurity","decl":{"start":{"line":64,"column":9},"end":{"line":64,"column":35}},"loc":{"start":{"line":64,"column":54},"end":{"line":81,"column":1}},"line":64},"2":{"name":"checkInjectionPrevention","decl":{"start":{"line":87,"column":9},"end":{"line":87,"column":33}},"loc":{"start":{"line":87,"column":52},"end":{"line":92,"column":1}},"line":87},"3":{"name":"checkSecureDesign","decl":{"start":{"line":98,"column":9},"end":{"line":98,"column":26}},"loc":{"start":{"line":98,"column":45},"end":{"line":112,"column":1}},"line":98},"4":{"name":"checkConfigurationSecurity","decl":{"start":{"line":118,"column":9},"end":{"line":118,"column":35}},"loc":{"start":{"line":118,"column":54},"end":{"line":137,"column":1}},"line":118},"5":{"name":"checkDependencies","decl":{"start":{"line":144,"column":9},"end":{"line":144,"column":26}},"loc":{"start":{"line":144,"column":45},"end":{"line":149,"column":1}},"line":144},"6":{"name":"checkAuthenticationSecurity","decl":{"start":{"line":155,"column":9},"end":{"line":155,"column":36}},"loc":{"start":{"line":155,"column":55},"end":{"line":166,"column":1}},"line":155},"7":{"name":"checkDataIntegrity","decl":{"start":{"line":172,"column":9},"end":{"line":172,"column":27}},"loc":{"start":{"line":172,"column":46},"end":{"line":174,"column":1}},"line":172},"8":{"name":"checkLoggingAndMonitoring","decl":{"start":{"line":180,"column":9},"end":{"line":180,"column":34}},"loc":{"start":{"line":180,"column":53},"end":{"line":191,"column":1}},"line":180},"9":{"name":"checkSSRF","decl":{"start":{"line":197,"column":9},"end":{"line":197,"column":18}},"loc":{"start":{"line":197,"column":37},"end":{"line":199,"column":1}},"line":197},"10":{"name":"getSecurityChecklist","decl":{"start":{"line":210,"column":16},"end":{"line":210,"column":36}},"loc":{"start":{"line":210,"column":64},"end":{"line":290,"column":1}},"line":210},"11":{"name":"generateSecurityAuditReport","decl":{"start":{"line":301,"column":16},"end":{"line":301,"column":43}},"loc":{"start":{"line":301,"column":67},"end":{"line":334,"column":1}},"line":301},"12":{"name":"(anonymous_12)","decl":{"start":{"line":305,"column":40},"end":{"line":305,"column":41}},"loc":{"start":{"line":305,"column":50},"end":{"line":305,"column":72}},"line":305},"13":{"name":"(anonymous_13)","decl":{"start":{"line":306,"column":40},"end":{"line":306,"column":41}},"loc":{"start":{"line":306,"column":50},"end":{"line":306,"column":72}},"line":306},"14":{"name":"(anonymous_14)","decl":{"start":{"line":307,"column":41},"end":{"line":307,"column":42}},"loc":{"start":{"line":307,"column":51},"end":{"line":307,"column":76}},"line":307},"15":{"name":"(anonymous_15)","decl":{"start":{"line":317,"column":20},"end":{"line":317,"column":21}},"loc":{"start":{"line":317,"column":30},"end":{"line":321,"column":3}},"line":317},"16":{"name":"validateApplicationConfig","decl":{"start":{"line":345,"column":16},"end":{"line":345,"column":41}},"loc":{"start":{"line":352,"column":2},"end":{"line":364,"column":1}},"line":352},"17":{"name":"performRuntimeSecurityCheck","decl":{"start":{"line":372,"column":16},"end":{"line":372,"column":43}},"loc":{"start":{"line":372,"column":55},"end":{"line":382,"column":1}},"line":372}},"branchMap":{"0":{"loc":{"start":{"line":69,"column":22},"end":{"line":69,"column":104}},"type":"binary-expr","locations":[{"start":{"line":69,"column":22},"end":{"line":69,"column":61}},{"start":{"line":69,"column":65},"end":{"line":69,"column":104}}],"line":69},"1":{"loc":{"start":{"line":71,"column":2},"end":{"line":73,"column":3}},"type":"if","locations":[{"start":{"line":71,"column":2},"end":{"line":73,"column":3}},{"start":{},"end":{}}],"line":71},"2":{"loc":{"start":{"line":71,"column":6},"end":{"line":71,"column":30}},"type":"binary-expr","locations":[{"start":{"line":71,"column":6},"end":{"line":71,"column":14}},{"start":{"line":71,"column":18},"end":{"line":71,"column":30}}],"line":71},"3":{"loc":{"start":{"line":76,"column":2},"end":{"line":78,"column":3}},"type":"if","locations":[{"start":{"line":76,"column":2},"end":{"line":78,"column":3}},{"start":{},"end":{}}],"line":76},"4":{"loc":{"start":{"line":76,"column":6},"end":{"line":76,"column":32}},"type":"binary-expr","locations":[{"start":{"line":76,"column":6},"end":{"line":76,"column":20}},{"start":{"line":76,"column":24},"end":{"line":76,"column":32}}],"line":76},"5":{"loc":{"start":{"line":102,"column":2},"end":{"line":109,"column":3}},"type":"if","locations":[{"start":{"line":102,"column":2},"end":{"line":109,"column":3}},{"start":{},"end":{}}],"line":102},"6":{"loc":{"start":{"line":103,"column":4},"end":{"line":105,"column":5}},"type":"if","locations":[{"start":{"line":103,"column":4},"end":{"line":105,"column":5}},{"start":{},"end":{}}],"line":103},"7":{"loc":{"start":{"line":106,"column":4},"end":{"line":108,"column":5}},"type":"if","locations":[{"start":{"line":106,"column":4},"end":{"line":108,"column":5}},{"start":{},"end":{}}],"line":106},"8":{"loc":{"start":{"line":122,"column":2},"end":{"line":124,"column":3}},"type":"if","locations":[{"start":{"line":122,"column":2},"end":{"line":124,"column":3}},{"start":{},"end":{}}],"line":122},"9":{"loc":{"start":{"line":127,"column":2},"end":{"line":134,"column":3}},"type":"if","locations":[{"start":{"line":127,"column":2},"end":{"line":134,"column":3}},{"start":{},"end":{}}],"line":127},"10":{"loc":{"start":{"line":128,"column":4},"end":{"line":130,"column":5}},"type":"if","locations":[{"start":{"line":128,"column":4},"end":{"line":130,"column":5}},{"start":{},"end":{}}],"line":128},"11":{"loc":{"start":{"line":131,"column":4},"end":{"line":133,"column":5}},"type":"if","locations":[{"start":{"line":131,"column":4},"end":{"line":133,"column":5}},{"start":{},"end":{}}],"line":131},"12":{"loc":{"start":{"line":161,"column":2},"end":{"line":163,"column":3}},"type":"if","locations":[{"start":{"line":161,"column":2},"end":{"line":163,"column":3}},{"start":{},"end":{}}],"line":161},"13":{"loc":{"start":{"line":161,"column":6},"end":{"line":161,"column":56}},"type":"binary-expr","locations":[{"start":{"line":161,"column":6},"end":{"line":161,"column":21}},{"start":{"line":161,"column":25},"end":{"line":161,"column":36}},{"start":{"line":161,"column":40},"end":{"line":161,"column":56}}],"line":161},"14":{"loc":{"start":{"line":184,"column":2},"end":{"line":188,"column":3}},"type":"if","locations":[{"start":{"line":184,"column":2},"end":{"line":188,"column":3}},{"start":{},"end":{}}],"line":184},"15":{"loc":{"start":{"line":185,"column":4},"end":{"line":187,"column":5}},"type":"if","locations":[{"start":{"line":185,"column":4},"end":{"line":187,"column":5}},{"start":{},"end":{}}],"line":185},"16":{"loc":{"start":{"line":310,"column":2},"end":{"line":314,"column":3}},"type":"if","locations":[{"start":{"line":310,"column":2},"end":{"line":314,"column":3}},{"start":{"line":312,"column":9},"end":{"line":314,"column":3}}],"line":310},"17":{"loc":{"start":{"line":312,"column":9},"end":{"line":314,"column":3}},"type":"if","locations":[{"start":{"line":312,"column":9},"end":{"line":314,"column":3}},{"start":{},"end":{}}],"line":312},"18":{"loc":{"start":{"line":318,"column":4},"end":{"line":320,"column":5}},"type":"if","locations":[{"start":{"line":318,"column":4},"end":{"line":320,"column":5}},{"start":{},"end":{}}],"line":318},"19":{"loc":{"start":{"line":318,"column":8},"end":{"line":318,"column":81}},"type":"binary-expr","locations":[{"start":{"line":318,"column":9},"end":{"line":318,"column":31}},{"start":{"line":318,"column":35},"end":{"line":318,"column":60}},{"start":{"line":318,"column":65},"end":{"line":318,"column":81}}],"line":318},"20":{"loc":{"start":{"line":325,"column":17},"end":{"line":325,"column":62}},"type":"cond-expr","locations":[{"start":{"line":325,"column":34},"end":{"line":325,"column":46}},{"start":{"line":325,"column":49},"end":{"line":325,"column":62}}],"line":325},"21":{"loc":{"start":{"line":376,"column":2},"end":{"line":379,"column":3}},"type":"if","locations":[{"start":{"line":376,"column":2},"end":{"line":379,"column":3}},{"start":{},"end":{}}],"line":376},"22":{"loc":{"start":{"line":376,"column":6},"end":{"line":376,"column":47}},"type":"binary-expr","locations":[{"start":{"line":376,"column":6},"end":{"line":376,"column":20}},{"start":{"line":376,"column":24},"end":{"line":376,"column":47}}],"line":376}},"s":{"0":2,"1":2,"2":2,"3":2,"4":2,"5":0,"6":2,"7":0,"8":2,"9":2,"10":2,"11":2,"12":0,"13":0,"14":0,"15":0,"16":2,"17":2,"18":2,"19":2,"20":0,"21":2,"22":0,"23":0,"24":0,"25":0,"26":2,"27":2,"28":2,"29":2,"30":2,"31":2,"32":0,"33":2,"34":2,"35":2,"36":2,"37":0,"38":0,"39":2,"40":2,"41":2,"42":1,"43":1,"44":1,"45":10,"46":1,"47":10,"48":1,"49":10,"50":1,"51":1,"52":0,"53":1,"54":0,"55":1,"56":1,"57":10,"58":0,"59":1,"60":1,"61":1,"62":1,"63":0,"64":0,"65":0,"66":0,"67":0},"f":{"0":2,"1":2,"2":2,"3":2,"4":2,"5":2,"6":2,"7":2,"8":2,"9":2,"10":2,"11":1,"12":10,"13":10,"14":10,"15":10,"16":1,"17":0},"b":{"0":[2,0],"1":[0,2],"2":[2,2],"3":[0,2],"4":[2,0],"5":[0,2],"6":[0,0],"7":[0,0],"8":[0,2],"9":[0,2],"10":[0,0],"11":[0,0],"12":[0,2],"13":[2,2,2],"14":[0,2],"15":[0,0],"16":[0,1],"17":[0,1],"18":[0,10],"19":[10,10,0],"20":[0,1],"21":[0,0],"22":[0,0]},"_coverageSchema":"1a1c01bbd47fc00a2c39e90264f33305004495a9","hash":"0b0d5d3621200f0a072bcac0f162219fc579c19f"}
}
