TN:
SF:src\config\environment.ts
FN:47,getEnvironment
FN:97,getConfig
FN:107,getCurrentEnvironment
FN:116,isProduction
FN:125,isStaging
FN:134,isDevelopment
FN:153,validateConfig
FN:208,validateConfigStrict
FNF:8
FNH:6
FNDA:22,getEnvironment
FNDA:10,getConfig
FNDA:1,getCurrentEnvironment
FNDA:10,isProduction
FNDA:0,isStaging
FNDA:1,isDevelopment
FNDA:6,validateConfig
FNDA:0,validateConfigStrict
DA:48,22
DA:50,22
DA:51,0
DA:54,22
DA:61,1
DA:98,10
DA:99,10
DA:108,1
DA:117,10
DA:126,0
DA:135,1
DA:154,6
DA:155,6
DA:158,6
DA:159,1
DA:163,6
DA:165,6
DA:167,2
DA:168,1
DA:172,2
DA:173,0
DA:177,2
DA:178,0
DA:182,6
DA:184,0
DA:185,0
DA:189,6
DA:209,0
DA:210,0
DA:212,0
DA:213,0
DA:215,0
DA:216,0
DA:218,0
LF:34
LH:21
BRDA:48,0,0,22
BRDA:48,0,1,22
BRDA:50,1,0,0
BRDA:50,1,1,22
BRDA:50,2,0,22
BRDA:50,2,1,22
BRDA:64,3,0,1
BRDA:64,3,1,1
BRDA:72,4,0,1
BRDA:72,4,1,1
BRDA:80,5,0,1
BRDA:80,5,1,1
BRDA:154,6,0,6
BRDA:154,6,1,0
BRDA:158,7,0,1
BRDA:158,7,1,5
BRDA:165,8,0,2
BRDA:165,8,1,4
BRDA:167,9,0,1
BRDA:167,9,1,1
BRDA:172,10,0,0
BRDA:172,10,1,2
BRDA:177,11,0,0
BRDA:177,11,1,2
BRDA:182,12,0,0
BRDA:182,12,1,6
BRDA:184,13,0,0
BRDA:184,13,1,0
BRDA:209,14,0,0
BRDA:209,14,1,0
BRDA:212,15,0,0
BRDA:212,15,1,0
BRDA:215,16,0,0
BRDA:215,16,1,0
BRF:34
BRH:21
end_of_record
TN:
SF:src\config\security.ts
FN:52,validateEmail
FN:77,validatePassword
FN:105,validateUsername
FN:128,validatePhoneNumber
FN:154,sanitizeString
FN:174,sanitizeEmail
FN:189,escapeJson
FN:213,isSecureConnection
FN:240,isValidJWT
FN:246,(anonymous_9)
FN:258,decodeJWT
FN:279,getTokenExpiry
FN:298,isTokenExpired
FN:314,shouldRefreshToken
FN:344,sanitizeErrorMessage
FN:393,isLoginRateLimited
FN:410,getLoginLockoutRemaining
FNF:17
FNH:17
FNDA:12,validateEmail
FNDA:11,validatePassword
FNDA:9,validateUsername
FNDA:8,validatePhoneNumber
FNDA:6,sanitizeString
FNDA:2,sanitizeEmail
FNDA:4,escapeJson
FNDA:7,isSecureConnection
FNDA:12,isValidJWT
FNDA:27,(anonymous_9)
FNDA:7,decodeJWT
FNDA:6,getTokenExpiry
FNDA:3,isTokenExpired
FNDA:2,shouldRefreshToken
FNDA:5,sanitizeErrorMessage
FNDA:3,isLoginRateLimited
FNDA:1,getLoginLockoutRemaining
DA:29,1
DA:53,12
DA:54,3
DA:57,9
DA:58,9
DA:78,11
DA:79,3
DA:82,8
DA:83,8
DA:84,8
DA:85,8
DA:87,8
DA:106,9
DA:107,0
DA:110,9
DA:129,8
DA:130,1
DA:134,7
DA:135,7
DA:155,6
DA:156,0
DA:159,6
DA:175,2
DA:176,0
DA:179,2
DA:190,4
DA:191,0
DA:194,4
DA:214,7
DA:215,0
DA:218,7
DA:241,12
DA:242,1
DA:245,11
DA:246,27
DA:259,7
DA:260,7
DA:261,0
DA:264,7
DA:266,7
DA:267,6
DA:269,1
DA:280,6
DA:281,6
DA:282,6
DA:283,1
DA:286,5
DA:288,0
DA:299,3
DA:300,3
DA:301,1
DA:304,2
DA:315,2
DA:316,2
DA:317,0
DA:320,2
DA:321,2
DA:323,2
DA:346,5
DA:347,1
DA:351,4
DA:352,3
DA:353,3
DA:354,1
DA:356,2
DA:357,1
DA:359,1
DA:360,0
DA:362,1
DA:363,1
DA:368,1
DA:370,0
DA:371,0
DA:373,0
DA:374,0
DA:379,1
DA:394,3
DA:395,1
DA:398,2
DA:399,2
DA:401,2
DA:411,1
DA:412,1
DA:413,1
DA:415,1
LF:85
LH:72
BRDA:53,0,0,3
BRDA:53,0,1,9
BRDA:53,1,0,12
BRDA:53,1,1,9
BRDA:58,2,0,9
BRDA:58,2,1,4
BRDA:78,3,0,3
BRDA:78,3,1,8
BRDA:78,4,0,11
BRDA:78,4,1,8
BRDA:87,5,0,8
BRDA:87,5,1,6
BRDA:87,5,2,4
BRDA:87,5,3,3
BRDA:106,6,0,0
BRDA:106,6,1,9
BRDA:106,7,0,9
BRDA:106,7,1,9
BRDA:110,8,0,9
BRDA:110,8,1,5
BRDA:129,9,0,1
BRDA:129,9,1,7
BRDA:129,10,0,8
BRDA:129,10,1,7
BRDA:135,11,0,7
BRDA:135,11,1,4
BRDA:155,12,0,0
BRDA:155,12,1,6
BRDA:155,13,0,6
BRDA:155,13,1,6
BRDA:175,14,0,0
BRDA:175,14,1,2
BRDA:175,15,0,2
BRDA:175,15,1,2
BRDA:190,16,0,0
BRDA:190,16,1,4
BRDA:190,17,0,4
BRDA:190,17,1,4
BRDA:214,18,0,0
BRDA:214,18,1,7
BRDA:214,19,0,7
BRDA:214,19,1,7
BRDA:241,20,0,1
BRDA:241,20,1,11
BRDA:241,21,0,12
BRDA:241,21,1,11
BRDA:246,22,0,11
BRDA:246,22,1,9
BRDA:260,23,0,0
BRDA:260,23,1,7
BRDA:282,24,0,1
BRDA:282,24,1,5
BRDA:282,25,0,6
BRDA:282,25,1,5
BRDA:282,25,2,5
BRDA:300,26,0,1
BRDA:300,26,1,2
BRDA:316,27,0,0
BRDA:316,27,1,2
BRDA:346,28,0,1
BRDA:346,28,1,4
BRDA:351,29,0,3
BRDA:351,29,1,1
BRDA:351,30,0,4
BRDA:351,30,1,4
BRDA:353,31,0,1
BRDA:353,31,1,2
BRDA:356,32,0,1
BRDA:356,32,1,1
BRDA:359,33,0,0
BRDA:359,33,1,1
BRDA:362,34,0,1
BRDA:362,34,1,0
BRDA:362,35,0,1
BRDA:362,35,1,1
BRDA:368,36,0,0
BRDA:368,36,1,1
BRDA:370,37,0,0
BRDA:370,37,1,0
BRDA:373,38,0,0
BRDA:373,38,1,0
BRDA:394,39,0,1
BRDA:394,39,1,2
BRF:83
BRH:69
end_of_record
TN:
SF:src\services\SecurityAuditService.ts
FN:54,checkAccessControl
FN:64,checkCryptographicSecurity
FN:87,checkInjectionPrevention
FN:98,checkSecureDesign
FN:118,checkConfigurationSecurity
FN:144,checkDependencies
FN:155,checkAuthenticationSecurity
FN:172,checkDataIntegrity
FN:180,checkLoggingAndMonitoring
FN:197,checkSSRF
FN:210,getSecurityChecklist
FN:301,generateSecurityAuditReport
FN:305,(anonymous_12)
FN:306,(anonymous_13)
FN:307,(anonymous_14)
FN:317,(anonymous_15)
FN:345,validateApplicationConfig
FN:372,performRuntimeSecurityCheck
FNF:18
FNH:17
FNDA:2,checkAccessControl
FNDA:2,checkCryptographicSecurity
FNDA:2,checkInjectionPrevention
FNDA:2,checkSecureDesign
FNDA:2,checkConfigurationSecurity
FNDA:2,checkDependencies
FNDA:2,checkAuthenticationSecurity
FNDA:2,checkDataIntegrity
FNDA:2,checkLoggingAndMonitoring
FNDA:2,checkSSRF
FNDA:2,getSecurityChecklist
FNDA:1,generateSecurityAuditReport
FNDA:10,(anonymous_12)
FNDA:10,(anonymous_13)
FNDA:10,(anonymous_14)
FNDA:10,(anonymous_15)
FNDA:1,validateApplicationConfig
FNDA:0,performRuntimeSecurityCheck
DA:57,2
DA:65,2
DA:68,2
DA:69,2
DA:71,2
DA:72,0
DA:76,2
DA:77,0
DA:80,2
DA:91,2
DA:99,2
DA:102,2
DA:103,0
DA:104,0
DA:106,0
DA:107,0
DA:111,2
DA:119,2
DA:120,2
DA:122,2
DA:123,0
DA:127,2
DA:128,0
DA:129,0
DA:131,0
DA:132,0
DA:136,2
DA:148,2
DA:157,2
DA:158,2
DA:159,2
DA:161,2
DA:162,0
DA:165,2
DA:173,2
DA:181,2
DA:184,2
DA:185,0
DA:186,0
DA:190,2
DA:198,2
DA:211,2
DA:302,1
DA:303,1
DA:305,10
DA:306,10
DA:307,10
DA:309,1
DA:310,1
DA:311,0
DA:312,1
DA:313,0
DA:316,1
DA:317,1
DA:318,10
DA:319,0
DA:323,1
DA:353,1
DA:354,1
DA:356,1
DA:373,0
DA:376,0
DA:377,0
DA:378,0
DA:381,0
LF:65
LH:43
BRDA:69,0,0,2
BRDA:69,0,1,0
BRDA:71,1,0,0
BRDA:71,1,1,2
BRDA:71,2,0,2
BRDA:71,2,1,2
BRDA:76,3,0,0
BRDA:76,3,1,2
BRDA:76,4,0,2
BRDA:76,4,1,0
BRDA:102,5,0,0
BRDA:102,5,1,2
BRDA:103,6,0,0
BRDA:103,6,1,0
BRDA:106,7,0,0
BRDA:106,7,1,0
BRDA:122,8,0,0
BRDA:122,8,1,2
BRDA:127,9,0,0
BRDA:127,9,1,2
BRDA:128,10,0,0
BRDA:128,10,1,0
BRDA:131,11,0,0
BRDA:131,11,1,0
BRDA:161,12,0,0
BRDA:161,12,1,2
BRDA:161,13,0,2
BRDA:161,13,1,2
BRDA:161,13,2,2
BRDA:184,14,0,0
BRDA:184,14,1,2
BRDA:185,15,0,0
BRDA:185,15,1,0
BRDA:310,16,0,0
BRDA:310,16,1,1
BRDA:312,17,0,0
BRDA:312,17,1,1
BRDA:318,18,0,0
BRDA:318,18,1,10
BRDA:318,19,0,10
BRDA:318,19,1,10
BRDA:318,19,2,0
BRDA:325,20,0,0
BRDA:325,20,1,1
BRDA:376,21,0,0
BRDA:376,21,1,0
BRDA:376,22,0,0
BRDA:376,22,1,0
BRF:48
BRH:20
end_of_record
