TN:
SF:App.tsx
FN:7,App
FNF:1
FNH:0
FNDA:0,App
DA:8,0
LF:1
LH:0
BRF:0
BRH:0
end_of_record
TN:
SF:src\_layout.tsx
FN:38,AuthNavigator
FN:73,AppNavigator
FN:137,NavigationWithNotifications
FN:143,(anonymous_3)
FN:157,(anonymous_4)
FN:172,(anonymous_5)
FN:193,RootNavigator
FN:224,SplashScreen
FNF:8
FNH:0
FNDA:0,AuthNavigator
FNDA:0,AppNavigator
FNDA:0,NavigationWithNotifications
FNDA:0,(anonymous_3)
FNDA:0,(anonymous_4)
FNDA:0,(anonymous_5)
FNDA:0,RootNavigator
FNDA:0,SplashScreen
DA:27,2
DA:28,2
DA:39,0
DA:74,0
DA:138,0
DA:139,0
DA:140,0
DA:143,0
DA:144,0
DA:145,0
DA:157,0
DA:160,0
DA:163,0
DA:172,0
DA:194,0
DA:197,0
DA:199,0
DA:200,0
DA:214,0
DA:225,0
LF:20
LH:2
BRDA:144,0,0,0
BRDA:144,0,1,0
BRDA:146,1,0,0
BRDA:146,1,1,0
BRDA:147,2,0,0
BRDA:147,2,1,0
BRDA:148,3,0,0
BRDA:148,3,1,0
BRDA:166,4,0,0
BRDA:166,4,1,0
BRDA:199,5,0,0
BRDA:199,5,1,0
BRF:12
BRH:0
end_of_record
TN:
SF:src\components\ErrorBoundary.tsx
FN:18,(anonymous_0)
FN:23,(anonymous_1)
FN:27,(anonymous_2)
FN:39,(anonymous_3)
FN:42,(anonymous_4)
FN:46,(anonymous_5)
FN:69,DefaultErrorFallback
FNF:7
FNH:0
FNDA:0,(anonymous_0)
FNDA:0,(anonymous_1)
FNDA:0,(anonymous_2)
FNDA:0,(anonymous_3)
FNDA:0,(anonymous_4)
FNDA:0,(anonymous_5)
FNDA:0,DefaultErrorFallback
DA:19,0
DA:20,0
DA:24,0
DA:29,0
DA:30,0
DA:33,0
DA:39,0
DA:42,0
DA:43,0
DA:47,0
DA:48,0
DA:59,0
DA:70,0
LF:13
LH:0
BRDA:33,0,0,0
BRDA:33,0,1,0
BRDA:47,1,0,0
BRDA:47,1,1,0
BRDA:47,2,0,0
BRDA:47,2,1,0
BRDA:48,3,0,0
BRDA:48,3,1,0
BRDA:69,4,0,0
BRDA:109,5,0,0
BRDA:109,5,1,0
BRDA:113,6,0,0
BRDA:113,6,1,0
BRDA:137,7,0,0
BRDA:137,7,1,0
BRDA:156,8,0,0
BRDA:156,8,1,0
BRF:17
BRH:0
end_of_record
TN:
SF:src\components\FormInputGroup.tsx
FN:48,FormInputGroup
FN:70,(anonymous_1)
FN:71,(anonymous_2)
FNF:3
FNH:0
FNDA:0,FormInputGroup
FNDA:0,(anonymous_1)
FNDA:0,(anonymous_2)
DA:66,0
DA:67,0
DA:68,0
DA:70,0
DA:71,0
DA:72,0
DA:73,0
DA:77,0
DA:85,0
DA:151,0
LF:10
LH:0
BRDA:56,0,0,0
BRDA:57,1,0,0
BRDA:58,2,0,0
BRDA:60,3,0,0
BRDA:61,4,0,0
BRDA:62,5,0,0
BRDA:63,6,0,0
BRDA:68,7,0,0
BRDA:68,7,1,0
BRDA:68,8,0,0
BRDA:68,8,1,0
BRDA:77,9,0,0
BRDA:77,9,1,0
BRDA:79,10,0,0
BRDA:79,10,1,0
BRDA:81,11,0,0
BRDA:81,11,1,0
BRDA:156,12,0,0
BRDA:156,12,1,0
BRDA:173,13,0,0
BRDA:173,13,1,0
BRDA:181,14,0,0
BRDA:181,14,1,0
BRDA:191,15,0,0
BRDA:191,15,1,0
BRDA:201,16,0,0
BRDA:201,16,1,0
BRDA:201,16,2,0
BRDA:211,17,0,0
BRDA:211,17,1,0
BRDA:211,17,2,0
BRF:31
BRH:0
end_of_record
TN:
SF:src\components\MatchPredictionCard.tsx
FN:15,MatchPredictionCard
FN:85,(anonymous_1)
FN:98,TeamSide
FN:111,ProbabilityBar
FN:121,MarketBadge
FNF:5
FNH:0
FNDA:0,MatchPredictionCard
FNDA:0,(anonymous_1)
FNDA:0,TeamSide
FNDA:0,ProbabilityBar
FNDA:0,MarketBadge
DA:16,0
DA:17,0
DA:19,0
DA:20,0
DA:21,0
DA:23,0
DA:24,0
DA:26,0
DA:85,0
DA:99,0
DA:112,0
DA:122,0
DA:123,0
DA:134,1
LF:14
LH:1
BRDA:17,0,0,0
BRDA:17,0,1,0
BRDA:27,1,0,0
BRDA:27,1,1,0
BRDA:30,2,0,0
BRDA:30,2,1,0
BRDA:82,3,0,0
BRDA:82,3,1,0
BRDA:100,4,0,0
BRDA:100,4,1,0
BRDA:122,5,0,0
BRDA:122,5,1,0
BRDA:122,6,0,0
BRDA:122,6,1,0
BRF:14
BRH:0
end_of_record
TN:
SF:src\components\NotificationToast.tsx
FN:39,NotificationToast
FN:47,(anonymous_1)
FN:57,(anonymous_2)
FN:61,(anonymous_3)
FN:65,(anonymous_4)
FN:71,(anonymous_5)
FN:80,(anonymous_6)
FN:109,(anonymous_7)
FNF:8
FNH:0
FNDA:0,NotificationToast
FNDA:0,(anonymous_1)
FNDA:0,(anonymous_2)
FNDA:0,(anonymous_3)
FNDA:0,(anonymous_4)
FNDA:0,(anonymous_5)
FNDA:0,(anonymous_6)
FNDA:0,(anonymous_7)
DA:36,3
DA:37,3
DA:45,0
DA:47,0
DA:48,0
DA:50,0
DA:57,0
DA:58,0
DA:61,0
DA:65,0
DA:67,0
DA:72,0
DA:76,0
DA:77,0
DA:80,0
DA:81,0
DA:83,0
DA:85,0
DA:87,0
DA:89,0
DA:93,0
DA:110,0
DA:111,0
DA:113,0
DA:139,3
LF:25
LH:3
BRDA:43,0,0,0
BRDA:48,1,0,0
BRDA:48,1,1,0
BRDA:76,2,0,0
BRDA:76,2,1,0
BRDA:81,3,0,0
BRDA:81,3,1,0
BRDA:81,3,2,0
BRDA:81,3,3,0
BRDA:110,4,0,0
BRDA:110,4,1,0
BRF:11
BRH:0
end_of_record
TN:
SF:src\components\ProgressBar.tsx
FN:16,ProgressBar
FN:33,(anonymous_1)
FNF:2
FNH:0
FNDA:0,ProgressBar
FNDA:0,(anonymous_1)
DA:25,0
DA:31,0
DA:33,0
DA:34,0
DA:35,0
DA:36,0
DA:39,0
DA:74,1
LF:8
LH:1
BRDA:21,0,0,0
BRDA:25,1,0,0
BRDA:25,1,1,0
BRDA:27,2,0,0
BRDA:27,2,1,0
BRDA:27,3,0,0
BRDA:27,3,1,0
BRDA:28,4,0,0
BRDA:28,4,1,0
BRDA:34,5,0,0
BRDA:34,5,1,0
BRDA:35,6,0,0
BRDA:35,6,1,0
BRDA:44,7,0,0
BRDA:44,7,1,0
BRDA:47,8,0,0
BRDA:47,8,1,0
BRDA:47,8,2,0
BRDA:49,9,0,0
BRDA:49,9,1,0
BRDA:50,10,0,0
BRDA:50,10,1,0
BRDA:65,11,0,0
BRDA:65,11,1,0
BRDA:65,11,2,0
BRDA:65,11,3,0
BRF:26
BRH:0
end_of_record
TN:
SF:src\components\Spinner.tsx
FN:18,Spinner
FN:25,(anonymous_1)
FN:40,(anonymous_2)
FN:83,getSizeConfig
FNF:4
FNH:0
FNDA:0,Spinner
FNDA:0,(anonymous_1)
FNDA:0,(anonymous_2)
FNDA:0,getSizeConfig
DA:23,0
DA:25,0
DA:30,0
DA:38,0
DA:40,0
DA:41,0
DA:45,0
DA:50,0
DA:52,0
DA:84,0
DA:86,0
DA:88,0
DA:90,0
DA:92,0
DA:96,1
LF:15
LH:1
BRDA:19,0,0,0
BRDA:20,1,0,0
BRDA:21,2,0,0
BRDA:84,3,0,0
BRDA:84,3,1,0
BRDA:84,3,2,0
BRDA:84,3,3,0
BRF:7
BRH:0
end_of_record
TN:
SF:src\components\Stepper.tsx
FN:31,Stepper
FN:39,(anonymous_1)
FN:53,(anonymous_2)
FN:68,(anonymous_3)
FN:144,getStepStatus
FN:155,getIndicatorStyle
FN:200,getStepIcon
FN:254,getConnectorStyle
FNF:8
FNH:0
FNDA:0,Stepper
FNDA:0,(anonymous_1)
FNDA:0,(anonymous_2)
FNDA:0,(anonymous_3)
FNDA:0,getStepStatus
FNDA:0,getIndicatorStyle
FNDA:0,getStepIcon
FNDA:0,getConnectorStyle
DA:39,0
DA:40,0
DA:41,0
DA:42,0
DA:46,0
DA:54,0
DA:55,0
DA:57,0
DA:68,0
DA:149,0
DA:150,0
DA:151,0
DA:152,0
DA:156,0
DA:165,0
DA:193,0
DA:194,0
DA:195,0
DA:197,0
DA:201,0
DA:203,0
DA:215,0
DA:227,0
DA:240,0
DA:255,0
DA:259,0
DA:260,0
DA:265,0
DA:268,1
LF:29
LH:1
BRDA:33,0,0,0
BRDA:35,1,0,0
BRDA:36,2,0,0
BRDA:37,3,0,0
BRDA:41,4,0,0
BRDA:41,4,1,0
BRDA:41,5,0,0
BRDA:41,5,1,0
BRDA:41,5,2,0
BRDA:50,6,0,0
BRDA:50,6,1,0
BRDA:62,7,0,0
BRDA:62,7,1,0
BRDA:63,8,0,0
BRDA:63,8,1,0
BRDA:69,9,0,0
BRDA:69,9,1,0
BRDA:72,10,0,0
BRDA:72,10,1,0
BRDA:72,10,2,0
BRDA:90,11,0,0
BRDA:90,11,1,0
BRDA:98,12,0,0
BRDA:98,12,1,0
BRDA:101,13,0,0
BRDA:101,13,1,0
BRDA:108,14,0,0
BRDA:108,14,1,0
BRDA:121,15,0,0
BRDA:121,15,1,0
BRDA:121,15,2,0
BRDA:125,16,0,0
BRDA:125,16,1,0
BRDA:137,17,0,0
BRDA:137,17,1,0
BRDA:149,18,0,0
BRDA:149,18,1,0
BRDA:150,19,0,0
BRDA:150,19,1,0
BRDA:151,20,0,0
BRDA:151,20,1,0
BRDA:194,21,0,0
BRDA:194,21,1,0
BRDA:201,22,0,0
BRDA:201,22,1,0
BRDA:201,22,2,0
BRDA:201,22,3,0
BRDA:201,22,4,0
BRDA:259,23,0,0
BRDA:259,23,1,0
BRDA:259,24,0,0
BRDA:259,24,1,0
BRF:52
BRH:0
end_of_record
TN:
SF:src\components\Tabs.tsx
FN:30,Tabs
FN:41,(anonymous_1)
FN:42,(anonymous_2)
FN:49,(anonymous_3)
FN:62,(anonymous_4)
FN:68,(anonymous_5)
FN:90,TabButton
FN:169,getTabButtonStyles
FNF:8
FNH:0
FNDA:0,Tabs
FNDA:0,(anonymous_1)
FNDA:0,(anonymous_2)
FNDA:0,(anonymous_3)
FNDA:0,(anonymous_4)
FNDA:0,(anonymous_5)
FNDA:0,TabButton
FNDA:0,getTabButtonStyles
DA:37,0
DA:41,0
DA:42,0
DA:43,0
DA:44,0
DA:45,0
DA:49,0
DA:51,0
DA:63,0
DA:68,0
DA:97,0
DA:99,0
DA:174,0
DA:184,0
DA:233,0
DA:236,1
LF:16
LH:1
BRDA:34,0,0,0
BRDA:35,1,0,0
BRDA:38,2,0,0
BRDA:38,2,1,0
BRDA:38,2,2,0
BRDA:43,3,0,0
BRDA:43,3,1,0
BRDA:43,4,0,0
BRDA:43,4,1,0
BRDA:59,5,0,0
BRDA:59,5,1,0
BRDA:75,6,0,0
BRDA:75,6,1,0
BRDA:105,7,0,0
BRDA:105,7,1,0
BRDA:110,8,0,0
BRDA:110,8,1,0
BRDA:114,9,0,0
BRDA:114,9,1,0
BRDA:126,10,0,0
BRDA:126,10,1,0
BRDA:127,11,0,0
BRDA:127,11,1,0
BRDA:135,12,0,0
BRDA:135,12,1,0
BRDA:152,13,0,0
BRDA:152,13,1,0
BRDA:152,13,2,0
BRDA:176,14,0,0
BRDA:176,14,1,0
BRDA:180,15,0,0
BRDA:180,15,1,0
BRDA:181,16,0,0
BRDA:181,16,1,0
BRDA:189,17,0,0
BRDA:189,17,1,0
BRDA:204,18,0,0
BRDA:204,18,1,0
BRDA:205,19,0,0
BRDA:205,19,1,0
BRDA:209,20,0,0
BRDA:209,20,1,0
BRDA:224,21,0,0
BRDA:224,21,1,0
BRF:44
BRH:0
end_of_record
TN:
SF:src\components\Toast.tsx
FN:18,Toast
FN:21,(anonymous_1)
FN:30,(anonymous_2)
FN:36,(anonymous_3)
FN:41,(anonymous_4)
FN:53,(anonymous_5)
FNF:6
FNH:0
FNDA:0,Toast
FNDA:0,(anonymous_1)
FNDA:0,(anonymous_2)
FNDA:0,(anonymous_3)
FNDA:0,(anonymous_4)
FNDA:0,(anonymous_5)
DA:19,0
DA:21,0
DA:23,0
DA:30,0
DA:32,0
DA:37,0
DA:41,0
DA:42,0
DA:44,0
DA:46,0
DA:49,0
DA:53,0
DA:54,0
DA:56,0
DA:58,0
DA:61,0
DA:65,0
DA:116,3
LF:18
LH:1
BRDA:42,0,0,0
BRDA:42,0,1,0
BRDA:42,0,2,0
BRDA:42,0,3,0
BRDA:54,1,0,0
BRDA:54,1,1,0
BRDA:54,1,2,0
BRDA:54,1,3,0
BRF:8
BRH:0
end_of_record
TN:
SF:src\components\skeletons\MatchCardSkeleton.tsx
FN:6,MatchCardSkeleton
FN:10,(anonymous_1)
FNF:2
FNH:0
FNDA:0,MatchCardSkeleton
FNDA:0,(anonymous_1)
DA:7,0
DA:8,0
DA:10,0
DA:12,0
DA:13,0
DA:14,0
DA:18,0
DA:34,0
DA:58,2
LF:9
LH:1
BRDA:12,0,0,0
BRDA:12,0,1,0
BRF:2
BRH:0
end_of_record
TN:
SF:src\config\firebase.config.ts
FN:17,initializeFirebaseMessaging
FN:31,(anonymous_1)
FN:44,(anonymous_2)
FN:49,(anonymous_3)
FN:68,getDeviceToken
FN:83,onDeviceTokenRefresh
FN:86,(anonymous_6)
FN:100,configureNotificationBehavior
FN:102,(anonymous_8)
FN:113,enableFirebaseAnalytics
FNF:10
FNH:7
FNDA:8,initializeFirebaseMessaging
FNDA:0,(anonymous_1)
FNDA:0,(anonymous_2)
FNDA:0,(anonymous_3)
FNDA:4,getDeviceToken
FNDA:4,onDeviceTokenRefresh
FNDA:2,(anonymous_6)
FNDA:4,configureNotificationBehavior
FNDA:3,(anonymous_8)
FNDA:3,enableFirebaseAnalytics
DA:18,8
DA:20,8
DA:22,7
DA:25,7
DA:26,1
DA:27,1
DA:31,6
DA:32,0
DA:34,0
DA:44,6
DA:45,0
DA:49,6
DA:50,0
DA:54,6
DA:55,6
DA:56,0
DA:59,6
DA:61,1
DA:69,4
DA:70,4
DA:71,2
DA:72,2
DA:74,2
DA:75,2
DA:86,4
DA:87,2
DA:88,2
DA:91,4
DA:101,4
DA:102,3
DA:114,3
DA:115,3
DA:116,2
DA:118,1
LF:34
LH:29
BRDA:22,0,0,7
BRDA:22,0,1,2
BRDA:25,1,0,1
BRDA:25,1,1,6
BRDA:36,2,0,0
BRDA:36,2,1,0
BRDA:37,3,0,0
BRDA:37,3,1,0
BRDA:38,4,0,0
BRDA:38,4,1,0
BRDA:55,5,0,0
BRDA:55,5,1,6
BRF:12
BRH:5
end_of_record
TN:
SF:src\context\AuthContext.tsx
FN:25,AuthProvider
FN:31,(anonymous_1)
FN:35,(anonymous_2)
FN:54,(anonymous_3)
FN:73,(anonymous_4)
FN:92,(anonymous_5)
FN:107,(anonymous_6)
FN:140,useAuth
FNF:8
FNH:0
FNDA:0,AuthProvider
FNDA:0,(anonymous_1)
FNDA:0,(anonymous_2)
FNDA:0,(anonymous_3)
FNDA:0,(anonymous_4)
FNDA:0,(anonymous_5)
FNDA:0,(anonymous_6)
FNDA:0,useAuth
DA:23,6
DA:26,0
DA:27,0
DA:28,0
DA:31,0
DA:32,0
DA:35,0
DA:36,0
DA:37,0
DA:38,0
DA:40,0
DA:41,0
DA:42,0
DA:45,0
DA:47,0
DA:48,0
DA:50,0
DA:54,0
DA:55,0
DA:56,0
DA:57,0
DA:60,0
DA:61,0
DA:62,0
DA:65,0
DA:66,0
DA:68,0
DA:69,0
DA:73,0
DA:74,0
DA:75,0
DA:76,0
DA:79,0
DA:80,0
DA:81,0
DA:84,0
DA:85,0
DA:87,0
DA:88,0
DA:92,0
DA:93,0
DA:95,0
DA:97,0
DA:100,0
DA:101,0
DA:102,0
DA:103,0
DA:107,0
DA:108,0
DA:109,0
DA:110,0
DA:113,0
DA:114,0
DA:116,0
DA:118,0
DA:119,0
DA:123,0
DA:141,0
DA:142,0
DA:143,0
DA:145,0
LF:61
LH:1
BRDA:38,0,0,0
BRDA:38,0,1,0
BRDA:142,1,0,0
BRDA:142,1,1,0
BRF:4
BRH:0
end_of_record
TN:
SF:src\context\NotificationContext.tsx
FN:43,NotificationProvider
FN:56,(anonymous_1)
FN:57,(anonymous_2)
FN:67,(anonymous_3)
FN:79,(anonymous_4)
FN:86,(anonymous_5)
FN:91,(anonymous_6)
FN:107,(anonymous_7)
FN:121,(anonymous_8)
FN:122,(anonymous_9)
FN:126,(anonymous_10)
FN:133,(anonymous_11)
FN:134,(anonymous_12)
FN:135,(anonymous_13)
FN:140,(anonymous_14)
FN:141,(anonymous_15)
FN:163,useNotification
FNF:17
FNH:0
FNDA:0,NotificationProvider
FNDA:0,(anonymous_1)
FNDA:0,(anonymous_2)
FNDA:0,(anonymous_3)
FNDA:0,(anonymous_4)
FNDA:0,(anonymous_5)
FNDA:0,(anonymous_6)
FNDA:0,(anonymous_7)
FNDA:0,(anonymous_8)
FNDA:0,(anonymous_9)
FNDA:0,(anonymous_10)
FNDA:0,(anonymous_11)
FNDA:0,(anonymous_12)
FNDA:0,(anonymous_13)
FNDA:0,(anonymous_14)
FNDA:0,(anonymous_15)
FNDA:0,useNotification
DA:35,4
DA:46,0
DA:48,0
DA:49,0
DA:50,0
DA:51,0
DA:54,0
DA:56,0
DA:57,0
DA:58,0
DA:60,0
DA:63,0
DA:67,0
DA:68,0
DA:79,0
DA:80,0
DA:82,0
DA:85,0
DA:86,0
DA:91,0
DA:92,0
DA:95,0
DA:96,0
DA:100,0
DA:101,0
DA:105,0
DA:107,0
DA:108,0
DA:109,0
DA:113,0
DA:114,0
DA:115,0
DA:119,0
DA:121,0
DA:122,0
DA:126,0
DA:127,0
DA:128,0
DA:129,0
DA:130,0
DA:133,0
DA:134,0
DA:135,0
DA:136,0
DA:140,0
DA:141,0
DA:142,0
DA:146,0
DA:156,0
DA:164,0
DA:165,0
DA:166,0
DA:168,0
LF:53
LH:1
BRDA:70,0,0,0
BRDA:70,0,1,0
BRDA:71,1,0,0
BRDA:71,1,1,0
BRDA:95,2,0,0
BRDA:95,2,1,0
BRDA:100,3,0,0
BRDA:100,3,1,0
BRDA:113,4,0,0
BRDA:113,4,1,0
BRDA:136,5,0,0
BRDA:136,5,1,0
BRDA:142,6,0,0
BRDA:142,6,1,0
BRDA:142,7,0,0
BRDA:142,7,1,0
BRDA:165,8,0,0
BRDA:165,8,1,0
BRF:18
BRH:0
end_of_record
TN:
SF:src\context\ToastContext.tsx
FN:22,ToastProvider
FN:26,(anonymous_1)
FN:30,(anonymous_2)
FN:34,(anonymous_3)
FN:35,(anonymous_4)
FN:35,(anonymous_5)
FN:42,(anonymous_6)
FN:46,(anonymous_7)
FN:50,(anonymous_8)
FN:54,(anonymous_9)
FN:55,(anonymous_10)
FN:55,(anonymous_11)
FN:73,useToast
FN:89,ToastContainer
FN:105,(anonymous_14)
FN:110,(anonymous_15)
FNF:16
FNH:0
FNDA:0,ToastProvider
FNDA:0,(anonymous_1)
FNDA:0,(anonymous_2)
FNDA:0,(anonymous_3)
FNDA:0,(anonymous_4)
FNDA:0,(anonymous_5)
FNDA:0,(anonymous_6)
FNDA:0,(anonymous_7)
FNDA:0,(anonymous_8)
FNDA:0,(anonymous_9)
FNDA:0,(anonymous_10)
FNDA:0,(anonymous_11)
FNDA:0,useToast
FNDA:0,ToastContainer
FNDA:0,(anonymous_14)
FNDA:0,(anonymous_15)
DA:20,3
DA:23,0
DA:25,0
DA:27,0
DA:28,0
DA:30,0
DA:33,0
DA:34,0
DA:35,0
DA:42,0
DA:43,0
DA:46,0
DA:47,0
DA:50,0
DA:51,0
DA:54,0
DA:55,0
DA:58,0
DA:74,0
DA:75,0
DA:76,0
DA:78,0
DA:90,0
DA:106,0
DA:110,0
LF:25
LH:1
BRDA:26,0,0,0
BRDA:26,1,0,0
BRDA:33,2,0,0
BRDA:33,2,1,0
BRDA:43,3,0,0
BRDA:43,3,1,0
BRDA:47,4,0,0
BRDA:47,4,1,0
BRDA:51,5,0,0
BRDA:51,5,1,0
BRDA:75,6,0,0
BRDA:75,6,1,0
BRF:12
BRH:0
end_of_record
TN:
SF:src\hooks\index.ts
FNF:0
FNH:0
LF:0
LH:0
BRF:0
BRH:0
end_of_record
TN:
SF:src\hooks\useAuth.ts
FNF:0
FNH:0
LF:0
LH:0
BRF:0
BRH:0
end_of_record
TN:
SF:src\hooks\useNotifications.ts
FN:43,useNotifications
FN:64,(anonymous_1)
FN:69,(anonymous_2)
FN:83,(anonymous_3)
FN:110,(anonymous_4)
FN:128,(anonymous_5)
FN:154,(anonymous_6)
FN:176,(anonymous_7)
FN:202,(anonymous_8)
FN:204,(anonymous_9)
FN:224,(anonymous_10)
FN:240,(anonymous_11)
FN:242,(anonymous_12)
FN:258,(anonymous_13)
FN:276,(anonymous_14)
FN:291,(anonymous_15)
FN:292,(anonymous_16)
FN:314,(anonymous_17)
FN:320,(anonymous_18)
FN:336,(anonymous_19)
FNF:20
FNH:1
FNDA:8,useNotifications
FNDA:0,(anonymous_1)
FNDA:0,(anonymous_2)
FNDA:0,(anonymous_3)
FNDA:0,(anonymous_4)
FNDA:0,(anonymous_5)
FNDA:0,(anonymous_6)
FNDA:0,(anonymous_7)
FNDA:0,(anonymous_8)
FNDA:0,(anonymous_9)
FNDA:0,(anonymous_10)
FNDA:0,(anonymous_11)
FNDA:0,(anonymous_12)
FNDA:0,(anonymous_13)
FNDA:0,(anonymous_14)
FNDA:0,(anonymous_15)
FNDA:0,(anonymous_16)
FNDA:0,(anonymous_17)
FNDA:0,(anonymous_18)
FNDA:0,(anonymous_19)
DA:9,2
DA:10,2
DA:11,2
DA:13,0
DA:41,2
DA:44,8
DA:45,8
DA:47,8
DA:56,0
DA:57,0
DA:58,0
DA:59,0
DA:64,0
DA:65,0
DA:66,0
DA:67,0
DA:68,0
DA:69,0
DA:70,0
DA:72,0
DA:73,0
DA:74,0
DA:75,0
DA:82,0
DA:84,0
DA:85,0
DA:86,0
DA:89,0
DA:90,0
DA:91,0
DA:93,0
DA:103,0
DA:104,0
DA:107,0
DA:108,0
DA:110,0
DA:111,0
DA:112,0
DA:114,0
DA:115,0
DA:116,0
DA:118,0
DA:127,0
DA:129,0
DA:130,0
DA:131,0
DA:134,0
DA:135,0
DA:136,0
DA:138,0
DA:147,0
DA:148,0
DA:151,0
DA:152,0
DA:154,0
DA:159,0
DA:160,0
DA:162,0
DA:163,0
DA:164,0
DA:166,0
DA:175,0
DA:177,0
DA:178,0
DA:179,0
DA:182,0
DA:183,0
DA:184,0
DA:186,0
DA:195,0
DA:196,0
DA:199,0
DA:200,0
DA:202,0
DA:204,0
DA:207,0
DA:208,0
DA:210,0
DA:211,0
DA:212,0
DA:214,0
DA:223,0
DA:225,0
DA:226,0
DA:228,0
DA:236,0
DA:237,0
DA:240,0
DA:243,0
DA:248,0
DA:257,0
DA:259,0
DA:261,0
DA:270,0
DA:271,0
DA:273,0
DA:276,0
DA:283,0
DA:291,0
DA:292,0
DA:293,0
DA:294,0
DA:296,0
DA:298,0
DA:301,0
DA:302,0
DA:303,0
DA:306,0
DA:308,0
DA:309,0
DA:310,0
DA:313,0
DA:315,0
DA:316,0
DA:320,0
DA:321,0
DA:324,0
DA:326,0
DA:327,0
DA:328,0
DA:332,0
DA:333,0
DA:336,0
DA:337,0
DA:338,0
DA:340,0
DA:341,0
DA:346,0
LF:128
LH:7
BRDA:41,0,0,2
BRDA:41,0,1,2
BRDA:43,1,0,8
BRDA:44,2,0,8
BRDA:84,3,0,0
BRDA:84,3,1,0
BRDA:103,4,0,0
BRDA:103,4,1,0
BRDA:129,5,0,0
BRDA:129,5,1,0
BRDA:147,6,0,0
BRDA:147,6,1,0
BRDA:177,7,0,0
BRDA:177,7,1,0
BRDA:195,8,0,0
BRDA:195,8,1,0
BRDA:236,9,0,0
BRDA:236,9,1,0
BRDA:243,10,0,0
BRDA:243,10,1,0
BRDA:262,11,0,0
BRDA:262,11,1,0
BRDA:263,12,0,0
BRDA:263,12,1,0
BRDA:264,13,0,0
BRDA:264,13,1,0
BRDA:265,14,0,0
BRDA:265,14,1,0
BRDA:270,15,0,0
BRDA:270,15,1,0
BRDA:298,16,0,0
BRDA:298,16,1,0
BRDA:301,17,0,0
BRDA:301,17,1,0
BRDA:309,18,0,0
BRDA:309,18,1,0
BRDA:309,19,0,0
BRDA:309,19,1,0
BRDA:309,19,2,0
BRDA:332,20,0,0
BRDA:332,20,1,0
BRDA:337,21,0,0
BRDA:337,21,1,0
BRDA:340,22,0,0
BRDA:340,22,1,0
BRF:45
BRH:4
end_of_record
TN:
SF:src\hooks\useRegisterDevice.ts
FN:22,useRegisterDevice
FN:28,(anonymous_1)
FN:29,(anonymous_2)
FN:110,(anonymous_3)
FN:111,(anonymous_4)
FN:124,(anonymous_5)
FN:132,(anonymous_6)
FN:134,(anonymous_7)
FNF:8
FNH:1
FNDA:8,useRegisterDevice
FNDA:0,(anonymous_1)
FNDA:0,(anonymous_2)
FNDA:0,(anonymous_3)
FNDA:0,(anonymous_4)
FNDA:0,(anonymous_5)
FNDA:0,(anonymous_6)
FNDA:0,(anonymous_7)
DA:13,4
DA:14,4
DA:15,4
DA:23,8
DA:24,0
DA:25,0
DA:26,0
DA:28,0
DA:29,0
DA:30,0
DA:31,0
DA:32,0
DA:33,0
DA:36,0
DA:37,0
DA:40,0
DA:41,0
DA:42,0
DA:43,0
DA:44,0
DA:48,0
DA:49,0
DA:53,0
DA:54,0
DA:55,0
DA:56,0
DA:58,0
DA:59,0
DA:60,0
DA:61,0
DA:66,0
DA:68,0
DA:81,0
DA:82,0
DA:83,0
DA:84,0
DA:88,0
DA:89,0
DA:95,0
DA:96,0
DA:101,0
DA:103,0
DA:104,0
DA:105,0
DA:106,0
DA:110,0
DA:111,0
DA:112,0
DA:113,0
DA:114,0
DA:117,0
DA:121,0
DA:122,0
DA:124,0
DA:125,0
DA:126,0
DA:132,0
DA:133,0
DA:134,0
DA:135,0
DA:136,0
DA:137,0
DA:138,0
DA:147,0
DA:148,0
DA:150,0
DA:153,0
DA:158,0
DA:162,0
LF:69
LH:4
BRDA:31,0,0,0
BRDA:31,0,1,0
BRDA:31,1,0,0
BRDA:31,1,1,0
BRDA:41,2,0,0
BRDA:41,2,1,0
BRDA:53,3,0,0
BRDA:53,3,1,0
BRDA:53,4,0,0
BRDA:53,4,1,0
BRDA:58,5,0,0
BRDA:58,5,1,0
BRDA:81,6,0,0
BRDA:81,6,1,0
BRDA:82,7,0,0
BRDA:82,7,1,0
BRDA:103,8,0,0
BRDA:103,8,1,0
BRDA:103,8,2,0
BRDA:112,9,0,0
BRDA:112,9,1,0
BRDA:125,10,0,0
BRDA:125,10,1,0
BRDA:133,11,0,0
BRDA:133,11,1,0
BRDA:133,12,0,0
BRDA:133,12,1,0
BRDA:137,13,0,0
BRDA:137,13,1,0
BRF:29
BRH:0
end_of_record
TN:
SF:src\hooks\useWebSocket.ts
FN:29,useWebSocket
FN:56,(anonymous_1)
FN:66,(anonymous_2)
FN:84,(anonymous_3)
FN:89,(anonymous_4)
FN:110,(anonymous_5)
FN:123,(anonymous_6)
FN:144,(anonymous_7)
FN:153,(anonymous_8)
FN:170,(anonymous_9)
FN:171,(anonymous_10)
FN:188,(anonymous_11)
FN:198,(anonymous_12)
FN:214,(anonymous_13)
FN:234,(anonymous_14)
FN:239,(anonymous_15)
FN:243,(anonymous_16)
FNF:17
FNH:1
FNDA:6,useWebSocket
FNDA:0,(anonymous_1)
FNDA:0,(anonymous_2)
FNDA:0,(anonymous_3)
FNDA:0,(anonymous_4)
FNDA:0,(anonymous_5)
FNDA:0,(anonymous_6)
FNDA:0,(anonymous_7)
FNDA:0,(anonymous_8)
FNDA:0,(anonymous_9)
FNDA:0,(anonymous_10)
FNDA:0,(anonymous_11)
FNDA:0,(anonymous_12)
FNDA:0,(anonymous_13)
FNDA:0,(anonymous_14)
FNDA:0,(anonymous_15)
FNDA:0,(anonymous_16)
DA:38,6
DA:40,6
DA:41,0
DA:42,0
DA:47,0
DA:48,0
DA:49,0
DA:50,0
DA:51,0
DA:56,0
DA:57,0
DA:59,0
DA:60,0
DA:62,0
DA:64,0
DA:66,0
DA:67,0
DA:68,0
DA:69,0
DA:70,0
DA:73,0
DA:81,0
DA:84,0
DA:85,0
DA:86,0
DA:89,0
DA:95,0
DA:98,0
DA:99,0
DA:100,0
DA:101,0
DA:102,0
DA:103,0
DA:106,0
DA:110,0
DA:111,0
DA:112,0
DA:113,0
DA:115,0
DA:123,0
DA:124,0
DA:125,0
DA:126,0
DA:129,0
DA:132,0
DA:134,0
DA:135,0
DA:136,0
DA:137,0
DA:144,0
DA:145,0
DA:146,0
DA:147,0
DA:149,0
DA:153,0
DA:154,0
DA:157,0
DA:158,0
DA:170,0
DA:171,0
DA:172,0
DA:174,0
DA:188,0
DA:189,0
DA:190,0
DA:191,0
DA:198,0
DA:199,0
DA:200,0
DA:201,0
DA:202,0
DA:204,0
DA:207,0
DA:214,0
DA:215,0
DA:217,0
DA:219,0
DA:220,0
DA:223,0
DA:224,0
DA:225,0
DA:228,0
DA:234,0
DA:235,0
DA:239,0
DA:240,0
DA:243,0
DA:244,0
DA:248,0
LF:89
LH:2
BRDA:32,0,0,6
BRDA:35,1,0,6
BRDA:36,2,0,6
BRDA:37,3,0,6
BRDA:59,4,0,0
BRDA:59,4,1,0
BRDA:98,5,0,0
BRDA:98,5,1,0
BRDA:100,6,0,0
BRDA:100,6,1,0
BRDA:102,7,0,0
BRDA:102,7,1,0
BRDA:145,8,0,0
BRDA:145,8,1,0
BRDA:172,9,0,0
BRDA:172,9,1,0
BRDA:189,10,0,0
BRDA:189,10,1,0
BRDA:199,11,0,0
BRDA:199,11,1,0
BRDA:219,12,0,0
BRDA:219,12,1,0
BRDA:223,13,0,0
BRDA:223,13,1,0
BRF:24
BRH:4
end_of_record
TN:
SF:src\hooks\useWeekendCache.ts
FN:14,(anonymous_0)
FN:18,(anonymous_1)
FN:22,(anonymous_2)
FN:46,(anonymous_3)
FN:60,(anonymous_4)
FNF:5
FNH:1
FNDA:6,(anonymous_0)
FNDA:0,(anonymous_1)
FNDA:0,(anonymous_2)
FNDA:0,(anonymous_3)
FNDA:0,(anonymous_4)
DA:5,2
DA:6,2
DA:14,2
DA:15,6
DA:16,0
DA:18,0
DA:19,0
DA:22,0
DA:23,0
DA:24,0
DA:25,0
DA:26,0
DA:27,0
DA:30,0
DA:31,0
DA:32,0
DA:34,0
DA:35,0
DA:37,0
DA:40,0
DA:42,0
DA:46,0
DA:47,0
DA:48,0
DA:53,0
DA:54,0
DA:56,0
DA:60,0
DA:61,0
DA:62,0
DA:63,0
DA:65,0
DA:69,0
LF:33
LH:4
BRDA:25,0,0,0
BRDA:25,0,1,0
BRDA:34,1,0,0
BRDA:34,1,1,0
BRDA:34,2,0,0
BRDA:34,2,1,0
BRF:6
BRH:0
end_of_record
TN:
SF:src\navigation\types.ts
FN:99,(anonymous_0)
FNF:1
FNH:0
FNDA:0,(anonymous_0)
DA:65,2
DA:99,2
DA:100,0
LF:3
LH:2
BRF:0
BRH:0
end_of_record
TN:
SF:src\screens\DashboardScreen.tsx
FN:31,DashboardScreen
FN:41,(anonymous_1)
FN:47,(anonymous_2)
FN:66,(anonymous_3)
FN:71,(anonymous_4)
FN:76,(anonymous_5)
FN:116,(anonymous_6)
FN:119,(anonymous_7)
FN:124,(anonymous_8)
FN:128,(anonymous_9)
FN:161,(anonymous_10)
FN:209,(anonymous_11)
FNF:12
FNH:0
FNDA:0,DashboardScreen
FNDA:0,(anonymous_1)
FNDA:0,(anonymous_2)
FNDA:0,(anonymous_3)
FNDA:0,(anonymous_4)
FNDA:0,(anonymous_5)
FNDA:0,(anonymous_6)
FNDA:0,(anonymous_7)
FNDA:0,(anonymous_8)
FNDA:0,(anonymous_9)
FNDA:0,(anonymous_10)
FNDA:0,(anonymous_11)
DA:32,0
DA:33,0
DA:34,0
DA:35,0
DA:37,0
DA:38,0
DA:39,0
DA:41,0
DA:42,0
DA:43,0
DA:47,0
DA:48,0
DA:49,0
DA:50,0
DA:55,0
DA:57,0
DA:58,0
DA:59,0
DA:61,0
DA:62,0
DA:66,0
DA:67,0
DA:68,0
DA:71,0
DA:72,0
DA:73,0
DA:76,0
DA:78,0
DA:83,0
DA:84,0
DA:93,0
DA:94,0
DA:112,0
DA:117,0
DA:119,0
DA:124,0
DA:129,0
DA:161,0
DA:210,0
DA:226,1
LF:40
LH:1
BRDA:42,0,0,0
BRDA:42,0,1,0
BRDA:55,1,0,0
BRDA:55,1,1,0
BRDA:57,2,0,0
BRDA:57,2,1,0
BRDA:57,2,2,0
BRDA:83,3,0,0
BRDA:83,3,1,0
BRDA:93,4,0,0
BRDA:93,4,1,0
BRDA:93,5,0,0
BRDA:93,5,1,0
BRDA:126,6,0,0
BRDA:126,6,1,0
BRDA:170,7,0,0
BRDA:170,7,1,0
BRDA:191,8,0,0
BRDA:191,8,1,0
BRF:19
BRH:0
end_of_record
TN:
SF:src\screens\NotificationHistoryScreen.tsx
FN:20,NotificationHistoryScreen
FN:31,(anonymous_1)
FN:34,(anonymous_2)
FN:38,(anonymous_3)
FN:42,(anonymous_4)
FN:46,(anonymous_5)
FN:61,(anonymous_6)
FN:67,(anonymous_7)
FN:91,(anonymous_8)
FN:143,(anonymous_9)
FN:157,(anonymous_10)
FNF:11
FNH:0
FNDA:0,NotificationHistoryScreen
FNDA:0,(anonymous_1)
FNDA:0,(anonymous_2)
FNDA:0,(anonymous_3)
FNDA:0,(anonymous_4)
FNDA:0,(anonymous_5)
FNDA:0,(anonymous_6)
FNDA:0,(anonymous_7)
FNDA:0,(anonymous_8)
FNDA:0,(anonymous_9)
FNDA:0,(anonymous_10)
DA:28,0
DA:29,0
DA:31,0
DA:32,0
DA:34,0
DA:35,0
DA:38,0
DA:39,0
DA:42,0
DA:43,0
DA:46,0
DA:47,0
DA:48,0
DA:49,0
DA:50,0
DA:51,0
DA:53,0
DA:54,0
DA:55,0
DA:56,0
DA:58,0
DA:61,0
DA:62,0
DA:67,0
DA:91,0
DA:92,0
DA:100,0
DA:101,0
DA:109,0
DA:110,0
DA:117,0
DA:143,0
DA:157,0
DA:163,2
LF:34
LH:1
BRDA:53,0,0,0
BRDA:53,0,1,0
BRDA:54,1,0,0
BRDA:54,1,1,0
BRDA:55,2,0,0
BRDA:55,2,1,0
BRDA:56,3,0,0
BRDA:56,3,1,0
BRDA:65,4,0,0
BRDA:65,4,1,0
BRDA:72,5,0,0
BRDA:72,5,1,0
BRDA:78,6,0,0
BRDA:78,6,1,0
BRDA:87,7,0,0
BRDA:87,7,1,0
BRDA:100,8,0,0
BRDA:100,8,1,0
BRDA:109,9,0,0
BRDA:109,9,1,0
BRDA:123,10,0,0
BRDA:123,10,1,0
BRDA:129,11,0,0
BRDA:129,11,1,0
BRDA:146,12,0,0
BRDA:146,12,1,0
BRF:26
BRH:0
end_of_record
TN:
SF:src\screens\PlayerDetailsScreen.tsx
FN:49,PlayerDetailsScreen
FN:55,(anonymous_1)
FN:59,(anonymous_2)
FN:71,(anonymous_3)
FNF:4
FNH:0
FNDA:0,PlayerDetailsScreen
FNDA:0,(anonymous_1)
FNDA:0,(anonymous_2)
FNDA:0,(anonymous_3)
DA:50,0
DA:51,0
DA:52,0
DA:53,0
DA:55,0
DA:56,0
DA:59,0
DA:60,0
DA:61,0
DA:62,0
DA:63,0
DA:65,0
DA:67,0
DA:71,0
DA:72,0
DA:73,0
DA:74,0
DA:77,0
DA:78,0
DA:85,0
DA:251,1
LF:21
LH:1
BRDA:77,0,0,0
BRDA:77,0,1,0
BRDA:77,1,0,0
BRDA:77,1,1,0
BRDA:91,2,0,0
BRDA:91,2,1,0
BRDA:201,3,0,0
BRDA:201,3,1,0
BRDA:201,3,2,0
BRDA:225,4,0,0
BRDA:225,4,1,0
BRF:11
BRH:0
end_of_record
TN:
SF:src\screens\TeamDetailsScreen.tsx
FN:105,TeamDetailsScreen
FN:118,(anonymous_1)
FN:122,(anonymous_2)
FN:138,(anonymous_3)
FN:152,(anonymous_4)
FN:212,(anonymous_5)
FNF:6
FNH:0
FNDA:0,TeamDetailsScreen
FNDA:0,(anonymous_1)
FNDA:0,(anonymous_2)
FNDA:0,(anonymous_3)
FNDA:0,(anonymous_4)
FNDA:0,(anonymous_5)
DA:109,0
DA:110,0
DA:111,0
DA:112,0
DA:113,0
DA:114,0
DA:115,0
DA:116,0
DA:118,0
DA:119,0
DA:122,0
DA:123,0
DA:124,0
DA:125,0
DA:129,0
DA:130,0
DA:132,0
DA:134,0
DA:138,0
DA:139,0
DA:140,0
DA:141,0
DA:144,0
DA:145,0
DA:152,0
DA:153,0
DA:154,0
DA:155,0
DA:158,0
DA:213,0
DA:255,1
LF:31
LH:1
BRDA:144,0,0,0
BRDA:144,0,1,0
BRDA:144,1,0,0
BRDA:144,1,1,0
BRDA:153,2,0,0
BRDA:153,2,1,0
BRDA:154,3,0,0
BRDA:154,3,1,0
BRDA:164,4,0,0
BRDA:164,4,1,0
BRDA:172,5,0,0
BRDA:172,5,1,0
BRDA:236,6,0,0
BRDA:236,6,1,0
BRDA:236,6,2,0
BRF:15
BRH:0
end_of_record
TN:
SF:src\screens\auth\LoginScreen.tsx
FN:40,LoginScreen
FN:53,(anonymous_1)
FN:65,(anonymous_2)
FN:77,(anonymous_3)
FN:203,(anonymous_4)
FNF:5
FNH:0
FNDA:0,LoginScreen
FNDA:0,(anonymous_1)
FNDA:0,(anonymous_2)
FNDA:0,(anonymous_3)
FNDA:0,(anonymous_4)
DA:41,0
DA:42,0
DA:43,0
DA:44,0
DA:45,0
DA:47,0
DA:48,0
DA:53,0
DA:54,0
DA:55,0
DA:56,0
DA:58,0
DA:65,0
DA:66,0
DA:67,0
DA:68,0
DA:70,0
DA:77,0
DA:79,0
DA:80,0
DA:81,0
DA:84,0
DA:85,0
DA:86,0
DA:89,0
DA:90,0
DA:91,0
DA:94,0
DA:95,0
DA:96,0
DA:99,0
DA:100,0
DA:101,0
DA:102,0
DA:105,0
DA:106,0
DA:107,0
DA:108,0
DA:110,0
DA:117,0
DA:119,0
DA:203,0
DA:217,2
LF:43
LH:1
BRDA:55,0,0,0
BRDA:55,0,1,0
BRDA:55,1,0,0
BRDA:55,1,1,0
BRDA:67,2,0,0
BRDA:67,2,1,0
BRDA:67,3,0,0
BRDA:67,3,1,0
BRDA:79,4,0,0
BRDA:79,4,1,0
BRDA:84,5,0,0
BRDA:84,5,1,0
BRDA:89,6,0,0
BRDA:89,6,1,0
BRDA:94,7,0,0
BRDA:94,7,1,0
BRDA:105,8,0,0
BRDA:105,8,1,0
BRDA:117,9,0,0
BRDA:117,9,1,0
BRDA:117,9,2,0
BRDA:117,9,3,0
BRDA:121,10,0,0
BRDA:121,10,1,0
BRDA:182,11,0,0
BRDA:182,11,1,0
BRDA:185,12,0,0
BRDA:185,12,1,0
BRDA:190,13,0,0
BRDA:190,13,1,0
BRDA:192,14,0,0
BRDA:192,14,1,0
BRF:32
BRH:0
end_of_record
TN:
SF:src\screens\auth\RegisterScreen.tsx
FN:41,RegisterScreen
FN:57,(anonymous_1)
FN:69,(anonymous_2)
FN:88,(anonymous_3)
FN:100,(anonymous_4)
FN:264,(anonymous_5)
FNF:6
FNH:0
FNDA:0,RegisterScreen
FNDA:0,(anonymous_1)
FNDA:0,(anonymous_2)
FNDA:0,(anonymous_3)
FNDA:0,(anonymous_4)
FNDA:0,(anonymous_5)
DA:42,0
DA:43,0
DA:44,0
DA:45,0
DA:46,0
DA:47,0
DA:48,0
DA:49,0
DA:51,0
DA:52,0
DA:57,0
DA:58,0
DA:59,0
DA:60,0
DA:62,0
DA:69,0
DA:70,0
DA:71,0
DA:72,0
DA:74,0
DA:78,0
DA:79,0
DA:81,0
DA:88,0
DA:89,0
DA:90,0
DA:91,0
DA:93,0
DA:100,0
DA:102,0
DA:103,0
DA:104,0
DA:107,0
DA:108,0
DA:109,0
DA:112,0
DA:113,0
DA:114,0
DA:117,0
DA:118,0
DA:119,0
DA:122,0
DA:123,0
DA:124,0
DA:127,0
DA:128,0
DA:129,0
DA:132,0
DA:133,0
DA:134,0
DA:135,0
DA:138,0
DA:139,0
DA:141,0
DA:149,0
DA:157,0
DA:264,0
DA:278,1
LF:58
LH:1
BRDA:59,0,0,0
BRDA:59,0,1,0
BRDA:59,1,0,0
BRDA:59,1,1,0
BRDA:71,2,0,0
BRDA:71,2,1,0
BRDA:71,3,0,0
BRDA:71,3,1,0
BRDA:78,4,0,0
BRDA:78,4,1,0
BRDA:78,5,0,0
BRDA:78,5,1,0
BRDA:90,6,0,0
BRDA:90,6,1,0
BRDA:90,7,0,0
BRDA:90,7,1,0
BRDA:90,7,2,0
BRDA:102,8,0,0
BRDA:102,8,1,0
BRDA:107,9,0,0
BRDA:107,9,1,0
BRDA:112,10,0,0
BRDA:112,10,1,0
BRDA:117,11,0,0
BRDA:117,11,1,0
BRDA:122,12,0,0
BRDA:122,12,1,0
BRDA:127,13,0,0
BRDA:127,13,1,0
BRDA:134,14,0,0
BRDA:134,14,1,0
BRDA:138,15,0,0
BRDA:138,15,1,0
BRDA:149,16,0,0
BRDA:149,16,1,0
BRDA:149,16,2,0
BRDA:149,16,3,0
BRDA:149,16,4,0
BRDA:149,16,5,0
BRDA:149,16,6,0
BRDA:159,17,0,0
BRDA:159,17,1,0
BRDA:232,18,0,0
BRDA:232,18,1,0
BRDA:232,18,2,0
BRDA:243,19,0,0
BRDA:243,19,1,0
BRDA:246,20,0,0
BRDA:246,20,1,0
BRDA:251,21,0,0
BRDA:251,21,1,0
BRDA:253,22,0,0
BRDA:253,22,1,0
BRF:53
BRH:0
end_of_record
TN:
SF:src\services\api.ts
FN:16,(anonymous_0)
FN:91,(anonymous_1)
FN:97,(anonymous_2)
FN:103,(anonymous_3)
FN:109,(anonymous_4)
FN:119,(anonymous_5)
FN:126,(anonymous_6)
FN:127,(anonymous_7)
FN:142,(anonymous_8)
FN:158,(anonymous_9)
FN:162,(anonymous_10)
FN:166,(anonymous_11)
FN:191,(anonymous_12)
FN:195,(anonymous_13)
FN:199,(anonymous_14)
FN:203,(anonymous_15)
FN:207,(anonymous_16)
FN:211,(anonymous_17)
FN:215,(anonymous_18)
FN:219,(anonymous_19)
FN:263,(anonymous_20)
FN:267,(anonymous_21)
FN:271,(anonymous_22)
FN:275,(anonymous_23)
FN:279,(anonymous_24)
FN:313,(anonymous_25)
FN:317,(anonymous_26)
FN:323,(anonymous_27)
FN:327,(anonymous_28)
FN:331,(anonymous_29)
FN:360,(anonymous_30)
FN:364,(anonymous_31)
FN:368,(anonymous_32)
FN:376,(anonymous_33)
FN:380,(anonymous_34)
FN:409,(anonymous_35)
FN:414,(anonymous_36)
FN:425,(anonymous_37)
FN:434,(anonymous_38)
FN:439,(anonymous_39)
FN:453,(anonymous_40)
FN:458,(anonymous_41)
FN:497,(anonymous_42)
FN:502,(anonymous_43)
FN:507,(anonymous_44)
FN:512,(anonymous_45)
FN:519,(anonymous_46)
FN:529,(anonymous_47)
FN:530,(anonymous_48)
FNF:49
FNH:0
FNDA:0,(anonymous_0)
FNDA:0,(anonymous_1)
FNDA:0,(anonymous_2)
FNDA:0,(anonymous_3)
FNDA:0,(anonymous_4)
FNDA:0,(anonymous_5)
FNDA:0,(anonymous_6)
FNDA:0,(anonymous_7)
FNDA:0,(anonymous_8)
FNDA:0,(anonymous_9)
FNDA:0,(anonymous_10)
FNDA:0,(anonymous_11)
FNDA:0,(anonymous_12)
FNDA:0,(anonymous_13)
FNDA:0,(anonymous_14)
FNDA:0,(anonymous_15)
FNDA:0,(anonymous_16)
FNDA:0,(anonymous_17)
FNDA:0,(anonymous_18)
FNDA:0,(anonymous_19)
FNDA:0,(anonymous_20)
FNDA:0,(anonymous_21)
FNDA:0,(anonymous_22)
FNDA:0,(anonymous_23)
FNDA:0,(anonymous_24)
FNDA:0,(anonymous_25)
FNDA:0,(anonymous_26)
FNDA:0,(anonymous_27)
FNDA:0,(anonymous_28)
FNDA:0,(anonymous_29)
FNDA:0,(anonymous_30)
FNDA:0,(anonymous_31)
FNDA:0,(anonymous_32)
FNDA:0,(anonymous_33)
FNDA:0,(anonymous_34)
FNDA:0,(anonymous_35)
FNDA:0,(anonymous_36)
FNDA:0,(anonymous_37)
FNDA:0,(anonymous_38)
FNDA:0,(anonymous_39)
FNDA:0,(anonymous_40)
FNDA:0,(anonymous_41)
FNDA:0,(anonymous_42)
FNDA:0,(anonymous_43)
FNDA:0,(anonymous_44)
FNDA:0,(anonymous_45)
FNDA:0,(anonymous_46)
FNDA:0,(anonymous_47)
FNDA:0,(anonymous_48)
DA:8,7
DA:13,7
DA:16,7
DA:17,0
DA:18,0
DA:19,0
DA:89,7
DA:92,0
DA:93,0
DA:98,0
DA:99,0
DA:104,0
DA:105,0
DA:110,0
DA:111,0
DA:125,0
DA:126,0
DA:127,0
DA:128,0
DA:129,0
DA:130,0
DA:131,0
DA:133,0
DA:134,0
DA:135,0
DA:136,0
DA:137,0
DA:138,0
DA:139,0
DA:140,0
DA:141,0
DA:142,0
DA:143,0
DA:146,0
DA:147,0
DA:157,7
DA:159,0
DA:160,0
DA:163,0
DA:164,0
DA:167,0
DA:168,0
DA:190,7
DA:192,0
DA:193,0
DA:196,0
DA:197,0
DA:200,0
DA:201,0
DA:204,0
DA:205,0
DA:208,0
DA:209,0
DA:212,0
DA:213,0
DA:216,0
DA:217,0
DA:220,0
DA:221,0
DA:262,7
DA:264,0
DA:265,0
DA:268,0
DA:269,0
DA:272,0
DA:273,0
DA:276,0
DA:277,0
DA:280,0
DA:281,0
DA:312,7
DA:314,0
DA:315,0
DA:318,0
DA:321,0
DA:324,0
DA:325,0
DA:328,0
DA:329,0
DA:332,0
DA:333,0
DA:359,7
DA:361,0
DA:362,0
DA:365,0
DA:366,0
DA:369,0
DA:374,0
DA:377,0
DA:378,0
DA:381,0
DA:382,0
DA:408,7
DA:410,0
DA:411,0
DA:415,0
DA:416,0
DA:417,0
DA:418,0
DA:419,0
DA:422,0
DA:426,0
DA:427,0
DA:429,0
DA:430,0
DA:435,0
DA:436,0
DA:440,0
DA:441,0
DA:443,0
DA:444,0
DA:445,0
DA:446,0
DA:447,0
DA:450,0
DA:454,0
DA:455,0
DA:459,0
DA:496,7
DA:498,0
DA:499,0
DA:503,0
DA:504,0
DA:508,0
DA:509,0
DA:513,0
DA:516,0
DA:520,0
DA:521,0
DA:528,7
DA:529,0
DA:531,0
DA:534,0
DA:535,0
DA:536,0
DA:537,0
DA:538,0
DA:539,0
DA:540,0
DA:542,0
DA:543,0
DA:547,0
LF:142
LH:12
BRDA:8,0,0,7
BRDA:8,0,1,0
BRDA:18,1,0,0
BRDA:18,1,1,0
BRDA:103,2,0,0
BRDA:122,3,0,0
BRDA:123,4,0,0
BRDA:128,5,0,0
BRDA:128,5,1,0
BRDA:135,6,0,0
BRDA:135,6,1,0
BRDA:138,7,0,0
BRDA:138,7,1,0
BRDA:141,8,0,0
BRDA:141,8,1,0
BRDA:143,9,0,0
BRDA:143,9,1,0
BRDA:199,10,0,0
BRDA:279,11,0,0
BRDA:364,12,0,0
BRDA:416,13,0,0
BRDA:416,13,1,0
BRDA:418,14,0,0
BRDA:418,14,1,0
BRDA:441,15,0,0
BRDA:441,15,1,0
BRDA:444,16,0,0
BRDA:444,16,1,0
BRDA:446,17,0,0
BRDA:446,17,1,0
BRDA:497,18,0,0
BRDA:502,19,0,0
BRDA:507,20,0,0
BRDA:512,21,0,0
BRDA:534,22,0,0
BRDA:534,22,1,0
BRDA:534,23,0,0
BRDA:534,23,1,0
BRF:38
BRH:1
end_of_record
TN:
SF:src\theme\colors.ts
FN:67,confidenceColor
FN:74,formatProb
FNF:2
FNH:0
FNDA:0,confidenceColor
FNDA:0,formatProb
DA:6,14
DA:42,14
DA:44,14
DA:50,14
DA:59,14
DA:68,0
DA:69,0
DA:70,0
DA:75,0
DA:79,14
DA:86,14
DA:92,14
DA:126,14
LF:13
LH:9
BRDA:68,0,0,0
BRDA:68,0,1,0
BRDA:69,1,0,0
BRDA:69,1,1,0
BRF:4
BRH:0
end_of_record
TN:
SF:src\theme\index.ts
FNF:0
FNH:0
LF:0
LH:0
BRF:0
BRH:0
end_of_record
TN:
SF:src\theme\spacing.ts
FNF:0
FNH:0
DA:1,6
LF:1
LH:1
BRF:0
BRH:0
end_of_record
TN:
SF:src\theme\typography.ts
FNF:0
FNH:0
DA:3,9
LF:1
LH:1
BRF:0
BRH:0
end_of_record
TN:
SF:src\utils\validators.ts
FN:13,validateEmail
FN:28,validatePassword
FN:38,validateBetAmount
FN:49,validateOdds
FN:66,validateUsername
FN:81,validateRequired
FNF:6
FNH:0
FNDA:0,validateEmail
FNDA:0,validatePassword
FNDA:0,validateBetAmount
FNDA:0,validateOdds
FNDA:0,validateUsername
FNDA:0,validateRequired
DA:14,0
DA:15,0
DA:29,0
DA:39,0
DA:40,0
DA:50,0
DA:51,0
DA:67,0
DA:68,0
DA:71,0
DA:72,0
DA:82,0
LF:12
LH:0
BRDA:40,0,0,0
BRDA:40,0,1,0
BRDA:40,0,2,0
BRDA:51,1,0,0
BRDA:51,1,1,0
BRDA:67,2,0,0
BRDA:67,2,1,0
BRDA:67,3,0,0
BRDA:67,3,1,0
BRDA:67,3,2,0
BRDA:82,4,0,0
BRDA:82,4,1,0
BRF:12
BRH:0
end_of_record
